#
# There is insufficient memory for the Java Runtime Environment to continue.
# Native memory allocation (mmap) failed to map 58720256 bytes. Error detail: G1 virtual space
# Possible reasons:
#   The system is out of physical RAM or swap space
#   This process is running with CompressedOops enabled, and the Java Heap may be blocking the growth of the native heap
# Possible solutions:
#   Reduce memory load on the system
#   Increase physical memory or swap space
#   Check if swap backing store is full
#   Decrease Java heap size (-Xmx/-Xms)
#   Decrease number of Java threads
#   Decrease Java thread stack sizes (-Xss)
#   Set larger code cache with -XX:ReservedCodeCacheSize=
#   JVM is running with Unscaled Compressed Oops mode in which the Java heap is
#     placed in the first 4GB address space. The Java Heap base address is the
#     maximum limit for the native heap growth. Please use -XX:HeapBaseMinAddress
#     to set the Java Heap base and to place the Java Heap above 4GB virtual address.
# This output file may be truncated or incomplete.
#
#  Out of Memory Error (os_windows.cpp:3564), pid=10948, tid=12960
#
# JRE version:  (24.0.1+9) (build )
# Java VM: OpenJDK 64-Bit Server VM (24.0.1+9-30, mixed mode, sharing, tiered, compressed oops, compressed class ptrs, g1 gc, windows-amd64)
# No core dump will be written. Minidumps are not enabled by default on client versions of Windows
#

---------------  S U M M A R Y ------------

Command Line: -Dnet.bytebuddy.agent.attacher.dump= net.bytebuddy.agent.Attacher com.sun.tools.attach.VirtualMachine 6464 C:\Users\okaka victoria\.m2\repository\net\bytebuddy\byte-buddy-agent\1.15.11\byte-buddy-agent-1.15.11.jar false 

Host: AMD Athlon Silver 3050U with Radeon Graphics   , 2 cores, 3G,  Windows 10 , 64 bit Build 19041 (10.0.19041.5678)
Time: Tue Jun 10 16:32:57 2025 W. Central Africa Standard Time elapsed time: 0.023506 seconds (0d 0h 0m 0s)

---------------  T H R E A D  ---------------

Current thread (0x000001932bd29b10):  JavaThread "Unknown thread" [_thread_in_vm, id=12960, stack(0x00000038d5500000,0x00000038d5600000) (1024K)]

Stack: [0x00000038d5500000,0x00000038d5600000]
Native frames: (J=compiled Java code, j=interpreted, Vv=VM code, C=native code)
V  [jvm.dll+0x730739]  (no source info available)
V  [jvm.dll+0x8d9b23]  (no source info available)
V  [jvm.dll+0x8dc00d]  (no source info available)
V  [jvm.dll+0x8dc683]  (no source info available)
V  [jvm.dll+0x2aa086]  (no source info available)
V  [jvm.dll+0x72cc65]  (no source info available)
V  [jvm.dll+0x72059a]  (no source info available)
V  [jvm.dll+0x390cea]  (no source info available)
V  [jvm.dll+0x3989f6]  (no source info available)
V  [jvm.dll+0x38523e]  (no source info available)
V  [jvm.dll+0x3854f8]  (no source info available)
V  [jvm.dll+0x35d0cc]  (no source info available)
V  [jvm.dll+0x35dd8d]  (no source info available)
V  [jvm.dll+0x89d28f]  (no source info available)
V  [jvm.dll+0x3f985d]  (no source info available)
V  [jvm.dll+0x8858e6]  (no source info available)
V  [jvm.dll+0x495f3e]  (no source info available)
V  [jvm.dll+0x497d11]  (no source info available)
C  [jli.dll+0x52a1]  (no source info available)
C  [ucrtbase.dll+0x21bb2]  (no source info available)
C  [KERNEL32.DLL+0x17374]  (no source info available)
C  [ntdll.dll+0x4cc91]  (no source info available)

Lock stack of current Java thread (top to bottom):


---------------  P R O C E S S  ---------------

Threads class SMR info:
_java_thread_list=0x00007ffe94c6f318, length=0, elements={
}

Java Threads: ( => current thread )
Total: 0

Other Threads:
  0x000001932e07f3d0 WorkerThread "GC Thread#0"                     [id=17288, stack(0x00000038d5600000,0x00000038d5700000) (1024K)]
  0x000001932e088d00 ConcurrentGCThread "G1 Main Marker"            [id=9556, stack(0x00000038d5700000,0x00000038d5800000) (1024K)]
  0x000001932e089990 WorkerThread "G1 Conc#0"                       [id=6264, stack(0x00000038d5800000,0x00000038d5900000) (1024K)]

[error occurred during error reporting (printing all threads), id 0xc0000005, EXCEPTION_ACCESS_VIOLATION (0xc0000005) at pc=0x00007ffe943a14ea]
VM state: not at safepoint (not fully initialized)

VM Mutex/Monitor currently owned by a thread:  ([mutex/lock_event])
[0x00007ffe94cf45b0] Heap_lock - owner thread: 0x000001932bd29b10

Heap address: 0x00000000c9400000, size: 876 MB, Compressed Oops mode: 32-bit

CDS archive(s) mapped at: [0x0000000000000000-0x0000000000000000-0x0000000000000000), size 0, SharedBaseAddress: 0x0000000800000000, ArchiveRelocationMode: 1.
UseCompressedClassPointers 1, UseCompactObjectHeaders 0
Narrow klass pointer bits 32, Max shift 3
Narrow klass base: 0xffffffffffffffff, Narrow klass shift: -1
Encoding Range: [0xffffffffffffffff - 0x000000007fffffff), (2147483648 bytes)
Klass Range:    [0x0000000000000000 - 0x0000000000000000), (0 bytes)
Klass ID Range:  [4294967295 - 0) (1)

GC Precious Log:
 CardTable entry size: 512
 Card Set container configuration: InlinePtr #cards 5 size 8 Array Of Cards #cards 10 size 36 Howl #buckets 4 coarsen threshold 1843 Howl Bitmap #cards 512 size 80 coarsen threshold 460 Card regions per heap region 1 cards per card region 2048

Heap:
 garbage-first heap   total reserved 897024K, committed 0K, used 0K [0x00000000c9400000, 0x0000000100000000)
  region size 1024K, 0 young (0K), 0 survivors (0K)

[error occurred during error reporting (printing heap information), id 0xc0000005, EXCEPTION_ACCESS_VIOLATION (0xc0000005) at pc=0x00007ffe947be3e9]
GC Heap History (0 events):
No events

Dll operation events (1 events):
Event: 0.016 Loaded shared library C:\Users\okaka victoria\.jdks\openjdk-24.0.1\bin\java.dll

Deoptimization events (0 events):
No events

Classes loaded (0 events):
No events

Classes unloaded (0 events):
No events

Classes redefined (0 events):
No events

Internal exceptions (0 events):
No events

VM Operations (0 events):
No events

Memory protections (0 events):
No events

Nmethod flushes (0 events):
No events

Events (0 events):
No events


Dynamic libraries:
0x00007ff777480000 - 0x00007ff77748e000 	C:\Users\okaka victoria\.jdks\openjdk-24.0.1\bin\java.exe
0x00007ffec3990000 - 0x00007ffec3b88000 	C:\WINDOWS\SYSTEM32\ntdll.dll
0x00007ffec2d30000 - 0x00007ffec2df2000 	C:\WINDOWS\System32\KERNEL32.DLL
0x00007ffec1300000 - 0x00007ffec15f6000 	C:\WINDOWS\System32\KERNELBASE.dll
0x00007ffec1010000 - 0x00007ffec1110000 	C:\WINDOWS\System32\ucrtbase.dll
0x00007ffeb92c0000 - 0x00007ffeb92db000 	C:\Users\okaka victoria\.jdks\openjdk-24.0.1\bin\VCRUNTIME140.dll
0x00007ffeba1f0000 - 0x00007ffeba206000 	C:\Users\okaka victoria\.jdks\openjdk-24.0.1\bin\jli.dll
0x00007ffec22f0000 - 0x00007ffec248d000 	C:\WINDOWS\System32\USER32.dll
0x00007ffec1940000 - 0x00007ffec1962000 	C:\WINDOWS\System32\win32u.dll
0x00007ffec3530000 - 0x00007ffec355b000 	C:\WINDOWS\System32\GDI32.dll
0x00007ffec1110000 - 0x00007ffec122a000 	C:\WINDOWS\System32\gdi32full.dll
0x00007ffec1760000 - 0x00007ffec17fd000 	C:\WINDOWS\System32\msvcp_win.dll
0x00007ffea4980000 - 0x00007ffea4c1a000 	C:\WINDOWS\WinSxS\amd64_microsoft.windows.common-controls_6595b64144ccf1df_6.0.19041.4355_none_60b8b9eb71f62e16\COMCTL32.dll
0x00007ffec1dd0000 - 0x00007ffec1e6e000 	C:\WINDOWS\System32\msvcrt.dll
0x00007ffec1da0000 - 0x00007ffec1dcf000 	C:\WINDOWS\System32\IMM32.DLL
0x00007ffebe140000 - 0x00007ffebe14c000 	C:\Users\okaka victoria\.jdks\openjdk-24.0.1\bin\vcruntime140_1.dll
0x00007ffea9940000 - 0x00007ffea99ce000 	C:\Users\okaka victoria\.jdks\openjdk-24.0.1\bin\msvcp140.dll
0x00007ffe94030000 - 0x00007ffe94dd2000 	C:\Users\okaka victoria\.jdks\openjdk-24.0.1\bin\server\jvm.dll
0x00007ffec3380000 - 0x00007ffec3431000 	C:\WINDOWS\System32\ADVAPI32.dll
0x00007ffec1d00000 - 0x00007ffec1d9f000 	C:\WINDOWS\System32\sechost.dll
0x00007ffec2eb0000 - 0x00007ffec2fd3000 	C:\WINDOWS\System32\RPCRT4.dll
0x00007ffec1970000 - 0x00007ffec1997000 	C:\WINDOWS\System32\bcrypt.dll
0x00007ffec30b0000 - 0x00007ffec311b000 	C:\WINDOWS\System32\WS2_32.dll
0x00007ffec0e70000 - 0x00007ffec0ebb000 	C:\WINDOWS\SYSTEM32\POWRPROF.dll
0x00007ffeb7840000 - 0x00007ffeb7867000 	C:\WINDOWS\SYSTEM32\WINMM.dll
0x00007ffeb7870000 - 0x00007ffeb787a000 	C:\WINDOWS\SYSTEM32\VERSION.dll
0x00007ffec0e50000 - 0x00007ffec0e62000 	C:\WINDOWS\SYSTEM32\UMPDC.dll
0x00007ffebee90000 - 0x00007ffebeea2000 	C:\WINDOWS\SYSTEM32\kernel.appcore.dll
0x00007ffebbb30000 - 0x00007ffebbb3a000 	C:\Users\okaka victoria\.jdks\openjdk-24.0.1\bin\jimage.dll
0x00007ffeb4810000 - 0x00007ffeb49f4000 	C:\WINDOWS\SYSTEM32\DBGHELP.DLL
0x00007ffea6e10000 - 0x00007ffea6e44000 	C:\WINDOWS\SYSTEM32\dbgcore.DLL
0x00007ffec1800000 - 0x00007ffec1882000 	C:\WINDOWS\System32\bcryptPrimitives.dll
0x00007ffeb8a60000 - 0x00007ffeb8a7e000 	C:\Users\okaka victoria\.jdks\openjdk-24.0.1\bin\java.dll
0x00007ffec3120000 - 0x00007ffec324b000 	C:\WINDOWS\System32\ole32.dll
0x00007ffec19a0000 - 0x00007ffec1cf5000 	C:\WINDOWS\System32\combase.dll
0x00007ffec25b0000 - 0x00007ffec2d1f000 	C:\WINDOWS\System32\SHELL32.dll

JVMTI agents: none

dbghelp: loaded successfully - version: 4.0.5 - missing functions: none
symbol engine: initialized successfully - sym options: 0x614 - pdb path: .;C:\Users\okaka victoria\.jdks\openjdk-24.0.1\bin;C:\WINDOWS\SYSTEM32;C:\WINDOWS\WinSxS\amd64_microsoft.windows.common-controls_6595b64144ccf1df_6.0.19041.4355_none_60b8b9eb71f62e16;C:\Users\okaka victoria\.jdks\openjdk-24.0.1\bin\server

VM Arguments:
jvm_args: -Dnet.bytebuddy.agent.attacher.dump= 
java_command: net.bytebuddy.agent.Attacher com.sun.tools.attach.VirtualMachine 6464 C:\Users\okaka victoria\.m2\repository\net\bytebuddy\byte-buddy-agent\1.15.11\byte-buddy-agent-1.15.11.jar false 
java_class_path (initial): C:\Users\okaka victoria\.m2\repository\net\bytebuddy\byte-buddy-agent\1.15.11\byte-buddy-agent-1.15.11.jar
Launcher Type: SUN_STANDARD

[Global flags]
     intx CICompilerCount                          = 2                                         {product} {ergonomic}
     uint ConcGCThreads                            = 1                                         {product} {ergonomic}
     uint G1ConcRefinementThreads                  = 2                                         {product} {ergonomic}
   size_t G1HeapRegionSize                         = 1048576                                   {product} {ergonomic}
   size_t InitialHeapSize                          = 58720256                                  {product} {ergonomic}
   size_t MarkStackSize                            = 4194304                                   {product} {ergonomic}
   size_t MarkStackSizeMax                         = 536870912                                 {product} {ergonomic}
   size_t MaxHeapSize                              = 918552576                                 {product} {ergonomic}
   size_t MinHeapDeltaBytes                        = 1048576                                   {product} {ergonomic}
   size_t MinHeapSize                              = 8388608                                   {product} {ergonomic}
    uintx NonNMethodCodeHeapSize                   = 5767168                                {pd product} {ergonomic}
    uintx NonProfiledCodeHeapSize                  = 123011072                              {pd product} {ergonomic}
    uintx ProfiledCodeHeapSize                     = 122880000                              {pd product} {ergonomic}
    uintx ReservedCodeCacheSize                    = 251658240                              {pd product} {ergonomic}
     bool SegmentedCodeCache                       = true                                      {product} {ergonomic}
   size_t SoftMaxHeapSize                          = 918552576                              {manageable} {ergonomic}
     bool UseCompressedOops                        = true                           {product lp64_product} {ergonomic}
     bool UseG1GC                                  = true                                      {product} {ergonomic}
     bool UseLargePagesIndividualAllocation        = false                                  {pd product} {ergonomic}

Logging:
Log output configuration:
 #0: stdout all=warning uptime,level,tags foldmultilines=false
 #1: stderr all=off uptime,level,tags foldmultilines=false

Environment Variables:
PATH=C:\Program Files\Common Files\Oracle\Java\javapath;C:\WINDOWS\system32;C:\WINDOWS;C:\WINDOWS\System32\Wbem;C:\WINDOWS\System32\WindowsPowerShell\v1.0\;C:\WINDOWS\System32\OpenSSH\;C:\Program Files\HP\HP One Agent;C:\Program Files\dotnet\;C:\Program Files\Git\cmd;C:\Program Files\nodejs\;C:\Program Files\MySQL\MySQL Shell 8.0\bin\;C:\Users\okaka victoria\AppData\Local\Programs\Python\Launcher\;C:\Users\okaka victoria\AppData\Local\Microsoft\WindowsApps;C:\Users\okaka victoria\AppData\Local\Programs\Microsoft VS Code\bin;C:\Users\okaka victoria\AppData\Roaming\npm
USERNAME=okaka victoria
OS=Windows_NT
PROCESSOR_IDENTIFIER=AMD64 Family 23 Model 24 Stepping 1, AuthenticAMD
TMP=C:\Users\OKAKAV~1\AppData\Local\Temp
TEMP=C:\Users\OKAKAV~1\AppData\Local\Temp




Periodic native trim disabled

---------------  S Y S T E M  ---------------

OS:
 Windows 10 , 64 bit Build 19041 (10.0.19041.5678)
OS uptime: 0 days 22:18 hours

CPU: total 2 (initial active 2) (2 cores per cpu, 1 threads per core) family 23 model 24 stepping 1 microcode 0x0, cx8, cmov, fxsr, mmx, 3dnowpref, sse, sse2, sse3, ssse3, sse4a, sse4.1, sse4.2, popcnt, lzcnt, tsc, tscinvbit, avx, avx2, aes, clmul, bmi1, bmi2, adx, sha, fma, vzeroupper, clflush, clflushopt, rdtscp, f16c
Processor Information for the first 2 processors :
  Max Mhz: 2300, Current Mhz: 2300, Mhz Limit: 2300

Memory: 4k page, system-wide physical 3499M (53M free)
TotalPageFile size 14251M (AvailPageFile size 48M)
current process WorkingSet (physical memory assigned to process): 11M, peak: 11M
current process commit charge ("private bytes"): 47M, peak: 103M

vm_info: OpenJDK 64-Bit Server VM (24.0.1+9-30) for windows-amd64 JRE (24.0.1+9-30), built on 2025-03-05T07:23:45Z with MS VC++ 17.6 (VS2022)

END.
