#
# There is insufficient memory for the Java Runtime Environment to continue.
# Native memory allocation (malloc) failed to allocate 16981136 bytes. Error detail: Chunk::new
# Possible reasons:
#   The system is out of physical RAM or swap space
#   This process is running with CompressedOops enabled, and the Java Heap may be blocking the growth of the native heap
# Possible solutions:
#   Reduce memory load on the system
#   Increase physical memory or swap space
#   Check if swap backing store is full
#   Decrease Java heap size (-Xmx/-Xms)
#   Decrease number of Java threads
#   Decrease Java thread stack sizes (-Xss)
#   Set larger code cache with -XX:ReservedCodeCacheSize=
#   JVM is running with Unscaled Compressed Oops mode in which the Java heap is
#     placed in the first 4GB address space. The Java Heap base address is the
#     maximum limit for the native heap growth. Please use -XX:HeapBaseMinAddress
#     to set the Java Heap base and to place the Java Heap above 4GB virtual address.
# This output file may be truncated or incomplete.
#
#  Out of Memory Error (arena.cpp:162), pid=9404, tid=13600
#
# JRE version: OpenJDK Runtime Environment (24.0.1+9) (build 24.0.1+9-30)
# Java VM: OpenJDK 64-Bit Server VM (24.0.1+9-30, mixed mode, sharing, tiered, compressed oops, compressed class ptrs, g1 gc, windows-amd64)
# No core dump will be written. Minidumps are not enabled by default on client versions of Windows
#

---------------  S U M M A R Y ------------

Command Line: -ea -Didea.test.cyclic.buffer.size=1048576 -javaagent:C:\Program Files\JetBrains\IntelliJ IDEA 2024.3.5\lib\idea_rt.jar=55519 -javaagent:C:\Users\OKAKAV~1\AppData\Local\Temp\captureAgentjars\debugger-agent.jar -Dkotlinx.coroutines.debug.enable.creation.stack.trace=false -Ddebugger.agent.enable.coroutines=true -Dkotlinx.coroutines.debug.enable.flows.stack.trace=true -Dkotlinx.coroutines.debug.enable.mutable.state.flows.stack.trace=true -Dfile.encoding=UTF-8 -Dsun.stdout.encoding=UTF-8 -Dsun.stderr.encoding=UTF-8 com.intellij.rt.junit.JUnitStarter -ideVersion5 -junit5 com.codewithfavour.service.LiberianServiceImplTest,toLoginAsALibarian

Host: AMD Athlon Silver 3050U with Radeon Graphics   , 2 cores, 3G,  Windows 10 , 64 bit Build 19041 (10.0.19041.5678)
Time: Sun Jun 15 23:16:25 2025 W. Central Africa Standard Time elapsed time: 4.509334 seconds (0d 0h 0m 4s)

---------------  T H R E A D  ---------------

Current thread (0x000001b2c1148120):  JavaThread "C2 CompilerThread0" daemon [_thread_in_native, id=13600, stack(0x0000003f73e00000,0x0000003f73f00000) (1024K)]


Current CompileTask:
C2:4509 1992       4       java.lang.invoke.MethodType::methodType (69 bytes)

Stack: [0x0000003f73e00000,0x0000003f73f00000]
Native frames: (J=compiled Java code, j=interpreted, Vv=VM code, C=native code)
V  [jvm.dll+0x730739]  (no source info available)
V  [jvm.dll+0x8d9b23]  (no source info available)
V  [jvm.dll+0x8dc00d]  (no source info available)
V  [jvm.dll+0x8dc683]  (no source info available)
V  [jvm.dll+0x2aa086]  (no source info available)
V  [jvm.dll+0xcedef]  (no source info available)
V  [jvm.dll+0xcf04f]  (no source info available)
V  [jvm.dll+0x154d83]  (no source info available)
V  [jvm.dll+0x735f5f]  (no source info available)
V  [jvm.dll+0x26fa1c]  (no source info available)
V  [jvm.dll+0x26ea3f]  (no source info available)
V  [jvm.dll+0x1e9d60]  (no source info available)
V  [jvm.dll+0x27e1fb]  (no source info available)
V  [jvm.dll+0x27c49a]  (no source info available)
V  [jvm.dll+0x42f456]  (no source info available)
V  [jvm.dll+0x87d76b]  (no source info available)
V  [jvm.dll+0x72ee55]  (no source info available)
C  [ucrtbase.dll+0x21bb2]  (no source info available)
C  [KERNEL32.DLL+0x17374]  (no source info available)
C  [ntdll.dll+0x4cc91]  (no source info available)

Lock stack of current Java thread (top to bottom):


---------------  P R O C E S S  ---------------

Threads class SMR info:
_java_thread_list=0x000001b2c14687e0, length=12, elements={
0x000001b2c4a7b1b0, 0x000001b2c6e092a0, 0x000001b2c6e0bff0, 0x000001b2c1120740,
0x000001b2c111e340, 0x000001b2c111f1c0, 0x000001b2c1144ea0, 0x000001b2c1148120,
0x000001b2c114da60, 0x000001b2c13dc680, 0x000001b2c13f44a0, 0x000001b2c1492cc0
}

Java Threads: ( => current thread )
  0x000001b2c4a7b1b0 JavaThread "main"                              [_thread_in_vm, id=5516, stack(0x0000003f73000000,0x0000003f73100000) (1024K)]
  0x000001b2c6e092a0 JavaThread "Reference Handler"          daemon [_thread_blocked, id=3352, stack(0x0000003f73800000,0x0000003f73900000) (1024K)]
  0x000001b2c6e0bff0 JavaThread "Finalizer"                  daemon [_thread_blocked, id=4112, stack(0x0000003f73900000,0x0000003f73a00000) (1024K)]
  0x000001b2c1120740 JavaThread "Signal Dispatcher"          daemon [_thread_blocked, id=8928, stack(0x0000003f73a00000,0x0000003f73b00000) (1024K)]
  0x000001b2c111e340 JavaThread "Attach Listener"            daemon [_thread_blocked, id=11600, stack(0x0000003f73b00000,0x0000003f73c00000) (1024K)]
  0x000001b2c111f1c0 JavaThread "Service Thread"             daemon [_thread_blocked, id=11364, stack(0x0000003f73c00000,0x0000003f73d00000) (1024K)]
  0x000001b2c1144ea0 JavaThread "Monitor Deflation Thread"   daemon [_thread_blocked, id=12764, stack(0x0000003f73d00000,0x0000003f73e00000) (1024K)]
=>0x000001b2c1148120 JavaThread "C2 CompilerThread0"         daemon [_thread_in_native, id=13600, stack(0x0000003f73e00000,0x0000003f73f00000) (1024K)]
  0x000001b2c114da60 JavaThread "C1 CompilerThread0"         daemon [_thread_blocked, id=14180, stack(0x0000003f73f00000,0x0000003f74000000) (1024K)]
  0x000001b2c13dc680 JavaThread "Common-Cleaner"             daemon [_thread_blocked, id=6884, stack(0x0000003f74000000,0x0000003f74100000) (1024K)]
  0x000001b2c13f44a0 JavaThread "Monitor Ctrl-Break"         daemon [_thread_in_native, id=7552, stack(0x0000003f74100000,0x0000003f74200000) (1024K)]
  0x000001b2c1492cc0 JavaThread "Notification Thread"        daemon [_thread_blocked, id=9584, stack(0x0000003f74200000,0x0000003f74300000) (1024K)]
Total: 12

Other Threads:
  0x000001b2c6df7650 VMThread "VM Thread"                           [id=13872, stack(0x0000003f73700000,0x0000003f73800000) (1024K)]
  0x000001b2c6decb90 WatcherThread "VM Periodic Task Thread"        [id=12112, stack(0x0000003f73600000,0x0000003f73700000) (1024K)]
  0x000001b2c6d8a420 WorkerThread "GC Thread#0"                     [id=6620, stack(0x0000003f73100000,0x0000003f73200000) (1024K)]
  0x000001b2c1f2be80 WorkerThread "GC Thread#1"                     [id=5608, stack(0x0000003f74300000,0x0000003f74400000) (1024K)]
  0x000001b2c4b3d620 ConcurrentGCThread "G1 Main Marker"            [id=13388, stack(0x0000003f73200000,0x0000003f73300000) (1024K)]
  0x000001b2c6d90ef0 WorkerThread "G1 Conc#0"                       [id=2448, stack(0x0000003f73300000,0x0000003f73400000) (1024K)]
  0x000001b2c6ddbd80 ConcurrentGCThread "G1 Refine#0"               [id=13436, stack(0x0000003f73400000,0x0000003f73500000) (1024K)]
  0x000001b2c6ddc990 ConcurrentGCThread "G1 Service"                [id=8628, stack(0x0000003f73500000,0x0000003f73600000) (1024K)]
Total: 8

Threads with active compile tasks:
C2 CompilerThread0  4645 1992       4       java.lang.invoke.MethodType::methodType (69 bytes)
Total: 1

VM state: not at safepoint (normal execution)

VM Mutex/Monitor currently owned by a thread: None

Heap address: 0x00000000c9400000, size: 876 MB, Compressed Oops mode: 32-bit

CDS archive(s) mapped at: [0x000001b280000000-0x000001b280d40000-0x000001b280d40000), size 13893632, SharedBaseAddress: 0x000001b280000000, ArchiveRelocationMode: 1.
Compressed class space mapped at: 0x000001b281000000-0x000001b2c1000000, reserved size: 1073741824
UseCompressedClassPointers 1, UseCompactObjectHeaders 0
Narrow klass pointer bits 32, Max shift 3
Narrow klass base: 0x000001b280000000, Narrow klass shift: 0
Encoding Range: [0x000001b280000000 - 0x000001b380000000), (4294967296 bytes)
Klass Range:    [0x000001b280000000 - 0x000001b2c1000000), (1090519040 bytes)
Klass ID Range:  [8 - 1090519033) (1090519025)

GC Precious Log:
 CardTable entry size: 512
 Card Set container configuration: InlinePtr #cards 5 size 8 Array Of Cards #cards 10 size 36 Howl #buckets 4 coarsen threshold 1843 Howl Bitmap #cards 512 size 80 coarsen threshold 460 Card regions per heap region 1 cards per card region 2048
 CPUs: 2 total, 2 available
 Memory: 3499M
 Large Page Support: Disabled
 NUMA Support: Disabled
 Compressed Oops: Enabled (32-bit)
 Heap Region Size: 1M
 Heap Min Capacity: 8M
 Heap Initial Capacity: 56M
 Heap Max Capacity: 876M
 Pre-touch: Disabled
 Parallel Workers: 2
 Concurrent Workers: 1
 Concurrent Refinement Workers: 2
 Periodic GC: Disabled

Heap:
 garbage-first heap   total reserved 897024K, committed 59392K, used 28739K [0x00000000c9400000, 0x0000000100000000)
  region size 1024K, 23 young (23552K), 2 survivors (2048K)
 Metaspace       used 13396K, committed 13632K, reserved 1114112K
  class space    used 1322K, committed 1408K, reserved 1048576K

Heap Regions: E=young(eden), S=young(survivor), O=old, HS=humongous(starts), HC=humongous(continues), CS=collection set, F=free, TAMS=top-at-mark-start, PB=parsable bottom
|   0|0x00000000c9400000, 0x00000000c9500000, 0x00000000c9500000|100%|HS|  |TAMS 0x00000000c9400000| PB 0x00000000c9400000| Complete |  0
|   1|0x00000000c9500000, 0x00000000c9600000, 0x00000000c9600000|100%| O|  |TAMS 0x00000000c9500000| PB 0x00000000c9500000| Untracked |  0
|   2|0x00000000c9600000, 0x00000000c9700000, 0x00000000c9700000|100%| O|  |TAMS 0x00000000c9600000| PB 0x00000000c9600000| Untracked |  0
|   3|0x00000000c9700000, 0x00000000c9800000, 0x00000000c9800000|100%| O|  |TAMS 0x00000000c9700000| PB 0x00000000c9700000| Untracked |  0
|   4|0x00000000c9800000, 0x00000000c9900000, 0x00000000c9900000|100%| O|  |TAMS 0x00000000c9800000| PB 0x00000000c9800000| Untracked |  0
|   5|0x00000000c9900000, 0x00000000c99b7338, 0x00000000c9a00000| 71%| O|  |TAMS 0x00000000c9900000| PB 0x00000000c9900000| Untracked |  0
|   6|0x00000000c9a00000, 0x00000000c9a00000, 0x00000000c9b00000|  0%| F|  |TAMS 0x00000000c9a00000| PB 0x00000000c9a00000| Untracked |  0
|   7|0x00000000c9b00000, 0x00000000c9b00000, 0x00000000c9c00000|  0%| F|  |TAMS 0x00000000c9b00000| PB 0x00000000c9b00000| Untracked |  0
|   8|0x00000000c9c00000, 0x00000000c9c00000, 0x00000000c9d00000|  0%| F|  |TAMS 0x00000000c9c00000| PB 0x00000000c9c00000| Untracked |  0
|   9|0x00000000c9d00000, 0x00000000c9d00000, 0x00000000c9e00000|  0%| F|  |TAMS 0x00000000c9d00000| PB 0x00000000c9d00000| Untracked |  0
|  10|0x00000000c9e00000, 0x00000000c9e00000, 0x00000000c9f00000|  0%| F|  |TAMS 0x00000000c9e00000| PB 0x00000000c9e00000| Untracked |  0
|  11|0x00000000c9f00000, 0x00000000c9f00000, 0x00000000ca000000|  0%| F|  |TAMS 0x00000000c9f00000| PB 0x00000000c9f00000| Untracked |  0
|  12|0x00000000ca000000, 0x00000000ca000000, 0x00000000ca100000|  0%| F|  |TAMS 0x00000000ca000000| PB 0x00000000ca000000| Untracked |  0
|  13|0x00000000ca100000, 0x00000000ca100000, 0x00000000ca200000|  0%| F|  |TAMS 0x00000000ca100000| PB 0x00000000ca100000| Untracked |  0
|  14|0x00000000ca200000, 0x00000000ca200000, 0x00000000ca300000|  0%| F|  |TAMS 0x00000000ca200000| PB 0x00000000ca200000| Untracked |  0
|  15|0x00000000ca300000, 0x00000000ca300000, 0x00000000ca400000|  0%| F|  |TAMS 0x00000000ca300000| PB 0x00000000ca300000| Untracked |  0
|  16|0x00000000ca400000, 0x00000000ca400000, 0x00000000ca500000|  0%| F|  |TAMS 0x00000000ca400000| PB 0x00000000ca400000| Untracked |  0
|  17|0x00000000ca500000, 0x00000000ca500000, 0x00000000ca600000|  0%| F|  |TAMS 0x00000000ca500000| PB 0x00000000ca500000| Untracked |  0
|  18|0x00000000ca600000, 0x00000000ca600000, 0x00000000ca700000|  0%| F|  |TAMS 0x00000000ca600000| PB 0x00000000ca600000| Untracked |  0
|  19|0x00000000ca700000, 0x00000000ca700000, 0x00000000ca800000|  0%| F|  |TAMS 0x00000000ca700000| PB 0x00000000ca700000| Untracked |  0
|  20|0x00000000ca800000, 0x00000000ca800000, 0x00000000ca900000|  0%| F|  |TAMS 0x00000000ca800000| PB 0x00000000ca800000| Untracked |  0
|  21|0x00000000ca900000, 0x00000000ca900000, 0x00000000caa00000|  0%| F|  |TAMS 0x00000000ca900000| PB 0x00000000ca900000| Untracked |  0
|  22|0x00000000caa00000, 0x00000000caa00000, 0x00000000cab00000|  0%| F|  |TAMS 0x00000000caa00000| PB 0x00000000caa00000| Untracked |  0
|  23|0x00000000cab00000, 0x00000000cab00000, 0x00000000cac00000|  0%| F|  |TAMS 0x00000000cab00000| PB 0x00000000cab00000| Untracked |  0
|  24|0x00000000cac00000, 0x00000000cac00000, 0x00000000cad00000|  0%| F|  |TAMS 0x00000000cac00000| PB 0x00000000cac00000| Untracked |  0
|  25|0x00000000cad00000, 0x00000000cad00000, 0x00000000cae00000|  0%| F|  |TAMS 0x00000000cad00000| PB 0x00000000cad00000| Untracked |  0
|  26|0x00000000cae00000, 0x00000000cae00000, 0x00000000caf00000|  0%| F|  |TAMS 0x00000000cae00000| PB 0x00000000cae00000| Untracked |  0
|  27|0x00000000caf00000, 0x00000000caf00000, 0x00000000cb000000|  0%| F|  |TAMS 0x00000000caf00000| PB 0x00000000caf00000| Untracked |  0
|  28|0x00000000cb000000, 0x00000000cb000000, 0x00000000cb100000|  0%| F|  |TAMS 0x00000000cb000000| PB 0x00000000cb000000| Untracked |  0
|  29|0x00000000cb100000, 0x00000000cb100000, 0x00000000cb200000|  0%| F|  |TAMS 0x00000000cb100000| PB 0x00000000cb100000| Untracked |  0
|  30|0x00000000cb200000, 0x00000000cb200000, 0x00000000cb300000|  0%| F|  |TAMS 0x00000000cb200000| PB 0x00000000cb200000| Untracked |  0
|  31|0x00000000cb300000, 0x00000000cb300000, 0x00000000cb400000|  0%| F|  |TAMS 0x00000000cb300000| PB 0x00000000cb300000| Untracked |  0
|  32|0x00000000cb400000, 0x00000000cb43d740, 0x00000000cb500000| 24%| S|CS|TAMS 0x00000000cb400000| PB 0x00000000cb400000| Complete |  0
|  33|0x00000000cb500000, 0x00000000cb600000, 0x00000000cb600000|100%| S|CS|TAMS 0x00000000cb500000| PB 0x00000000cb500000| Complete |  0
|  34|0x00000000cb600000, 0x00000000cb600000, 0x00000000cb700000|  0%| F|  |TAMS 0x00000000cb600000| PB 0x00000000cb600000| Untracked |  0
|  35|0x00000000cb700000, 0x00000000cb800000, 0x00000000cb800000|100%| E|  |TAMS 0x00000000cb700000| PB 0x00000000cb700000| Complete |  0
|  36|0x00000000cb800000, 0x00000000cb900000, 0x00000000cb900000|100%| E|CS|TAMS 0x00000000cb800000| PB 0x00000000cb800000| Complete |  0
|  37|0x00000000cb900000, 0x00000000cba00000, 0x00000000cba00000|100%| E|CS|TAMS 0x00000000cb900000| PB 0x00000000cb900000| Complete |  0
|  38|0x00000000cba00000, 0x00000000cbb00000, 0x00000000cbb00000|100%| E|CS|TAMS 0x00000000cba00000| PB 0x00000000cba00000| Complete |  0
|  39|0x00000000cbb00000, 0x00000000cbc00000, 0x00000000cbc00000|100%| E|CS|TAMS 0x00000000cbb00000| PB 0x00000000cbb00000| Complete |  0
|  40|0x00000000cbc00000, 0x00000000cbd00000, 0x00000000cbd00000|100%| E|CS|TAMS 0x00000000cbc00000| PB 0x00000000cbc00000| Complete |  0
|  41|0x00000000cbd00000, 0x00000000cbe00000, 0x00000000cbe00000|100%| E|CS|TAMS 0x00000000cbd00000| PB 0x00000000cbd00000| Complete |  0
|  42|0x00000000cbe00000, 0x00000000cbf00000, 0x00000000cbf00000|100%| E|CS|TAMS 0x00000000cbe00000| PB 0x00000000cbe00000| Complete |  0
|  43|0x00000000cbf00000, 0x00000000cc000000, 0x00000000cc000000|100%| E|CS|TAMS 0x00000000cbf00000| PB 0x00000000cbf00000| Complete |  0
|  44|0x00000000cc000000, 0x00000000cc100000, 0x00000000cc100000|100%| E|CS|TAMS 0x00000000cc000000| PB 0x00000000cc000000| Complete |  0
|  45|0x00000000cc100000, 0x00000000cc200000, 0x00000000cc200000|100%| E|CS|TAMS 0x00000000cc100000| PB 0x00000000cc100000| Complete |  0
|  46|0x00000000cc200000, 0x00000000cc300000, 0x00000000cc300000|100%| E|CS|TAMS 0x00000000cc200000| PB 0x00000000cc200000| Complete |  0
|  47|0x00000000cc300000, 0x00000000cc400000, 0x00000000cc400000|100%| E|CS|TAMS 0x00000000cc300000| PB 0x00000000cc300000| Complete |  0
|  48|0x00000000cc400000, 0x00000000cc500000, 0x00000000cc500000|100%| E|CS|TAMS 0x00000000cc400000| PB 0x00000000cc400000| Complete |  0
|  49|0x00000000cc500000, 0x00000000cc600000, 0x00000000cc600000|100%| E|CS|TAMS 0x00000000cc500000| PB 0x00000000cc500000| Complete |  0
|  50|0x00000000cc600000, 0x00000000cc700000, 0x00000000cc700000|100%| E|CS|TAMS 0x00000000cc600000| PB 0x00000000cc600000| Complete |  0
|  51|0x00000000cc700000, 0x00000000cc800000, 0x00000000cc800000|100%| E|CS|TAMS 0x00000000cc700000| PB 0x00000000cc700000| Complete |  0
|  52|0x00000000cc800000, 0x00000000cc900000, 0x00000000cc900000|100%| E|CS|TAMS 0x00000000cc800000| PB 0x00000000cc800000| Complete |  0
|  53|0x00000000cc900000, 0x00000000cca00000, 0x00000000cca00000|100%| E|CS|TAMS 0x00000000cc900000| PB 0x00000000cc900000| Complete |  0
|  54|0x00000000cca00000, 0x00000000ccb00000, 0x00000000ccb00000|100%| E|CS|TAMS 0x00000000cca00000| PB 0x00000000cca00000| Complete |  0
|  55|0x00000000ccb00000, 0x00000000ccc00000, 0x00000000ccc00000|100%| E|CS|TAMS 0x00000000ccb00000| PB 0x00000000ccb00000| Complete |  0
| 874|0x00000000ffe00000, 0x00000000fff00000, 0x00000000fff00000|100%| O|  |TAMS 0x00000000ffe00000| PB 0x00000000ffe00000| Untracked |  0
| 875|0x00000000fff00000, 0x00000000fff1c288, 0x0000000100000000| 10%| O|  |TAMS 0x00000000fff00000| PB 0x00000000fff00000| Untracked |  0

Card table byte_map: [0x000001b2de5f0000,0x000001b2de7b0000] _byte_map_base: 0x000001b2ddfa6000

Marking Bits: (CMBitMap*) 0x000001b2c6d8aa40
 Bits: [0x000001b2de7b0000, 0x000001b2df560000)

Polling page: 0x000001b2c4de0000

Metaspace:

Usage:
  Non-class:     11.79 MB used.
      Class:      1.29 MB used.
       Both:     13.08 MB used.

Virtual space:
  Non-class space:       64.00 MB reserved,      11.94 MB ( 19%) committed,  1 nodes.
      Class space:        1.00 GB reserved,       1.38 MB ( <1%) committed,  1 nodes.
             Both:        1.06 GB reserved,      13.31 MB (  1%) committed. 

Chunk freelists:
   Non-Class:  3.66 MB
       Class:  14.60 MB
        Both:  18.25 MB

MaxMetaspaceSize: unlimited
CompressedClassSpaceSize: 1.00 GB
Initial GC threshold: 21.00 MB
Current GC threshold: 21.00 MB
CDS: on
 - commit_granule_bytes: 65536.
 - commit_granule_words: 8192.
 - virtual_space_node_default_size: 8388608.
 - enlarge_chunks_in_place: 1.
UseCompressedClassPointers 1, UseCompactObjectHeaders 0
Narrow klass pointer bits 32, Max shift 3
Narrow klass base: 0x000001b280000000, Narrow klass shift: 0
Encoding Range: [0x000001b280000000 - 0x000001b380000000), (4294967296 bytes)
Klass Range:    [0x000001b280000000 - 0x000001b2c1000000), (1090519040 bytes)
Klass ID Range:  [8 - 1090519033) (1090519025)


Internal statistics:

num_allocs_failed_limit: 0.
num_arena_births: 150.
num_arena_deaths: 0.
num_vsnodes_births: 2.
num_vsnodes_deaths: 0.
num_space_committed: 213.
num_space_uncommitted: 0.
num_chunks_returned_to_freelist: 0.
num_chunks_taken_from_freelist: 511.
num_chunk_merges: 0.
num_chunk_splits: 309.
num_chunks_enlarged: 228.
num_inconsistent_stats: 0.

CodeHeap 'non-profiled nmethods': size=120128Kb used=618Kb max_used=618Kb free=119509Kb
 bounds [0x000001b2d70a0000, 0x000001b2d7310000, 0x000001b2de5f0000]
CodeHeap 'profiled nmethods': size=120000Kb used=3389Kb max_used=3389Kb free=116610Kb
 bounds [0x000001b2cf5f0000, 0x000001b2cf940000, 0x000001b2d6b20000]
CodeHeap 'non-nmethods': size=5632Kb used=1333Kb max_used=1376Kb free=4298Kb
 bounds [0x000001b2d6b20000, 0x000001b2d6d90000, 0x000001b2d70a0000]
CodeCache: size=245760Kb, used=5340Kb, max_used=5383Kb, free=240417Kb
 total_blobs=2485, nmethods=1990, adapters=399, full_count=0
Compilation: enabled, stopped_count=0, restarted_count=0

Compilation events (20 events):
Event: 4.132 Thread 0x000001b2c114da60 nmethod 1976 0x000001b2cf939e88 code [0x000001b2cf93a000, 0x000001b2cf93a530]
Event: 4.132 Thread 0x000001b2c114da60 1977       3       java.util.stream.MatchOps$1MatchSink::accept (44 bytes)
Event: 4.132 Thread 0x000001b2c114da60 nmethod 1977 0x000001b2cf93a588 code [0x000001b2cf93a6a0, 0x000001b2cf93a8f8]
Event: 4.137 Thread 0x000001b2c1148120 1979       4       java.util.ArrayList::get (15 bytes)
Event: 4.138 Thread 0x000001b2c1148120 nmethod 1979 0x000001b2d7138d08 code [0x000001b2d7138e20, 0x000001b2d7138f28]
Event: 4.140 Thread 0x000001b2c114da60 1981       3       jdk.internal.classfile.impl.AbstractPoolEntry$NameAndTypeEntryImpl::name (8 bytes)
Event: 4.140 Thread 0x000001b2c114da60 nmethod 1981 0x000001b2cf93a908 code [0x000001b2cf93aa20, 0x000001b2cf93ac18]
Event: 4.146 Thread 0x000001b2c114da60 1985       3       java.lang.invoke.MethodHandle::asTypeCached (52 bytes)
Event: 4.146 Thread 0x000001b2c114da60 nmethod 1985 0x000001b2cf93ac88 code [0x000001b2cf93adc0, 0x000001b2cf93b1b0]
Event: 4.149 Thread 0x000001b2c114da60 1986       3       java.lang.invoke.AbstractValidatingLambdaMetafactory::isAdaptableToAsReturn (36 bytes)
Event: 4.149 Thread 0x000001b2c114da60 nmethod 1986 0x000001b2cf93b208 code [0x000001b2cf93b340, 0x000001b2cf93b798]
Event: 4.149 Thread 0x000001b2c114da60 1987       3       java.lang.invoke.AbstractValidatingLambdaMetafactory::checkDescriptor (133 bytes)
Event: 4.151 Thread 0x000001b2c114da60 nmethod 1987 0x000001b2cf93b808 code [0x000001b2cf93bba0, 0x000001b2cf93e448]
Event: 4.152 Thread 0x000001b2c114da60 1988       3       jdk.internal.classfile.impl.StackMapGenerator::of (80 bytes)
Event: 4.153 Thread 0x000001b2c114da60 nmethod 1988 0x000001b2cf93e508 code [0x000001b2cf93e6e0, 0x000001b2cf93f158]
Event: 4.156 Thread 0x000001b2c114da60 1990       3       java.lang.invoke.DelegatingMethodHandle::<init> (10 bytes)
Event: 4.156 Thread 0x000001b2c114da60 nmethod 1990 0x000001b2cf93f208 code [0x000001b2cf93f340, 0x000001b2cf93f6d8]
Event: 4.158 Thread 0x000001b2c1148120 1991       4       java.util.zip.ZipFile$Source::getEntryPos (191 bytes)
Event: 4.166 Thread 0x000001b2c1148120 nmethod 1991 0x000001b2d7139f08 code [0x000001b2d713a0a0, 0x000001b2d713a928]
Event: 4.169 Thread 0x000001b2c1148120 1992       4       java.lang.invoke.MethodType::methodType (69 bytes)

GC Heap History (4 events):
Event: 1.927 GC heap before
{Heap before GC invocations=0 (full 0):
 garbage-first heap   total reserved 897024K, committed 59392K, used 15472K [0x00000000c9400000, 0x0000000100000000)
  region size 1024K, 14 young (14336K), 0 survivors (0K)
 Metaspace       used 3872K, committed 3968K, reserved 1114112K
  class space    used 337K, committed 384K, reserved 1048576K
}
Event: 1.937 GC heap after
{Heap after GC invocations=1 (full 0):
 garbage-first heap   total reserved 897024K, committed 59392K, used 6940K [0x00000000c9400000, 0x0000000100000000)
  region size 1024K, 2 young (2048K), 2 survivors (2048K)
 Metaspace       used 3872K, committed 3968K, reserved 1114112K
  class space    used 337K, committed 384K, reserved 1048576K
}
Event: 2.776 GC heap before
{Heap before GC invocations=1 (full 0):
 garbage-first heap   total reserved 897024K, committed 59392K, used 26396K [0x00000000c9400000, 0x0000000100000000)
  region size 1024K, 22 young (22528K), 2 survivors (2048K)
 Metaspace       used 8519K, committed 8768K, reserved 1114112K
  class space    used 831K, committed 960K, reserved 1048576K
}
Event: 2.781 GC heap after
{Heap after GC invocations=2 (full 0):
 garbage-first heap   total reserved 897024K, committed 59392K, used 8259K [0x00000000c9400000, 0x0000000100000000)
  region size 1024K, 2 young (2048K), 2 survivors (2048K)
 Metaspace       used 8519K, committed 8768K, reserved 1114112K
  class space    used 831K, committed 960K, reserved 1048576K
}

Dll operation events (9 events):
Event: 0.343 Loaded shared library C:\Users\okaka victoria\.jdks\openjdk-24.0.1\bin\java.dll
Event: 0.348 Loaded shared library C:\Users\okaka victoria\.jdks\openjdk-24.0.1\bin\zip.dll
Event: 0.462 Loaded shared library C:\Users\okaka victoria\.jdks\openjdk-24.0.1\bin\jsvml.dll
Event: 0.682 Loaded shared library C:\Users\okaka victoria\.jdks\openjdk-24.0.1\bin\instrument.dll
Event: 0.707 Loaded shared library C:\Users\okaka victoria\.jdks\openjdk-24.0.1\bin\net.dll
Event: 0.710 Loaded shared library C:\Users\okaka victoria\.jdks\openjdk-24.0.1\bin\nio.dll
Event: 0.795 Loaded shared library C:\Users\okaka victoria\.jdks\openjdk-24.0.1\bin\zip.dll
Event: 0.844 Loaded shared library C:\Users\okaka victoria\.jdks\openjdk-24.0.1\bin\extnet.dll
Event: 1.697 Loaded shared library C:\Users\okaka victoria\.jdks\openjdk-24.0.1\bin\jimage.dll

Deoptimization events (20 events):
Event: 3.792 Thread 0x000001b2c4a7b1b0 DEOPT PACKING pc=0x000001b2d70ec2ec sp=0x0000003f730faf50
Event: 3.792 Thread 0x000001b2c4a7b1b0 DEOPT UNPACKING pc=0x000001b2d6c34102 sp=0x0000003f730faed8 mode 2
Event: 3.792 Thread 0x000001b2c4a7b1b0 Uncommon trap: trap_request=0xffffff4d fr.pc=0x000001b2d7116810 relative=0x0000000000003a50
Event: 3.792 Thread 0x000001b2c4a7b1b0 Uncommon trap: reason=unstable_if action=reinterpret pc=0x000001b2d7116810 method=jdk.internal.classfile.impl.StackMapGenerator.processBlock(Ljdk/internal/classfile/impl/RawBytecodeHelper;)Z @ 56 c2
Event: 3.792 Thread 0x000001b2c4a7b1b0 DEOPT PACKING pc=0x000001b2d7116810 sp=0x0000003f730faf30
Event: 3.792 Thread 0x000001b2c4a7b1b0 DEOPT UNPACKING pc=0x000001b2d6c34102 sp=0x0000003f730faea8 mode 2
Event: 3.794 Thread 0x000001b2c4a7b1b0 DEOPT PACKING pc=0x000001b2cf73e3bc sp=0x0000003f730fb4d0
Event: 3.794 Thread 0x000001b2c4a7b1b0 DEOPT UNPACKING pc=0x000001b2d6b75722 sp=0x0000003f730fa9c8 mode 0
Event: 3.864 Thread 0x000001b2c4a7b1b0 Uncommon trap: trap_request=0xffffff4d fr.pc=0x000001b2d70f3f70 relative=0x00000000000000d0
Event: 3.864 Thread 0x000001b2c4a7b1b0 Uncommon trap: reason=unstable_if action=reinterpret pc=0x000001b2d70f3f70 method=sun.reflect.generics.parser.SignatureParser.current()C @ 39 c2
Event: 3.864 Thread 0x000001b2c4a7b1b0 DEOPT PACKING pc=0x000001b2d70f3f70 sp=0x0000003f730fb520
Event: 3.864 Thread 0x000001b2c4a7b1b0 DEOPT UNPACKING pc=0x000001b2d6c34102 sp=0x0000003f730fb4b8 mode 2
Event: 3.898 Thread 0x000001b2c4a7b1b0 Uncommon trap: trap_request=0xffffff4d fr.pc=0x000001b2d7124840 relative=0x0000000000000340
Event: 3.898 Thread 0x000001b2c4a7b1b0 Uncommon trap: reason=unstable_if action=reinterpret pc=0x000001b2d7124840 method=jdk.internal.classfile.impl.SplitConstantPool.maybeCloneUtf8Entry(Ljava/lang/classfile/constantpool/Utf8Entry;)Ljdk/internal/classfile/impl/AbstractPoolEntry$Utf8EntryImpl; 
Event: 3.898 Thread 0x000001b2c4a7b1b0 DEOPT PACKING pc=0x000001b2d7124840 sp=0x0000003f730f9f00
Event: 3.898 Thread 0x000001b2c4a7b1b0 DEOPT UNPACKING pc=0x000001b2d6c34102 sp=0x0000003f730f9e90 mode 2
Event: 4.087 Thread 0x000001b2c4a7b1b0 Uncommon trap: trap_request=0xffffff4d fr.pc=0x000001b2d70dbdac relative=0x000000000000064c
Event: 4.087 Thread 0x000001b2c4a7b1b0 Uncommon trap: reason=unstable_if action=reinterpret pc=0x000001b2d70dbdac method=java.util.jar.Manifest$FastInputStream.readLine([BII)I @ 130 c2
Event: 4.087 Thread 0x000001b2c4a7b1b0 DEOPT PACKING pc=0x000001b2d70dbdac sp=0x0000003f730fb250
Event: 4.087 Thread 0x000001b2c4a7b1b0 DEOPT UNPACKING pc=0x000001b2d6c34102 sp=0x0000003f730fb1e0 mode 2

Classes loaded (20 events):
Event: 4.155 Loading class org/junit/jupiter/api/extension/InvocationInterceptor
Event: 4.155 Loading class org/junit/jupiter/api/extension/InvocationInterceptor done
Event: 4.155 Loading class org/junit/jupiter/api/extension/InvocationInterceptor$Invocation
Event: 4.155 Loading class org/junit/jupiter/api/extension/InvocationInterceptor$Invocation done
Event: 4.156 Loading class org/junit/jupiter/engine/execution/ParameterResolutionUtils
Event: 4.156 Loading class org/junit/jupiter/engine/execution/ParameterResolutionUtils done
Event: 4.157 Loading class org/junit/jupiter/api/extension/ParameterResolutionException
Event: 4.157 Loading class org/junit/jupiter/api/extension/ParameterResolutionException done
Event: 4.157 Loading class org/junit/jupiter/api/extension/ParameterContext
Event: 4.157 Loading class org/junit/jupiter/api/extension/ParameterContext done
Event: 4.166 Loading class org/junit/jupiter/engine/execution/ConstructorInvocation
Event: 4.166 Loading class org/junit/jupiter/engine/execution/ConstructorInvocation done
Event: 4.167 Loading class org/junit/jupiter/engine/execution/InterceptingExecutableInvoker$ReflectiveInterceptorCall
Event: 4.167 Loading class org/junit/jupiter/engine/execution/InterceptingExecutableInvoker$ReflectiveInterceptorCall done
Event: 4.167 Loading class org/junit/jupiter/engine/execution/InvocationInterceptorChain$InterceptorCall
Event: 4.167 Loading class org/junit/jupiter/engine/execution/InvocationInterceptorChain$InterceptorCall done
Event: 4.167 Loading class org/junit/jupiter/api/extension/InvocationInterceptor
Event: 4.167 Loading class org/junit/jupiter/api/extension/InvocationInterceptor done
Event: 4.167 Loading class org/junit/jupiter/engine/execution/InterceptingExecutableInvoker$ReflectiveInterceptorCall
Event: 4.167 Loading class org/junit/jupiter/engine/execution/InterceptingExecutableInvoker$ReflectiveInterceptorCall done

Classes unloaded (0 events):
No events

Classes redefined (1 events):
Event: 0.883 Thread 0x000001b2c6df7650 redefined class name=java.lang.Throwable, count=1

Internal exceptions (20 events):
Event: 2.504 Thread 0x000001b2c4a7b1b0 Exception <a 'java/lang/NoSuchMethodError'{0x00000000cbe15170}: 'int java.lang.invoke.DirectMethodHandle$Holder.invokeStaticInit(java.lang.Object, java.lang.Object)'> (0x00000000cbe15170) 
thrown [s\open\src\hotspot\share\interpreter\linkResolver.cpp, line 805]
Event: 2.679 Thread 0x000001b2c4a7b1b0 Exception <a 'java/lang/NoSuchMethodError'{0x00000000cb70b620}: 'java.lang.Object java.lang.invoke.DelegatingMethodHandle$Holder.reinvoke_L(java.lang.Object, java.lang.Object, java.lang.Object, long, java.lang.Object)'> (0x00000000cb70b620) 
thrown [s\open\src\hotspot\share\interpreter\linkResolver.cpp, line 805]
Event: 2.679 Thread 0x000001b2c4a7b1b0 Exception <a 'java/lang/NoSuchMethodError'{0x00000000cb71bee8}: 'java.lang.Object java.lang.invoke.Invokers$Holder.linkToTargetMethod(java.lang.Object, long, java.lang.Object, java.lang.Object)'> (0x00000000cb71bee8) 
thrown [s\open\src\hotspot\share\interpreter\linkResolver.cpp, line 805]
Event: 2.904 Thread 0x000001b2c4a7b1b0 Exception <a 'java/lang/NoSuchMethodError'{0x00000000cc9e9460}: 'int java.lang.invoke.DirectMethodHandle$Holder.invokeStaticInit(java.lang.Object, java.lang.Object, java.lang.Object)'> (0x00000000cc9e9460) 
thrown [s\open\src\hotspot\share\interpreter\linkResolver.cpp, line 805]
Event: 2.927 Thread 0x000001b2c4a7b1b0 Implicit null exception at 0x000001b2d710779d to 0x000001b2d7107819
Event: 2.943 Thread 0x000001b2c4a7b1b0 Exception <a 'java/lang/NoSuchMethodError'{0x00000000cc717f60}: 'int java.lang.invoke.DirectMethodHandle$Holder.invokeInterface(java.lang.Object, java.lang.Object)'> (0x00000000cc717f60) 
thrown [s\open\src\hotspot\share\interpreter\linkResolver.cpp, line 805]
Event: 3.034 Thread 0x000001b2c4a7b1b0 Exception <a 'java/lang/NoSuchMethodError'{0x00000000cc62e250}: 'void java.lang.invoke.DirectMethodHandle$Holder.invokeStaticInit(java.lang.Object, java.lang.Object)'> (0x00000000cc62e250) 
thrown [s\open\src\hotspot\share\interpreter\linkResolver.cpp, line 805]
Event: 3.149 Thread 0x000001b2c4a7b1b0 Exception <a 'java/lang/NoSuchMethodError'{0x00000000cc518260}: 'int java.lang.invoke.DirectMethodHandle$Holder.invokeVirtual(java.lang.Object, java.lang.Object, java.lang.Object)'> (0x00000000cc518260) 
thrown [s\open\src\hotspot\share\interpreter\linkResolver.cpp, line 805]
Event: 3.310 Thread 0x000001b2c4a7b1b0 Exception <a 'java/lang/IncompatibleClassChangeError'{0x00000000cc31b718}: Found class java.lang.Object, but interface was expected> (0x00000000cc31b718) 
thrown [s\open\src\hotspot\share\interpreter\linkResolver.cpp, line 872]
Event: 3.556 Thread 0x000001b2c4a7b1b0 Exception <a 'java/lang/NoSuchMethodError'{0x00000000cc291ff0}: 'int java.lang.invoke.DirectMethodHandle$Holder.invokeSpecial(java.lang.Object, java.lang.Object, java.lang.Object, java.lang.Object)'> (0x00000000cc291ff0) 
thrown [s\open\src\hotspot\share\interpreter\linkResolver.cpp, line 805]
Event: 3.565 Thread 0x000001b2c4a7b1b0 Exception <a 'java/lang/NoSuchMethodError'{0x00000000cc2c3418}: 'int java.lang.invoke.DirectMethodHandle$Holder.invokeSpecial(java.lang.Object, java.lang.Object, java.lang.Object, java.lang.Object, java.lang.Object)'> (0x00000000cc2c3418) 
thrown [s\open\src\hotspot\share\interpreter\linkResolver.cpp, line 805]
Event: 3.569 Thread 0x000001b2c4a7b1b0 Exception <a 'java/lang/NoSuchMethodError'{0x00000000cc2dc3a8}: 'void java.lang.invoke.DirectMethodHandle$Holder.invokeVirtual(java.lang.Object, java.lang.Object)'> (0x00000000cc2dc3a8) 
thrown [s\open\src\hotspot\share\interpreter\linkResolver.cpp, line 805]
Event: 3.807 Thread 0x000001b2c4a7b1b0 Exception <a 'java/lang/NoSuchMethodError'{0x00000000cbed0f50}: 'void java.lang.invoke.DirectMethodHandle$Holder.invokeVirtual(java.lang.Object, java.lang.Object, java.lang.Object, java.lang.Object)'> (0x00000000cbed0f50) 
thrown [s\open\src\hotspot\share\interpreter\linkResolver.cpp, line 805]
Event: 4.063 Thread 0x000001b2c4a7b1b0 Exception <a 'java/lang/NoSuchMethodError'{0x00000000cb94d108}: 'java.lang.Object java.lang.invoke.DirectMethodHandle$Holder.newInvokeSpecial(java.lang.Object, java.lang.Object, java.lang.Object, java.lang.Object, java.lang.Object, java.lang.Object, java.lang.Object)'> (0x00000000cb94d108) 
thrown [s\open\src\hotspot\share\interpreter\linkResolver.cpp, line 805]
Event: 4.133 Thread 0x000001b2c4a7b1b0 Exception <a 'java/lang/NoSuchMethodError'{0x00000000cb8f8540}: 'java.lang.Object java.lang.invoke.DirectMethodHandle$Holder.invokeInterface(java.lang.Object, java.lang.Object, java.lang.Object, java.lang.Object)'> (0x00000000cb8f8540) 
thrown [s\open\src\hotspot\share\interpreter\linkResolver.cpp, line 805]
Event: 4.141 Thread 0x000001b2c4a7b1b0 Exception <a 'java/lang/NoSuchMethodError'{0x00000000cb729a40}: 'java.lang.Object java.lang.invoke.DirectMethodHandle$Holder.newInvokeSpecial(java.lang.Object, java.lang.Object, java.lang.Object, java.lang.Object, int)'> (0x00000000cb729a40) 
thrown [s\open\src\hotspot\share\interpreter\linkResolver.cpp, line 805]
Event: 4.141 Thread 0x000001b2c4a7b1b0 Exception <a 'java/lang/NoSuchMethodError'{0x00000000cb732900}: 'java.lang.Object java.lang.invoke.DirectMethodHandle$Holder.invokeSpecial(java.lang.Object, java.lang.Object, java.lang.Object, java.lang.Object, java.lang.Object, int)'> (0x00000000cb732900) 
thrown [s\open\src\hotspot\share\interpreter\linkResolver.cpp, line 805]
Event: 4.141 Thread 0x000001b2c4a7b1b0 Exception <a 'java/lang/NoSuchMethodError'{0x00000000cb73ae20}: 'java.lang.Object java.lang.invoke.Invokers$Holder.linkToTargetMethod(java.lang.Object, java.lang.Object, java.lang.Object, int, java.lang.Object)'> (0x00000000cb73ae20) 
thrown [s\open\src\hotspot\share\interpreter\linkResolver.cpp, line 805]
Event: 4.155 Thread 0x000001b2c4a7b1b0 Exception <a 'java/lang/NoSuchMethodError'{0x00000000cb793598}: 'java.lang.Object java.lang.invoke.DirectMethodHandle$Holder.invokeInterface(java.lang.Object, java.lang.Object, java.lang.Object, java.lang.Object, java.lang.Object)'> (0x00000000cb793598) 
thrown [s\open\src\hotspot\share\interpreter\linkResolver.cpp, line 805]
Event: 4.155 Thread 0x000001b2c4a7b1b0 Exception <a 'java/lang/IncompatibleClassChangeError'{0x00000000cb79b9f8}: Found class java.lang.Object, but interface was expected> (0x00000000cb79b9f8) 
thrown [s\open\src\hotspot\share\interpreter\linkResolver.cpp, line 872]

VM Operations (20 events):
Event: 1.927 Executing VM operation: G1CollectForAllocation (G1 Evacuation Pause)
Event: 1.937 Executing VM operation: G1CollectForAllocation (G1 Evacuation Pause) done
Event: 2.124 Executing VM operation: HandshakeAllThreads (Deoptimize)
Event: 2.125 Executing VM operation: HandshakeAllThreads (Deoptimize) done
Event: 2.630 Executing VM operation: HandshakeAllThreads (Deoptimize)
Event: 2.630 Executing VM operation: HandshakeAllThreads (Deoptimize) done
Event: 2.714 Executing VM operation: HandshakeAllThreads (Deoptimize)
Event: 2.714 Executing VM operation: HandshakeAllThreads (Deoptimize) done
Event: 2.776 Executing VM operation: G1CollectForAllocation (G1 Evacuation Pause)
Event: 2.781 Executing VM operation: G1CollectForAllocation (G1 Evacuation Pause) done
Event: 2.945 Executing VM operation: HandshakeAllThreads (Deoptimize)
Event: 2.945 Executing VM operation: HandshakeAllThreads (Deoptimize) done
Event: 3.512 Executing VM operation: HandshakeAllThreads (Deoptimize)
Event: 3.513 Executing VM operation: HandshakeAllThreads (Deoptimize) done
Event: 3.785 Executing VM operation: HandshakeAllThreads (Deoptimize)
Event: 3.785 Executing VM operation: HandshakeAllThreads (Deoptimize) done
Event: 3.794 Executing VM operation: HandshakeAllThreads (Deoptimize)
Event: 3.794 Executing VM operation: HandshakeAllThreads (Deoptimize) done
Event: 3.798 Executing VM operation: HandshakeAllThreads (Deoptimize)
Event: 3.798 Executing VM operation: HandshakeAllThreads (Deoptimize) done

Memory protections (0 events):
No events

Nmethod flushes (0 events):
No events

Events (12 events):
Event: 0.443 Thread 0x000001b2c4a7b1b0 Thread added: 0x000001b2c4a7b1b0
Event: 0.459 Thread 0x000001b2c4a7b1b0 Thread added: 0x000001b2c6e092a0
Event: 0.459 Thread 0x000001b2c4a7b1b0 Thread added: 0x000001b2c6e0bff0
Event: 0.459 Thread 0x000001b2c4a7b1b0 Thread added: 0x000001b2c1120740
Event: 0.459 Thread 0x000001b2c4a7b1b0 Thread added: 0x000001b2c111e340
Event: 0.459 Thread 0x000001b2c4a7b1b0 Thread added: 0x000001b2c111f1c0
Event: 0.459 Thread 0x000001b2c4a7b1b0 Thread added: 0x000001b2c1144ea0
Event: 0.459 Thread 0x000001b2c4a7b1b0 Thread added: 0x000001b2c1148120
Event: 0.460 Thread 0x000001b2c4a7b1b0 Thread added: 0x000001b2c114da60
Event: 0.700 Thread 0x000001b2c4a7b1b0 Thread added: 0x000001b2c13dc680
Event: 0.817 Thread 0x000001b2c4a7b1b0 Thread added: 0x000001b2c13f44a0
Event: 0.888 Thread 0x000001b2c4a7b1b0 Thread added: 0x000001b2c1492cc0


Dynamic libraries:
0x00007ff69bd20000 - 0x00007ff69bd2e000 	C:\Users\okaka victoria\.jdks\openjdk-24.0.1\bin\java.exe
0x00007ff8b07b0000 - 0x00007ff8b09a8000 	C:\WINDOWS\SYSTEM32\ntdll.dll
0x00007ff8b0630000 - 0x00007ff8b06f2000 	C:\WINDOWS\System32\KERNEL32.DLL
0x00007ff8adfb0000 - 0x00007ff8ae2a6000 	C:\WINDOWS\System32\KERNELBASE.dll
0x00007ff8ade80000 - 0x00007ff8adf80000 	C:\WINDOWS\System32\ucrtbase.dll
0x00007ff898760000 - 0x00007ff898776000 	C:\Users\okaka victoria\.jdks\openjdk-24.0.1\bin\jli.dll
0x00007ff8aef30000 - 0x00007ff8af0cd000 	C:\WINDOWS\System32\USER32.dll
0x00007ff8adf80000 - 0x00007ff8adfa2000 	C:\WINDOWS\System32\win32u.dll
0x00007ff8afd60000 - 0x00007ff8afd8b000 	C:\WINDOWS\System32\GDI32.dll
0x00007ff8ae4c0000 - 0x00007ff8ae5da000 	C:\WINDOWS\System32\gdi32full.dll
0x00007ff8ae690000 - 0x00007ff8ae72d000 	C:\WINDOWS\System32\msvcp_win.dll
0x00007ff8a7150000 - 0x00007ff8a716b000 	C:\Users\okaka victoria\.jdks\openjdk-24.0.1\bin\VCRUNTIME140.dll
0x00007ff894960000 - 0x00007ff894bfa000 	C:\WINDOWS\WinSxS\amd64_microsoft.windows.common-controls_6595b64144ccf1df_6.0.19041.4355_none_60b8b9eb71f62e16\COMCTL32.dll
0x00007ff8b04c0000 - 0x00007ff8b055e000 	C:\WINDOWS\System32\msvcrt.dll
0x00007ff8af9d0000 - 0x00007ff8af9ff000 	C:\WINDOWS\System32\IMM32.DLL
0x00007ff8a7140000 - 0x00007ff8a714c000 	C:\Users\okaka victoria\.jdks\openjdk-24.0.1\bin\vcruntime140_1.dll
0x00007ff893510000 - 0x00007ff89359e000 	C:\Users\okaka victoria\.jdks\openjdk-24.0.1\bin\msvcp140.dll
0x00007ff814990000 - 0x00007ff815732000 	C:\Users\okaka victoria\.jdks\openjdk-24.0.1\bin\server\jvm.dll
0x00007ff8b0400000 - 0x00007ff8b04b1000 	C:\WINDOWS\System32\ADVAPI32.dll
0x00007ff8af0d0000 - 0x00007ff8af16f000 	C:\WINDOWS\System32\sechost.dll
0x00007ff8b02d0000 - 0x00007ff8b03f3000 	C:\WINDOWS\System32\RPCRT4.dll
0x00007ff8ae490000 - 0x00007ff8ae4b7000 	C:\WINDOWS\System32\bcrypt.dll
0x00007ff8b0700000 - 0x00007ff8b076b000 	C:\WINDOWS\System32\WS2_32.dll
0x00007ff8adc90000 - 0x00007ff8adcdb000 	C:\WINDOWS\SYSTEM32\POWRPROF.dll
0x00007ff8a46a0000 - 0x00007ff8a46c7000 	C:\WINDOWS\SYSTEM32\WINMM.dll
0x00007ff8a46d0000 - 0x00007ff8a46da000 	C:\WINDOWS\SYSTEM32\VERSION.dll
0x00007ff8adc70000 - 0x00007ff8adc82000 	C:\WINDOWS\SYSTEM32\UMPDC.dll
0x00007ff8abcb0000 - 0x00007ff8abcc2000 	C:\WINDOWS\SYSTEM32\kernel.appcore.dll
0x00007ff8a6020000 - 0x00007ff8a602a000 	C:\Users\okaka victoria\.jdks\openjdk-24.0.1\bin\jimage.dll
0x00007ff8a15d0000 - 0x00007ff8a17b4000 	C:\WINDOWS\SYSTEM32\DBGHELP.DLL
0x00007ff893f10000 - 0x00007ff893f44000 	C:\WINDOWS\SYSTEM32\dbgcore.DLL
0x00007ff8ae730000 - 0x00007ff8ae7b2000 	C:\WINDOWS\System32\bcryptPrimitives.dll
0x00007ff8a0f50000 - 0x00007ff8a0f5f000 	C:\Users\okaka victoria\.jdks\openjdk-24.0.1\bin\instrument.dll
0x00007ff898740000 - 0x00007ff89875e000 	C:\Users\okaka victoria\.jdks\openjdk-24.0.1\bin\java.dll
0x00007ff8afda0000 - 0x00007ff8afecb000 	C:\WINDOWS\System32\ole32.dll
0x00007ff8afa00000 - 0x00007ff8afd55000 	C:\WINDOWS\System32\combase.dll
0x00007ff8ae7c0000 - 0x00007ff8aef2f000 	C:\WINDOWS\System32\SHELL32.dll
0x00007ff898720000 - 0x00007ff898737000 	C:\Users\okaka victoria\.jdks\openjdk-24.0.1\bin\zip.dll
0x00007ff8abeb0000 - 0x00007ff8ac653000 	C:\WINDOWS\SYSTEM32\windows.storage.dll
0x00007ff8ad790000 - 0x00007ff8ad7bb000 	C:\WINDOWS\SYSTEM32\Wldp.dll
0x00007ff8b0560000 - 0x00007ff8b062d000 	C:\WINDOWS\System32\OLEAUT32.dll
0x00007ff8b0060000 - 0x00007ff8b010d000 	C:\WINDOWS\System32\SHCORE.dll
0x00007ff8af3b0000 - 0x00007ff8af405000 	C:\WINDOWS\System32\shlwapi.dll
0x00007ff8add60000 - 0x00007ff8add85000 	C:\WINDOWS\SYSTEM32\profapi.dll
0x00007ff87e6e0000 - 0x00007ff87e7b7000 	C:\Users\okaka victoria\.jdks\openjdk-24.0.1\bin\jsvml.dll
0x00007ff89eea0000 - 0x00007ff89eeb0000 	C:\Users\okaka victoria\.jdks\openjdk-24.0.1\bin\net.dll
0x00007ff8ad4f0000 - 0x00007ff8ad55c000 	C:\WINDOWS\system32\mswsock.dll
0x00007ff898700000 - 0x00007ff898716000 	C:\Users\okaka victoria\.jdks\openjdk-24.0.1\bin\nio.dll
0x00007ff898650000 - 0x00007ff898659000 	C:\Users\okaka victoria\.jdks\openjdk-24.0.1\bin\extnet.dll

JVMTI agents:
C:\Program Files\JetBrains\IntelliJ IDEA 2024.3.5\lib\idea_rt.jar path:C:\Users\okaka victoria\.jdks\openjdk-24.0.1\bin\instrument.dll, loaded, initialized, instrumentlib options:55519
C:\Users\OKAKAV~1\AppData\Local\Temp\captureAgentjars\debugger-agent.jar path:C:\Users\okaka victoria\.jdks\openjdk-24.0.1\bin\instrument.dll, loaded, initialized, instrumentlib options:none

dbghelp: loaded successfully - version: 4.0.5 - missing functions: none
symbol engine: initialized successfully - sym options: 0x614 - pdb path: .;C:\Users\okaka victoria\.jdks\openjdk-24.0.1\bin;C:\WINDOWS\SYSTEM32;C:\WINDOWS\WinSxS\amd64_microsoft.windows.common-controls_6595b64144ccf1df_6.0.19041.4355_none_60b8b9eb71f62e16;C:\Users\okaka victoria\.jdks\openjdk-24.0.1\bin\server

VM Arguments:
jvm_args: -ea -Didea.test.cyclic.buffer.size=1048576 -javaagent:C:\Program Files\JetBrains\IntelliJ IDEA 2024.3.5\lib\idea_rt.jar=55519 -javaagent:C:\Users\OKAKAV~1\AppData\Local\Temp\captureAgentjars\debugger-agent.jar -Dkotlinx.coroutines.debug.enable.creation.stack.trace=false -Ddebugger.agent.enable.coroutines=true -Dkotlinx.coroutines.debug.enable.flows.stack.trace=true -Dkotlinx.coroutines.debug.enable.mutable.state.flows.stack.trace=true -Dfile.encoding=UTF-8 -Dsun.stdout.encoding=UTF-8 -Dsun.stderr.encoding=UTF-8 
java_command: com.intellij.rt.junit.JUnitStarter -ideVersion5 -junit5 com.codewithfavour.service.LiberianServiceImplTest,toLoginAsALibarian
java_class_path (initial): C:\Users\okaka victoria\.m2\repository\org\junit\platform\junit-platform-launcher\1.12.2\junit-platform-launcher-1.12.2.jar;C:\Program Files\JetBrains\IntelliJ IDEA 2024.3.5\lib\idea_rt.jar;C:\Program Files\JetBrains\IntelliJ IDEA 2024.3.5\plugins\junit\lib\junit5-rt.jar;C:\Program Files\JetBrains\IntelliJ IDEA 2024.3.5\plugins\junit\lib\junit-rt.jar;C:\Users\okaka victoria\IdeaProjects\LibraryMangementSystem\target\test-classes;C:\Users\okaka victoria\IdeaProjects\LibraryMangementSystem\target\classes;C:\Users\okaka victoria\.m2\repository\org\projectlombok\lombok\1.18.38\lombok-1.18.38.jar;C:\Users\okaka victoria\.m2\repository\org\springframework\boot\spring-boot-starter-data-mongodb\3.5.0\spring-boot-starter-data-mongodb-3.5.0.jar;C:\Users\okaka victoria\.m2\repository\org\springframework\boot\spring-boot-starter\3.5.0\spring-boot-starter-3.5.0.jar;C:\Users\okaka victoria\.m2\repository\org\springframework\boot\spring-boot\3.5.0\spring-boot-3.5.0.jar;C:\Users\okaka victoria\.m2\repository\org\springframework\boot\spring-boot-autoconfigure\3.5.0\spring-boot-autoconfigure-3.5.0.jar;C:\Users\okaka victoria\.m2\repository\org\springframework\boot\spring-boot-starter-logging\3.5.0\spring-boot-starter-logging-3.5.0.jar;C:\Users\okaka victoria\.m2\repository\ch\qos\logback\logback-classic\1.5.18\logback-classic-1.5.18.jar;C:\Users\okaka victoria\.m2\repository\ch\qos\logback\logback-core\1.5.18\logback-core-1.5.18.jar;C:\Users\okaka victoria\.m2\repository\org\apache\logging\log4j\log4j-to-slf4j\2.24.3\log4j-to-slf4j-2.24.3.jar;C:\Users\okaka victoria\.m2\repository\org\apache\logging\log4j\log4j-api\2.24.3\log4j-api-2.24.3.jar;C:\Users\okaka victoria\.m2\repository\org\slf4j\jul-to-slf4j\2.0.17\jul-to-slf4j-2.0.17.jar;C:\Users\okaka victoria\.m2\repository\jakarta\annotation\jakarta.annotation-api\2.1.1\jakarta.annotation-api-2.1.1.jar;C:\Users\okaka victoria\.m2\repository\org\yaml\snakeyaml\2.4\snakeyaml-2.4.jar;C:\Users\okaka victoria\.m2\repository\org\mongodb\mongodb-driver-sync\5.4.0\mongodb-driver-sync-5.4.0.jar;C:\Users\okaka victoria\.m2\repository\org\mongodb\bson\5.4.0\bson-5.4.0.jar;C:\Users\okaka victoria\.m2\repository\org\mongodb\mongodb-driver-core\5.4.0\mongodb-driver-core-5.4.0.jar;C:\Users\okaka victoria\.m2\repository\org\mongodb\bson-record-codec\5.4.0\bson-record-codec-5.4.0.jar;C:\Users\okaka victoria\.m2\repository\org\springframework\data\spring-data-mongodb\4.5.0\spring-data-mongodb-4.5.0.jar;C:\Users\okaka victoria\.m2\repository\org\springframework\spring-tx\6.2.7\spring-tx-6.2.7.jar;C:\Users\okaka victoria\.m2\repository\org\springframework\spring-context\6.2.7\spring-context-6.2.7.jar;C:\Users\okaka victoria\.m2\repository\org\springframework\spring-beans\6.2.7\spring-beans-6.2.7.jar;C:\Users\okaka victoria\.m2\repository\org\springframework\spring-expression\6.2.7\spring-expression-6.2.7.jar;C:\Users\okaka victoria\.m2\repository\org\springframework\data\spring-data-commons\3.5.0\spring-data-commons-3.5.0.jar;C:\Users\okaka victoria\.m2\repository\org\slf4j\slf4j-api\2.0.2\slf4j-api-2.0.2.jar;C:\Users\okaka victoria\.m2\repository\org\springframework\boot\spring-boot-starter-test\3.5.0\spring-boot-starter-test-3.5.0.jar;C:\Users\okaka victoria\.m2\repository\org\springframework\boot\spring-boot-test\3.5.0\spring-boot-test-3.5.0.jar;C:\Users\okaka victoria\.m2\repository\org\springframework\boot\spring-boot-test-autoconfigure\3.5.0\spring-boot-test-autoconfigure-3.5.0.jar;C:\Users\okaka victoria\.m2\repository\com\jayway\jsonpath\json-path\2.9.0\json-path-2.9.0.jar;C:\Users\okaka victoria\.m2\repository\jakarta\xml\bind\jakarta.xml.bind-api\4.0.2\jakarta.xml.bind-api-4.0.2.jar;C:\Users\okaka victoria\.m2\repository\jakarta\activation\jakarta.activation-api\2.1.3\jakarta.activation-api-2.1.3.jar;C:\Users\okaka victoria\.m2\repository\net\minidev\json-smart\2.5.2\json-smart-2.5.2.jar;C:\Users\okaka victoria\.m2\repository\net\minidev\accessors-smart\2.5.2\accessors-smart-2.5.2.jar;C:\Users\okaka victoria\.m2\repository\org\ow2\asm\asm\9.7.1\asm-9.7.1.jar;C:\Users\okaka victoria\.m2\repository\org\assertj\assertj-core\3.27.3\assertj-core-3.27.3.jar;C:\Users\okaka victoria\.m2\repository\net\bytebuddy\byte-buddy\1.15.11\byte-buddy-1.15.11.jar;C:\Users\okaka victoria\.m2\repository\org\awaitility\awaitility\4.3.0\awaitility-4.3.0.jar;C:\Users\okaka victoria\.m2\repository\org\hamcrest\hamcrest\3.0\hamcrest-3.0.jar;C:\Users\okaka victoria\.m2\repository\org\junit\jupiter\junit-jupiter\5.12.2\junit-jupiter-5.12.2.jar;C:\Users\okaka victoria\.m2\repository\org\junit\jupiter\junit-jupiter-api\5.12.2\junit-jupiter-api-5.12.2.jar;C:\Users\okaka victoria\.m2\repository\org\opentest4j\opentest4j\1.3.0\opentest4j-1.3.0.jar;C:\Users\okaka victoria\.m2\repository\org\junit\platform\junit-platform-commons\1.12.2\junit-platform-commons-1.12.2.jar;C:\Users\okaka victoria\.m2\repository\org\apiguardian\apiguardian-api\1.1.2\apiguardian-api-1.1.2.jar;C:\Users\okaka victoria\.m2\repository\org\junit\jupiter\junit-jupiter-params\5.12.2\junit-jupiter-params-5.12.2.jar;C:\Users\okaka victoria\.m2\repository\org\junit\jupiter\junit-jupiter-engine\5.12.2\junit-jupiter-engine-5.12.2.jar;C:\Users\okaka victoria\.m2\repository\org\junit\platform\junit-platform-engine\1.12.2\junit-platform-engine-1.12.2.jar;C:\Users\okaka victoria\.m2\repository\org\mockito\mockito-core\5.17.0\mockito-core-5.17.0.jar;C:\Users\okaka victoria\.m2\repository\net\bytebuddy\byte-buddy-agent\1.15.11\byte-buddy-agent-1.15.11.jar;C:\Users\okaka victoria\.m2\repository\org\objenesis\objenesis\3.3\objenesis-3.3.jar;C:\Users\okaka victoria\.m2\repository\org\mockito\mockito-junit-jupiter\5.17.0\mockito-junit-jupiter-5.17.0.jar;C:\Users\okaka victoria\.m2\repository\org\skyscreamer\jsonassert\1.5.3\jsonassert-1.5.3.jar;C:\Users\okaka victoria\.m2\repository\com\vaadin\external\google\android-json\0.0.20131108.vaadin1\android-json-0.0.20131108.vaadin1.jar;C:\Users\okaka victoria\.m2\repository\org\springframework\spring-core\6.2.7\spring-core-6.2.7.jar;C:\Users\okaka victoria\.m2\repository\org\springframework\spring-jcl\6.2.7\spring-jcl-6.2.7.jar;C:\Users\okaka victoria\.m2\repository\org\springframework\spring-test\6.2.7\spring-test-6.2.7.jar;C:\Users\okaka victoria\.m2\repository\org\xmlunit\xmlunit-core\2.10.1\xmlunit-core-2.10.1.jar;C:\Users\okaka victoria\.m2\repository\org\springframework\boot\spring-boot-starter-web\3.5.0\spring-boot-starter-web-3.5.0.jar;C:\Users\okaka victoria\.m2\repository\org\springframework\boot\spring-boot-starter-json\3.5.0\spring-boot-starter-json-3.5.0.jar;C:\Users\okaka victoria\.m2\repository\com\fasterxml\jackson\core\jackson-databind\2.19.0\jackson-databind-2.19.0.jar;C:\Users\okaka victoria\.m2\repository\com\fasterxml\jackson\core\jackson-annotations\2.19.0\jackson-annotations-2.19.0.jar;C:\Users\okaka victoria\.m2\repository\com\fasterxml\jackson\core\jackson-core\2.19.0\jackson-core-2.19.0.jar;C:\Users\okaka victoria\.m2\repository\com\fasterxml\jackson\datatype\jackson-datatype-jdk8\2.19.0\jackson-datatype-jdk8-2.19.0.jar;C:\Users\okaka victoria\.m2\repository\com\fasterxml\jackson\datatype\jackson-datatype-jsr310\2.19.0\jackson-datatype-jsr310-2.19.0.jar;C:\Users\okaka victoria\.m2\repository\com\fasterxml\jackson\module\jackson-module-parameter-names\2.19.0\jackson-module-parameter-names-2.19.0.jar;C:\Users\okaka victoria\.m2\repository\org\springframework\boot\spring-boot-starter-tomcat\3.5.0\spring-boot-starter-tomcat-3.5.0.jar;C:\Users\okaka victoria\.m2\repository\org\apache\tomcat\embed\tomcat-embed-core\10.1.41\tomcat-embed-core-10.1.41.jar;C:\Users\okaka victoria\.m2\repository\org\apache\tomcat\embed\tomcat-embed-el\10.1.41\tomcat-embed-el-10.1.41.jar;C:\Users\okaka victoria\.m2\repository\org\apache\tomcat\embed\tomcat-embed-websocket\10.1.41\tomcat-embed-websocket-10.1.41.jar;C:\Users\okaka victoria\.m2\repository\org\springframework\spring-web\6.2.7\spring-web-6.2.7.jar;C:\Users\okaka victoria\.m2\repository\io\micrometer\micrometer-observation\1.14.7\micrometer-observation-1.14.7.jar;C:\Users\okaka victoria\.m2\repository\io\micrometer\micrometer-commons\1.14.7\micrometer-commons-1.14.7.jar;C:\Users\okaka victoria\.m2\repository\org\springframework\spring-webmvc\6.2.7\spring-webmvc-6.2.7.jar;C:\Users\okaka victoria\.m2\repository\org\springframework\spring-aop\6.2.7\spring-aop-6.2.7.jar
Launcher Type: SUN_STANDARD

[Global flags]
     intx CICompilerCount                          = 2                                         {product} {ergonomic}
     uint ConcGCThreads                            = 1                                         {product} {ergonomic}
     uint G1ConcRefinementThreads                  = 2                                         {product} {ergonomic}
   size_t G1HeapRegionSize                         = 1048576                                   {product} {ergonomic}
   size_t InitialHeapSize                          = 58720256                                  {product} {ergonomic}
   size_t MarkStackSize                            = 4194304                                   {product} {ergonomic}
   size_t MarkStackSizeMax                         = 536870912                                 {product} {ergonomic}
   size_t MaxHeapSize                              = 918552576                                 {product} {ergonomic}
   size_t MaxNewSize                               = 550502400                                 {product} {ergonomic}
   size_t MinHeapDeltaBytes                        = 1048576                                   {product} {ergonomic}
   size_t MinHeapSize                              = 8388608                                   {product} {ergonomic}
    uintx NonNMethodCodeHeapSize                   = 5767168                                {pd product} {ergonomic}
    uintx NonProfiledCodeHeapSize                  = 123011072                              {pd product} {ergonomic}
    uintx ProfiledCodeHeapSize                     = 122880000                              {pd product} {ergonomic}
    uintx ReservedCodeCacheSize                    = 251658240                              {pd product} {ergonomic}
     bool SegmentedCodeCache                       = true                                      {product} {ergonomic}
   size_t SoftMaxHeapSize                          = 918552576                              {manageable} {ergonomic}
     bool UseCompressedOops                        = true                           {product lp64_product} {ergonomic}
     bool UseG1GC                                  = true                                      {product} {ergonomic}
     bool UseLargePagesIndividualAllocation        = false                                  {pd product} {ergonomic}

Logging:
Log output configuration:
 #0: stdout all=warning uptime,level,tags foldmultilines=false
 #1: stderr all=off uptime,level,tags foldmultilines=false

Environment Variables:
PATH=C:\Program Files\Common Files\Oracle\Java\javapath;C:\WINDOWS\system32;C:\WINDOWS;C:\WINDOWS\System32\Wbem;C:\WINDOWS\System32\WindowsPowerShell\v1.0\;C:\WINDOWS\System32\OpenSSH\;C:\Program Files\HP\HP One Agent;C:\Program Files\dotnet\;C:\Program Files\Git\cmd;C:\Program Files\nodejs\;C:\Program Files\MongoDB\Server\8.0\bin;C:\Program Files\MySQL\MySQL Shell 8.0\bin\;C:\Users\okaka victoria\AppData\Local\Programs\Python\Launcher\;C:\Users\okaka victoria\AppData\Local\Microsoft\WindowsApps;C:\Users\okaka victoria\AppData\Roaming\npm;C:\Users\okaka victoria\AppData\Local\Programs\mongosh\
USERNAME=okaka victoria
OS=Windows_NT
PROCESSOR_IDENTIFIER=AMD64 Family 23 Model 24 Stepping 1, AuthenticAMD
TMP=C:\Users\OKAKAV~1\AppData\Local\Temp
TEMP=C:\Users\OKAKAV~1\AppData\Local\Temp




Periodic native trim disabled

---------------  S Y S T E M  ---------------

OS:
 Windows 10 , 64 bit Build 19041 (10.0.19041.5678)
OS uptime: 0 days 3:00 hours

CPU: total 2 (initial active 2) (2 cores per cpu, 1 threads per core) family 23 model 24 stepping 1 microcode 0x0, cx8, cmov, fxsr, mmx, 3dnowpref, sse, sse2, sse3, ssse3, sse4a, sse4.1, sse4.2, popcnt, lzcnt, tsc, tscinvbit, avx, avx2, aes, clmul, bmi1, bmi2, adx, sha, fma, vzeroupper, clflush, clflushopt, rdtscp, f16c
Processor Information for the first 2 processors :
  Max Mhz: 2300, Current Mhz: 2300, Mhz Limit: 2300

Memory: 4k page, system-wide physical 3499M (186M free)
TotalPageFile size 14251M (AvailPageFile size 16M)
current process WorkingSet (physical memory assigned to process): 117M, peak: 118M
current process commit charge ("private bytes"): 174M, peak: 190M

vm_info: OpenJDK 64-Bit Server VM (24.0.1+9-30) for windows-amd64 JRE (24.0.1+9-30), built on 2025-03-05T07:23:45Z with MS VC++ 17.6 (VS2022)

END.
