#
# There is insufficient memory for the Java Runtime Environment to continue.
# Native memory allocation (malloc) failed to allocate 32744 bytes. Error detail: Chunk::new
# Possible reasons:
#   The system is out of physical RAM or swap space
#   This process is running with CompressedOops enabled, and the Java Heap may be blocking the growth of the native heap
# Possible solutions:
#   Reduce memory load on the system
#   Increase physical memory or swap space
#   Check if swap backing store is full
#   Decrease Java heap size (-Xmx/-Xms)
#   Decrease number of Java threads
#   Decrease Java thread stack sizes (-Xss)
#   Set larger code cache with -XX:ReservedCodeCacheSize=
#   JVM is running with Unscaled Compressed Oops mode in which the Java heap is
#     placed in the first 4GB address space. The Java Heap base address is the
#     maximum limit for the native heap growth. Please use -XX:HeapBaseMinAddress
#     to set the Java Heap base and to place the Java Heap above 4GB virtual address.
# This output file may be truncated or incomplete.
#
#  Out of Memory Error (arena.cpp:162), pid=18400, tid=16444
#
# JRE version: OpenJDK Runtime Environment (24.0.1+9) (build 24.0.1+9-30)
# Java VM: OpenJDK 64-Bit Server VM (24.0.1+9-30, mixed mode, sharing, tiered, compressed oops, compressed class ptrs, g1 gc, windows-amd64)
# No core dump will be written. Minidumps are not enabled by default on client versions of Windows
#

---------------  S U M M A R Y ------------

Command Line: -Dnet.bytebuddy.agent.attacher.dump= net.bytebuddy.agent.Attacher com.sun.tools.attach.VirtualMachine 20704 C:\Users\okaka victoria\.m2\repository\net\bytebuddy\byte-buddy-agent\1.15.11\byte-buddy-agent-1.15.11.jar false 

Host: AMD Athlon Silver 3050U with Radeon Graphics   , 2 cores, 3G,  Windows 10 , 64 bit Build 19041 (10.0.19041.5678)
Time: Tue Jun 10 16:25:32 2025 W. Central Africa Standard Time elapsed time: 0.584311 seconds (0d 0h 0m 0s)

---------------  T H R E A D  ---------------

Current thread (0x000001aae51423c0):  JavaThread "C1 CompilerThread0" daemon [_thread_in_native, id=16444, stack(0x000000a9cfd00000,0x000000a9cfe00000) (1024K)]


Current CompileTask:
C1:584  185       3       jdk.internal.classfile.impl.StackMapGenerator::processBlock (2767 bytes)

Stack: [0x000000a9cfd00000,0x000000a9cfe00000]
Native frames: (J=compiled Java code, j=interpreted, Vv=VM code, C=native code)
V  [jvm.dll+0x730739]  (no source info available)
V  [jvm.dll+0x8d9b23]  (no source info available)
V  [jvm.dll+0x8dc00d]  (no source info available)
V  [jvm.dll+0x8dc683]  (no source info available)
V  [jvm.dll+0x2aa086]  (no source info available)
V  [jvm.dll+0xcedef]  (no source info available)
V  [jvm.dll+0xcf04f]  (no source info available)
V  [jvm.dll+0x1815db]  (no source info available)
V  [jvm.dll+0x1849b6]  (no source info available)
V  [jvm.dll+0x1843ab]  (no source info available)
V  [jvm.dll+0x17bb02]  (no source info available)
V  [jvm.dll+0x17dd6c]  (no source info available)
V  [jvm.dll+0x17c39c]  (no source info available)
V  [jvm.dll+0x1759ff]  (no source info available)
V  [jvm.dll+0x186021]  (no source info available)
V  [jvm.dll+0x1710fb]  (no source info available)
V  [jvm.dll+0x1714f3]  (no source info available)
V  [jvm.dll+0x17185b]  (no source info available)
V  [jvm.dll+0x170c2c]  (no source info available)
V  [jvm.dll+0x172a4d]  (no source info available)
V  [jvm.dll+0x27e1fb]  (no source info available)
V  [jvm.dll+0x27c49a]  (no source info available)
V  [jvm.dll+0x42f456]  (no source info available)
V  [jvm.dll+0x87d76b]  (no source info available)
V  [jvm.dll+0x72ee55]  (no source info available)
C  [ucrtbase.dll+0x21bb2]  (no source info available)
C  [KERNEL32.DLL+0x17374]  (no source info available)
C  [ntdll.dll+0x4cc91]  (no source info available)

Lock stack of current Java thread (top to bottom):


---------------  P R O C E S S  ---------------

Threads class SMR info:
_java_thread_list=0x000001aae51cb900, length=11, elements={
0x000001aa8740be30, 0x000001aa89693030, 0x000001aa89693d60, 0x000001aa89695c20,
0x000001aa89696750, 0x000001aa89697400, 0x000001aa89697f30, 0x000001aa8969ada0,
0x000001aae51423c0, 0x000001aae51cc5d0, 0x000001aae51d1530
}

Java Threads: ( => current thread )
  0x000001aa8740be30 JavaThread "main"                              [_thread_in_vm, id=15316, stack(0x000000a9cee00000,0x000000a9cef00000) (1024K)]
  0x000001aa89693030 JavaThread "Reference Handler"          daemon [_thread_blocked, id=17076, stack(0x000000a9cf600000,0x000000a9cf700000) (1024K)]
  0x000001aa89693d60 JavaThread "Finalizer"                  daemon [_thread_blocked, id=17268, stack(0x000000a9cf700000,0x000000a9cf800000) (1024K)]
  0x000001aa89695c20 JavaThread "Signal Dispatcher"          daemon [_thread_blocked, id=9376, stack(0x000000a9cf800000,0x000000a9cf900000) (1024K)]
  0x000001aa89696750 JavaThread "Attach Listener"            daemon [_thread_blocked, id=17292, stack(0x000000a9cf900000,0x000000a9cfa00000) (1024K)]
  0x000001aa89697400 JavaThread "Service Thread"             daemon [_thread_blocked, id=7788, stack(0x000000a9cfa00000,0x000000a9cfb00000) (1024K)]
  0x000001aa89697f30 JavaThread "Monitor Deflation Thread"   daemon [_thread_blocked, id=7984, stack(0x000000a9cfb00000,0x000000a9cfc00000) (1024K)]
  0x000001aa8969ada0 JavaThread "C2 CompilerThread0"         daemon [_thread_in_vm, id=12632, stack(0x000000a9cfc00000,0x000000a9cfd00000) (1024K)]
=>0x000001aae51423c0 JavaThread "C1 CompilerThread0"         daemon [_thread_in_native, id=16444, stack(0x000000a9cfd00000,0x000000a9cfe00000) (1024K)]
  0x000001aae51cc5d0 JavaThread "Notification Thread"        daemon [_thread_blocked, id=7280, stack(0x000000a9cfe00000,0x000000a9cff00000) (1024K)]
  0x000001aae51d1530 JavaThread "Common-Cleaner"             daemon [_thread_blocked, id=20980, stack(0x000000a9cff00000,0x000000a9d0000000) (1024K)]
Total: 11

Other Threads:
  0x000001aa8967e840 VMThread "VM Thread"                           [id=3828, stack(0x000000a9cf500000,0x000000a9cf600000) (1024K)]
  0x000001aa896737f0 WatcherThread "VM Periodic Task Thread"        [id=8760, stack(0x000000a9cf400000,0x000000a9cf500000) (1024K)]
  0x000001aa89600620 WorkerThread "GC Thread#0"                     [id=18380, stack(0x000000a9cef00000,0x000000a9cf000000) (1024K)]
  0x000001aa89609e60 ConcurrentGCThread "G1 Main Marker"            [id=10112, stack(0x000000a9cf000000,0x000000a9cf100000) (1024K)]
  0x000001aa8960aa00 WorkerThread "G1 Conc#0"                       [id=14812, stack(0x000000a9cf100000,0x000000a9cf200000) (1024K)]
  0x000001aa89657120 ConcurrentGCThread "G1 Refine#0"               [id=11732, stack(0x000000a9cf200000,0x000000a9cf300000) (1024K)]
  0x000001aa89658d40 ConcurrentGCThread "G1 Service"                [id=3804, stack(0x000000a9cf300000,0x000000a9cf400000) (1024K)]
Total: 7

Threads with active compile tasks:
C2 CompilerThread0  670  199       4       java.lang.String::isLatin1 (19 bytes)
C1 CompilerThread0  670  185       3       jdk.internal.classfile.impl.StackMapGenerator::processBlock (2767 bytes)
Total: 2

VM state: not at safepoint (normal execution)

VM Mutex/Monitor currently owned by a thread: None

Heap address: 0x00000000c9400000, size: 876 MB, Compressed Oops mode: 32-bit

CDS archive(s) mapped at: [0x000001aaa4000000-0x000001aaa4d40000-0x000001aaa4d40000), size 13893632, SharedBaseAddress: 0x000001aaa4000000, ArchiveRelocationMode: 1.
Compressed class space mapped at: 0x000001aaa5000000-0x000001aae5000000, reserved size: 1073741824
UseCompressedClassPointers 1, UseCompactObjectHeaders 0
Narrow klass pointer bits 32, Max shift 3
Narrow klass base: 0x000001aaa4000000, Narrow klass shift: 0
Encoding Range: [0x000001aaa4000000 - 0x000001aba4000000), (4294967296 bytes)
Klass Range:    [0x000001aaa4000000 - 0x000001aae5000000), (1090519040 bytes)
Klass ID Range:  [8 - 1090519033) (1090519025)

GC Precious Log:
 CardTable entry size: 512
 Card Set container configuration: InlinePtr #cards 5 size 8 Array Of Cards #cards 10 size 36 Howl #buckets 4 coarsen threshold 1843 Howl Bitmap #cards 512 size 80 coarsen threshold 460 Card regions per heap region 1 cards per card region 2048
 CPUs: 2 total, 2 available
 Memory: 3499M
 Large Page Support: Disabled
 NUMA Support: Disabled
 Compressed Oops: Enabled (32-bit)
 Heap Region Size: 1M
 Heap Min Capacity: 8M
 Heap Initial Capacity: 56M
 Heap Max Capacity: 876M
 Pre-touch: Disabled
 Parallel Workers: 2
 Concurrent Workers: 1
 Concurrent Refinement Workers: 2
 Periodic GC: Disabled

Heap:
 garbage-first heap   total reserved 897024K, committed 59392K, used 2160K [0x00000000c9400000, 0x0000000100000000)
  region size 1024K, 2 young (2048K), 0 survivors (0K)
 Metaspace       used 558K, committed 704K, reserved 1114112K
  class space    used 44K, committed 128K, reserved 1048576K

Heap Regions: E=young(eden), S=young(survivor), O=old, HS=humongous(starts), HC=humongous(continues), CS=collection set, F=free, TAMS=top-at-mark-start, PB=parsable bottom
|   0|0x00000000c9400000, 0x00000000c9400000, 0x00000000c9500000|  0%| F|  |TAMS 0x00000000c9400000| PB 0x00000000c9400000| Untracked |  0
|   1|0x00000000c9500000, 0x00000000c9500000, 0x00000000c9600000|  0%| F|  |TAMS 0x00000000c9500000| PB 0x00000000c9500000| Untracked |  0
|   2|0x00000000c9600000, 0x00000000c9600000, 0x00000000c9700000|  0%| F|  |TAMS 0x00000000c9600000| PB 0x00000000c9600000| Untracked |  0
|   3|0x00000000c9700000, 0x00000000c9700000, 0x00000000c9800000|  0%| F|  |TAMS 0x00000000c9700000| PB 0x00000000c9700000| Untracked |  0
|   4|0x00000000c9800000, 0x00000000c9800000, 0x00000000c9900000|  0%| F|  |TAMS 0x00000000c9800000| PB 0x00000000c9800000| Untracked |  0
|   5|0x00000000c9900000, 0x00000000c9900000, 0x00000000c9a00000|  0%| F|  |TAMS 0x00000000c9900000| PB 0x00000000c9900000| Untracked |  0
|   6|0x00000000c9a00000, 0x00000000c9a00000, 0x00000000c9b00000|  0%| F|  |TAMS 0x00000000c9a00000| PB 0x00000000c9a00000| Untracked |  0
|   7|0x00000000c9b00000, 0x00000000c9b00000, 0x00000000c9c00000|  0%| F|  |TAMS 0x00000000c9b00000| PB 0x00000000c9b00000| Untracked |  0
|   8|0x00000000c9c00000, 0x00000000c9c00000, 0x00000000c9d00000|  0%| F|  |TAMS 0x00000000c9c00000| PB 0x00000000c9c00000| Untracked |  0
|   9|0x00000000c9d00000, 0x00000000c9d00000, 0x00000000c9e00000|  0%| F|  |TAMS 0x00000000c9d00000| PB 0x00000000c9d00000| Untracked |  0
|  10|0x00000000c9e00000, 0x00000000c9e00000, 0x00000000c9f00000|  0%| F|  |TAMS 0x00000000c9e00000| PB 0x00000000c9e00000| Untracked |  0
|  11|0x00000000c9f00000, 0x00000000c9f00000, 0x00000000ca000000|  0%| F|  |TAMS 0x00000000c9f00000| PB 0x00000000c9f00000| Untracked |  0
|  12|0x00000000ca000000, 0x00000000ca000000, 0x00000000ca100000|  0%| F|  |TAMS 0x00000000ca000000| PB 0x00000000ca000000| Untracked |  0
|  13|0x00000000ca100000, 0x00000000ca100000, 0x00000000ca200000|  0%| F|  |TAMS 0x00000000ca100000| PB 0x00000000ca100000| Untracked |  0
|  14|0x00000000ca200000, 0x00000000ca200000, 0x00000000ca300000|  0%| F|  |TAMS 0x00000000ca200000| PB 0x00000000ca200000| Untracked |  0
|  15|0x00000000ca300000, 0x00000000ca300000, 0x00000000ca400000|  0%| F|  |TAMS 0x00000000ca300000| PB 0x00000000ca300000| Untracked |  0
|  16|0x00000000ca400000, 0x00000000ca400000, 0x00000000ca500000|  0%| F|  |TAMS 0x00000000ca400000| PB 0x00000000ca400000| Untracked |  0
|  17|0x00000000ca500000, 0x00000000ca500000, 0x00000000ca600000|  0%| F|  |TAMS 0x00000000ca500000| PB 0x00000000ca500000| Untracked |  0
|  18|0x00000000ca600000, 0x00000000ca600000, 0x00000000ca700000|  0%| F|  |TAMS 0x00000000ca600000| PB 0x00000000ca600000| Untracked |  0
|  19|0x00000000ca700000, 0x00000000ca700000, 0x00000000ca800000|  0%| F|  |TAMS 0x00000000ca700000| PB 0x00000000ca700000| Untracked |  0
|  20|0x00000000ca800000, 0x00000000ca800000, 0x00000000ca900000|  0%| F|  |TAMS 0x00000000ca800000| PB 0x00000000ca800000| Untracked |  0
|  21|0x00000000ca900000, 0x00000000ca900000, 0x00000000caa00000|  0%| F|  |TAMS 0x00000000ca900000| PB 0x00000000ca900000| Untracked |  0
|  22|0x00000000caa00000, 0x00000000caa00000, 0x00000000cab00000|  0%| F|  |TAMS 0x00000000caa00000| PB 0x00000000caa00000| Untracked |  0
|  23|0x00000000cab00000, 0x00000000cab00000, 0x00000000cac00000|  0%| F|  |TAMS 0x00000000cab00000| PB 0x00000000cab00000| Untracked |  0
|  24|0x00000000cac00000, 0x00000000cac00000, 0x00000000cad00000|  0%| F|  |TAMS 0x00000000cac00000| PB 0x00000000cac00000| Untracked |  0
|  25|0x00000000cad00000, 0x00000000cad00000, 0x00000000cae00000|  0%| F|  |TAMS 0x00000000cad00000| PB 0x00000000cad00000| Untracked |  0
|  26|0x00000000cae00000, 0x00000000cae00000, 0x00000000caf00000|  0%| F|  |TAMS 0x00000000cae00000| PB 0x00000000cae00000| Untracked |  0
|  27|0x00000000caf00000, 0x00000000caf00000, 0x00000000cb000000|  0%| F|  |TAMS 0x00000000caf00000| PB 0x00000000caf00000| Untracked |  0
|  28|0x00000000cb000000, 0x00000000cb000000, 0x00000000cb100000|  0%| F|  |TAMS 0x00000000cb000000| PB 0x00000000cb000000| Untracked |  0
|  29|0x00000000cb100000, 0x00000000cb100000, 0x00000000cb200000|  0%| F|  |TAMS 0x00000000cb100000| PB 0x00000000cb100000| Untracked |  0
|  30|0x00000000cb200000, 0x00000000cb200000, 0x00000000cb300000|  0%| F|  |TAMS 0x00000000cb200000| PB 0x00000000cb200000| Untracked |  0
|  31|0x00000000cb300000, 0x00000000cb300000, 0x00000000cb400000|  0%| F|  |TAMS 0x00000000cb300000| PB 0x00000000cb300000| Untracked |  0
|  32|0x00000000cb400000, 0x00000000cb400000, 0x00000000cb500000|  0%| F|  |TAMS 0x00000000cb400000| PB 0x00000000cb400000| Untracked |  0
|  33|0x00000000cb500000, 0x00000000cb500000, 0x00000000cb600000|  0%| F|  |TAMS 0x00000000cb500000| PB 0x00000000cb500000| Untracked |  0
|  34|0x00000000cb600000, 0x00000000cb600000, 0x00000000cb700000|  0%| F|  |TAMS 0x00000000cb600000| PB 0x00000000cb600000| Untracked |  0
|  35|0x00000000cb700000, 0x00000000cb700000, 0x00000000cb800000|  0%| F|  |TAMS 0x00000000cb700000| PB 0x00000000cb700000| Untracked |  0
|  36|0x00000000cb800000, 0x00000000cb800000, 0x00000000cb900000|  0%| F|  |TAMS 0x00000000cb800000| PB 0x00000000cb800000| Untracked |  0
|  37|0x00000000cb900000, 0x00000000cb900000, 0x00000000cba00000|  0%| F|  |TAMS 0x00000000cb900000| PB 0x00000000cb900000| Untracked |  0
|  38|0x00000000cba00000, 0x00000000cba00000, 0x00000000cbb00000|  0%| F|  |TAMS 0x00000000cba00000| PB 0x00000000cba00000| Untracked |  0
|  39|0x00000000cbb00000, 0x00000000cbb00000, 0x00000000cbc00000|  0%| F|  |TAMS 0x00000000cbb00000| PB 0x00000000cbb00000| Untracked |  0
|  40|0x00000000cbc00000, 0x00000000cbc00000, 0x00000000cbd00000|  0%| F|  |TAMS 0x00000000cbc00000| PB 0x00000000cbc00000| Untracked |  0
|  41|0x00000000cbd00000, 0x00000000cbd00000, 0x00000000cbe00000|  0%| F|  |TAMS 0x00000000cbd00000| PB 0x00000000cbd00000| Untracked |  0
|  42|0x00000000cbe00000, 0x00000000cbe00000, 0x00000000cbf00000|  0%| F|  |TAMS 0x00000000cbe00000| PB 0x00000000cbe00000| Untracked |  0
|  43|0x00000000cbf00000, 0x00000000cbf00000, 0x00000000cc000000|  0%| F|  |TAMS 0x00000000cbf00000| PB 0x00000000cbf00000| Untracked |  0
|  44|0x00000000cc000000, 0x00000000cc000000, 0x00000000cc100000|  0%| F|  |TAMS 0x00000000cc000000| PB 0x00000000cc000000| Untracked |  0
|  45|0x00000000cc100000, 0x00000000cc100000, 0x00000000cc200000|  0%| F|  |TAMS 0x00000000cc100000| PB 0x00000000cc100000| Untracked |  0
|  46|0x00000000cc200000, 0x00000000cc200000, 0x00000000cc300000|  0%| F|  |TAMS 0x00000000cc200000| PB 0x00000000cc200000| Untracked |  0
|  47|0x00000000cc300000, 0x00000000cc300000, 0x00000000cc400000|  0%| F|  |TAMS 0x00000000cc300000| PB 0x00000000cc300000| Untracked |  0
|  48|0x00000000cc400000, 0x00000000cc400000, 0x00000000cc500000|  0%| F|  |TAMS 0x00000000cc400000| PB 0x00000000cc400000| Untracked |  0
|  49|0x00000000cc500000, 0x00000000cc500000, 0x00000000cc600000|  0%| F|  |TAMS 0x00000000cc500000| PB 0x00000000cc500000| Untracked |  0
|  50|0x00000000cc600000, 0x00000000cc600000, 0x00000000cc700000|  0%| F|  |TAMS 0x00000000cc600000| PB 0x00000000cc600000| Untracked |  0
|  51|0x00000000cc700000, 0x00000000cc700000, 0x00000000cc800000|  0%| F|  |TAMS 0x00000000cc700000| PB 0x00000000cc700000| Untracked |  0
|  52|0x00000000cc800000, 0x00000000cc800000, 0x00000000cc900000|  0%| F|  |TAMS 0x00000000cc800000| PB 0x00000000cc800000| Untracked |  0
|  53|0x00000000cc900000, 0x00000000cc900000, 0x00000000cca00000|  0%| F|  |TAMS 0x00000000cc900000| PB 0x00000000cc900000| Untracked |  0
|  54|0x00000000cca00000, 0x00000000ccad7630, 0x00000000ccb00000| 84%| E|  |TAMS 0x00000000cca00000| PB 0x00000000cca00000| Complete |  0
|  55|0x00000000ccb00000, 0x00000000ccc00000, 0x00000000ccc00000|100%| E|CS|TAMS 0x00000000ccb00000| PB 0x00000000ccb00000| Complete |  0
| 874|0x00000000ffe00000, 0x00000000fff00000, 0x00000000fff00000|100%| O|  |TAMS 0x00000000ffe00000| PB 0x00000000ffe00000| Untracked |  0
| 875|0x00000000fff00000, 0x00000000fff1c288, 0x0000000100000000| 10%| O|  |TAMS 0x00000000fff00000| PB 0x00000000fff00000| Untracked |  0

Card table byte_map: [0x000001aa89390000,0x000001aa89550000] _byte_map_base: 0x000001aa88d46000

Marking Bits: (CMBitMap*) 0x000001aa89600c40
 Bits: [0x000001aaa0e80000, 0x000001aaa1c30000)

Polling page: 0x000001aa88da0000

Metaspace:

Usage:
  Non-class:    514.34 KB used.
      Class:     44.02 KB used.
       Both:    558.36 KB used.

Virtual space:
  Non-class space:       64.00 MB reserved,     576.00 KB ( <1%) committed,  1 nodes.
      Class space:        1.00 GB reserved,     128.00 KB ( <1%) committed,  1 nodes.
             Both:        1.06 GB reserved,     704.00 KB ( <1%) committed. 

Chunk freelists:
   Non-Class:  11.82 MB
       Class:  15.71 MB
        Both:  27.53 MB

MaxMetaspaceSize: unlimited
CompressedClassSpaceSize: 1.00 GB
Initial GC threshold: 21.00 MB
Current GC threshold: 21.00 MB
CDS: on
 - commit_granule_bytes: 65536.
 - commit_granule_words: 8192.
 - virtual_space_node_default_size: 8388608.
 - enlarge_chunks_in_place: 1.
UseCompressedClassPointers 1, UseCompactObjectHeaders 0
Narrow klass pointer bits 32, Max shift 3
Narrow klass base: 0x000001aaa4000000, Narrow klass shift: 0
Encoding Range: [0x000001aaa4000000 - 0x000001aba4000000), (4294967296 bytes)
Klass Range:    [0x000001aaa4000000 - 0x000001aae5000000), (1090519040 bytes)
Klass ID Range:  [8 - 1090519033) (1090519025)


Internal statistics:

num_allocs_failed_limit: 0.
num_arena_births: 26.
num_arena_deaths: 0.
num_vsnodes_births: 2.
num_vsnodes_deaths: 0.
num_space_committed: 11.
num_space_uncommitted: 0.
num_chunks_returned_to_freelist: 0.
num_chunks_taken_from_freelist: 38.
num_chunk_merges: 0.
num_chunk_splits: 25.
num_chunks_enlarged: 15.
num_inconsistent_stats: 0.

CodeHeap 'non-profiled nmethods': size=120128Kb used=62Kb max_used=62Kb free=120065Kb
 bounds [0x000001aa99930000, 0x000001aa99ba0000, 0x000001aaa0e80000]
CodeHeap 'profiled nmethods': size=120000Kb used=155Kb max_used=155Kb free=119844Kb
 bounds [0x000001aa91e80000, 0x000001aa920f0000, 0x000001aa993b0000]
CodeHeap 'non-nmethods': size=5632Kb used=1222Kb max_used=1229Kb free=4409Kb
 bounds [0x000001aa993b0000, 0x000001aa99620000, 0x000001aa99930000]
CodeCache: size=245760Kb, used=1439Kb, max_used=1446Kb, free=244318Kb
 total_blobs=579, nmethods=191, adapters=294, full_count=0
Compilation: enabled, stopped_count=0, restarted_count=0

Compilation events (20 events):
Event: 0.577 Thread 0x000001aae51423c0 nmethod 175 0x000001aa91ea4188 code [0x000001aa91ea43a0, 0x000001aa91ea50b8]
Event: 0.577 Thread 0x000001aae51423c0  176       3       java.lang.invoke.LambdaForm$BasicType::basicType (8 bytes)
Event: 0.577 Thread 0x000001aae51423c0 nmethod 176 0x000001aa91ea5188 code [0x000001aa91ea52c0, 0x000001aa91ea55f8]
Event: 0.577 Thread 0x000001aae51423c0  178       3       jdk.internal.classfile.impl.SplitConstantPool::canWriteDirect (24 bytes)
Event: 0.577 Thread 0x000001aae51423c0 nmethod 178 0x000001aa91ea5688 code [0x000001aa91ea57c0, 0x000001aa91ea5aa0]
Event: 0.577 Thread 0x000001aae51423c0  177       3       sun.invoke.util.Wrapper::basicTypeChar (18 bytes)
Event: 0.578 Thread 0x000001aae51423c0 nmethod 177 0x000001aa91ea5b08 code [0x000001aa91ea5c40, 0x000001aa91ea5f00]
Event: 0.578 Thread 0x000001aae51423c0  179       3       java.lang.invoke.MethodType::parameterCount (6 bytes)
Event: 0.578 Thread 0x000001aae51423c0 nmethod 179 0x000001aa91ea5f88 code [0x000001aa91ea60a0, 0x000001aa91ea61b0]
Event: 0.578 Thread 0x000001aae51423c0  181       3       jdk.internal.classfile.impl.AbstractPoolEntry$Utf8EntryImpl::contentHash (19 bytes)
Event: 0.578 Thread 0x000001aae51423c0 nmethod 181 0x000001aa91ea6288 code [0x000001aa91ea63a0, 0x000001aa91ea6528]
Event: 0.578 Thread 0x000001aae51423c0  182       3       jdk.internal.classfile.impl.AbstractPoolEntry$Utf8EntryImpl::hashCode (8 bytes)
Event: 0.578 Thread 0x000001aae51423c0 nmethod 182 0x000001aa91ea6588 code [0x000001aa91ea66c0, 0x000001aa91ea6978]
Event: 0.578 Thread 0x000001aae51423c0  180       1       jdk.internal.constant.ClassOrInterfaceDescImpl::isClassOrInterface (2 bytes)
Event: 0.578 Thread 0x000001aae51423c0 nmethod 180 0x000001aa9993de88 code [0x000001aa9993df80, 0x000001aa9993e048]
Event: 0.578 Thread 0x000001aae51423c0  183       1       jdk.internal.classfile.impl.AbstractPoolEntry$ClassEntryImpl::tag (3 bytes)
Event: 0.578 Thread 0x000001aae51423c0 nmethod 183 0x000001aa9993e188 code [0x000001aa9993e280, 0x000001aa9993e348]
Event: 0.578 Thread 0x000001aae51423c0  184       3       java.lang.Record::<init> (5 bytes)
Event: 0.578 Thread 0x000001aae51423c0 nmethod 184 0x000001aa91ea6a08 code [0x000001aa91ea6b20, 0x000001aa91ea6c80]
Event: 0.578 Thread 0x000001aae51423c0  185       3       jdk.internal.classfile.impl.StackMapGenerator::processBlock (2767 bytes)

GC Heap History (0 events):
No events

Dll operation events (7 events):
Event: 0.084 Loaded shared library C:\Users\okaka victoria\.jdks\openjdk-24.0.1\bin\java.dll
Event: 0.432 Loaded shared library C:\Users\okaka victoria\.jdks\openjdk-24.0.1\bin\jsvml.dll
Event: 0.451 Loaded shared library C:\Users\okaka victoria\.jdks\openjdk-24.0.1\bin\net.dll
Event: 0.456 Loaded shared library C:\Users\okaka victoria\.jdks\openjdk-24.0.1\bin\nio.dll
Event: 0.481 Loaded shared library C:\Users\okaka victoria\.jdks\openjdk-24.0.1\bin\zip.dll
Event: 0.493 Loaded shared library C:\Users\okaka victoria\.jdks\openjdk-24.0.1\bin\jimage.dll
Event: 0.514 Loaded shared library C:\Users\okaka victoria\.jdks\openjdk-24.0.1\bin\attach.dll

Deoptimization events (0 events):
No events

Classes loaded (20 events):
Event: 0.556 Loading class java/util/regex/Pattern$BnM
Event: 0.557 Loading class java/util/regex/Pattern$BnM done
Event: 0.557 Loading class java/util/regex/Pattern$SliceS
Event: 0.557 Loading class java/util/regex/Pattern$SliceS done
Event: 0.561 Loading class java/lang/IllegalAccessException
Event: 0.561 Loading class java/lang/IllegalAccessException done
Event: 0.561 Loading class java/lang/InstantiationException
Event: 0.561 Loading class java/lang/InstantiationException done
Event: 0.561 Loading class java/lang/reflect/InvocationTargetException
Event: 0.561 Loading class java/lang/reflect/InvocationTargetException done
Event: 0.564 Loading class jdk/internal/perf/Perf$CleanerAction
Event: 0.564 Loading class jdk/internal/perf/Perf$CleanerAction done
Event: 0.571 Loading class java/net/MalformedURLException
Event: 0.572 Loading class java/net/MalformedURLException done
Event: 0.572 Loading class java/lang/InterruptedException
Event: 0.572 Loading class java/lang/InterruptedException done
Event: 0.574 Loading class sun/invoke/util/ValueConversions$1
Event: 0.574 Loading class sun/invoke/util/ValueConversions$1 done
Event: 0.575 Loading class java/lang/invoke/BoundMethodHandle$Species_LI
Event: 0.575 Loading class java/lang/invoke/BoundMethodHandle$Species_LI done

Classes unloaded (0 events):
No events

Classes redefined (0 events):
No events

Internal exceptions (3 events):
Event: 0.573 Thread 0x000001aa8740be30 Exception <a 'java/lang/NoSuchMethodError'{0x00000000cca94638}: 'java.lang.Object java.lang.invoke.DirectMethodHandle$Holder.newInvokeSpecial(java.lang.Object, java.lang.Object, int)'> (0x00000000cca94638) 
thrown [s\open\src\hotspot\share\interpreter\linkResolver.cpp, line 805]
Event: 0.579 Thread 0x000001aa8740be30 Exception <a 'java/lang/NoSuchMethodError'{0x00000000ccaadbd8}: 'java.lang.Object java.lang.invoke.DirectMethodHandle$Holder.invokeStatic(java.lang.Object, java.lang.Object, java.lang.Object, java.lang.Object, int)'> (0x00000000ccaadbd8) 
thrown [s\open\src\hotspot\share\interpreter\linkResolver.cpp, line 805]
Event: 0.581 Thread 0x000001aa8740be30 Exception <a 'java/lang/NoSuchMethodError'{0x00000000ccac0018}: 'int java.lang.invoke.DirectMethodHandle$Holder.invokeSpecial(java.lang.Object, java.lang.Object, java.lang.Object)'> (0x00000000ccac0018) 
thrown [s\open\src\hotspot\share\interpreter\linkResolver.cpp, line 805]

VM Operations (0 events):
No events

Memory protections (0 events):
No events

Nmethod flushes (0 events):
No events

Events (11 events):
Event: 0.392 Thread 0x000001aa8740be30 Thread added: 0x000001aa8740be30
Event: 0.426 Thread 0x000001aa8740be30 Thread added: 0x000001aa89693030
Event: 0.426 Thread 0x000001aa8740be30 Thread added: 0x000001aa89693d60
Event: 0.427 Thread 0x000001aa8740be30 Thread added: 0x000001aa89695c20
Event: 0.427 Thread 0x000001aa8740be30 Thread added: 0x000001aa89696750
Event: 0.427 Thread 0x000001aa8740be30 Thread added: 0x000001aa89697400
Event: 0.427 Thread 0x000001aa8740be30 Thread added: 0x000001aa89697f30
Event: 0.427 Thread 0x000001aa8740be30 Thread added: 0x000001aa8969ada0
Event: 0.431 Thread 0x000001aa8740be30 Thread added: 0x000001aae51423c0
Event: 0.443 Thread 0x000001aa8740be30 Thread added: 0x000001aae51cc5d0
Event: 0.446 Thread 0x000001aa8740be30 Thread added: 0x000001aae51d1530


Dynamic libraries:
0x00007ff777480000 - 0x00007ff77748e000 	C:\Users\okaka victoria\.jdks\openjdk-24.0.1\bin\java.exe
0x00007ffec3990000 - 0x00007ffec3b88000 	C:\WINDOWS\SYSTEM32\ntdll.dll
0x00007ffec2d30000 - 0x00007ffec2df2000 	C:\WINDOWS\System32\KERNEL32.DLL
0x00007ffec1300000 - 0x00007ffec15f6000 	C:\WINDOWS\System32\KERNELBASE.dll
0x00007ffec1010000 - 0x00007ffec1110000 	C:\WINDOWS\System32\ucrtbase.dll
0x00007ffeba1f0000 - 0x00007ffeba206000 	C:\Users\okaka victoria\.jdks\openjdk-24.0.1\bin\jli.dll
0x00007ffec22f0000 - 0x00007ffec248d000 	C:\WINDOWS\System32\USER32.dll
0x00007ffec1940000 - 0x00007ffec1962000 	C:\WINDOWS\System32\win32u.dll
0x00007ffec3530000 - 0x00007ffec355b000 	C:\WINDOWS\System32\GDI32.dll
0x00007ffec1110000 - 0x00007ffec122a000 	C:\WINDOWS\System32\gdi32full.dll
0x00007ffec1760000 - 0x00007ffec17fd000 	C:\WINDOWS\System32\msvcp_win.dll
0x00007ffea4980000 - 0x00007ffea4c1a000 	C:\WINDOWS\WinSxS\amd64_microsoft.windows.common-controls_6595b64144ccf1df_6.0.19041.4355_none_60b8b9eb71f62e16\COMCTL32.dll
0x00007ffec1dd0000 - 0x00007ffec1e6e000 	C:\WINDOWS\System32\msvcrt.dll
0x00007ffeb92c0000 - 0x00007ffeb92db000 	C:\Users\okaka victoria\.jdks\openjdk-24.0.1\bin\VCRUNTIME140.dll
0x00007ffec1da0000 - 0x00007ffec1dcf000 	C:\WINDOWS\System32\IMM32.DLL
0x00007ffebe140000 - 0x00007ffebe14c000 	C:\Users\okaka victoria\.jdks\openjdk-24.0.1\bin\vcruntime140_1.dll
0x00007ffea9940000 - 0x00007ffea99ce000 	C:\Users\okaka victoria\.jdks\openjdk-24.0.1\bin\msvcp140.dll
0x00007ffe94030000 - 0x00007ffe94dd2000 	C:\Users\okaka victoria\.jdks\openjdk-24.0.1\bin\server\jvm.dll
0x00007ffec3380000 - 0x00007ffec3431000 	C:\WINDOWS\System32\ADVAPI32.dll
0x00007ffec1d00000 - 0x00007ffec1d9f000 	C:\WINDOWS\System32\sechost.dll
0x00007ffec2eb0000 - 0x00007ffec2fd3000 	C:\WINDOWS\System32\RPCRT4.dll
0x00007ffec1970000 - 0x00007ffec1997000 	C:\WINDOWS\System32\bcrypt.dll
0x00007ffec30b0000 - 0x00007ffec311b000 	C:\WINDOWS\System32\WS2_32.dll
0x00007ffec0e70000 - 0x00007ffec0ebb000 	C:\WINDOWS\SYSTEM32\POWRPROF.dll
0x00007ffeb7840000 - 0x00007ffeb7867000 	C:\WINDOWS\SYSTEM32\WINMM.dll
0x00007ffeb7870000 - 0x00007ffeb787a000 	C:\WINDOWS\SYSTEM32\VERSION.dll
0x00007ffec0e50000 - 0x00007ffec0e62000 	C:\WINDOWS\SYSTEM32\UMPDC.dll
0x00007ffebee90000 - 0x00007ffebeea2000 	C:\WINDOWS\SYSTEM32\kernel.appcore.dll
0x00007ffebbb30000 - 0x00007ffebbb3a000 	C:\Users\okaka victoria\.jdks\openjdk-24.0.1\bin\jimage.dll
0x00007ffeb4810000 - 0x00007ffeb49f4000 	C:\WINDOWS\SYSTEM32\DBGHELP.DLL
0x00007ffea6e10000 - 0x00007ffea6e44000 	C:\WINDOWS\SYSTEM32\dbgcore.DLL
0x00007ffec1800000 - 0x00007ffec1882000 	C:\WINDOWS\System32\bcryptPrimitives.dll
0x00007ffeb8a60000 - 0x00007ffeb8a7e000 	C:\Users\okaka victoria\.jdks\openjdk-24.0.1\bin\java.dll
0x00007ffec3120000 - 0x00007ffec324b000 	C:\WINDOWS\System32\ole32.dll
0x00007ffec19a0000 - 0x00007ffec1cf5000 	C:\WINDOWS\System32\combase.dll
0x00007ffec25b0000 - 0x00007ffec2d1f000 	C:\WINDOWS\System32\SHELL32.dll
0x00007ffebf090000 - 0x00007ffebf833000 	C:\WINDOWS\SYSTEM32\windows.storage.dll
0x00007ffec0970000 - 0x00007ffec099b000 	C:\WINDOWS\SYSTEM32\Wldp.dll
0x00007ffec3560000 - 0x00007ffec362d000 	C:\WINDOWS\System32\OLEAUT32.dll
0x00007ffec2fe0000 - 0x00007ffec308d000 	C:\WINDOWS\System32\SHCORE.dll
0x00007ffec3630000 - 0x00007ffec3685000 	C:\WINDOWS\System32\shlwapi.dll
0x00007ffec0f40000 - 0x00007ffec0f65000 	C:\WINDOWS\SYSTEM32\profapi.dll
0x00007ffea3200000 - 0x00007ffea32d7000 	C:\Users\okaka victoria\.jdks\openjdk-24.0.1\bin\jsvml.dll
0x00007ffebbb10000 - 0x00007ffebbb20000 	C:\Users\okaka victoria\.jdks\openjdk-24.0.1\bin\net.dll
0x00007ffec06d0000 - 0x00007ffec073c000 	C:\WINDOWS\system32\mswsock.dll
0x00007ffeb8980000 - 0x00007ffeb8996000 	C:\Users\okaka victoria\.jdks\openjdk-24.0.1\bin\nio.dll
0x00007ffeabfe0000 - 0x00007ffeabff7000 	C:\Users\okaka victoria\.jdks\openjdk-24.0.1\bin\zip.dll
0x00007ffeb9260000 - 0x00007ffeb9269000 	C:\Users\okaka victoria\.jdks\openjdk-24.0.1\bin\attach.dll
0x00007ffec2d20000 - 0x00007ffec2d28000 	C:\WINDOWS\System32\PSAPI.DLL

JVMTI agents: none

dbghelp: loaded successfully - version: 4.0.5 - missing functions: none
symbol engine: initialized successfully - sym options: 0x614 - pdb path: .;C:\Users\okaka victoria\.jdks\openjdk-24.0.1\bin;C:\WINDOWS\SYSTEM32;C:\WINDOWS\WinSxS\amd64_microsoft.windows.common-controls_6595b64144ccf1df_6.0.19041.4355_none_60b8b9eb71f62e16;C:\Users\okaka victoria\.jdks\openjdk-24.0.1\bin\server

VM Arguments:
jvm_args: -Dnet.bytebuddy.agent.attacher.dump= 
java_command: net.bytebuddy.agent.Attacher com.sun.tools.attach.VirtualMachine 20704 C:\Users\okaka victoria\.m2\repository\net\bytebuddy\byte-buddy-agent\1.15.11\byte-buddy-agent-1.15.11.jar false 
java_class_path (initial): C:\Users\okaka victoria\.m2\repository\net\bytebuddy\byte-buddy-agent\1.15.11\byte-buddy-agent-1.15.11.jar
Launcher Type: SUN_STANDARD

[Global flags]
     intx CICompilerCount                          = 2                                         {product} {ergonomic}
     uint ConcGCThreads                            = 1                                         {product} {ergonomic}
     uint G1ConcRefinementThreads                  = 2                                         {product} {ergonomic}
   size_t G1HeapRegionSize                         = 1048576                                   {product} {ergonomic}
   size_t InitialHeapSize                          = 58720256                                  {product} {ergonomic}
   size_t MarkStackSize                            = 4194304                                   {product} {ergonomic}
   size_t MarkStackSizeMax                         = 536870912                                 {product} {ergonomic}
   size_t MaxHeapSize                              = 918552576                                 {product} {ergonomic}
   size_t MaxNewSize                               = 550502400                                 {product} {ergonomic}
   size_t MinHeapDeltaBytes                        = 1048576                                   {product} {ergonomic}
   size_t MinHeapSize                              = 8388608                                   {product} {ergonomic}
    uintx NonNMethodCodeHeapSize                   = 5767168                                {pd product} {ergonomic}
    uintx NonProfiledCodeHeapSize                  = 123011072                              {pd product} {ergonomic}
    uintx ProfiledCodeHeapSize                     = 122880000                              {pd product} {ergonomic}
    uintx ReservedCodeCacheSize                    = 251658240                              {pd product} {ergonomic}
     bool SegmentedCodeCache                       = true                                      {product} {ergonomic}
   size_t SoftMaxHeapSize                          = 918552576                              {manageable} {ergonomic}
     bool UseCompressedOops                        = true                           {product lp64_product} {ergonomic}
     bool UseG1GC                                  = true                                      {product} {ergonomic}
     bool UseLargePagesIndividualAllocation        = false                                  {pd product} {ergonomic}

Logging:
Log output configuration:
 #0: stdout all=warning uptime,level,tags foldmultilines=false
 #1: stderr all=off uptime,level,tags foldmultilines=false

Environment Variables:
PATH=C:\Program Files\Common Files\Oracle\Java\javapath;C:\WINDOWS\system32;C:\WINDOWS;C:\WINDOWS\System32\Wbem;C:\WINDOWS\System32\WindowsPowerShell\v1.0\;C:\WINDOWS\System32\OpenSSH\;C:\Program Files\HP\HP One Agent;C:\Program Files\dotnet\;C:\Program Files\Git\cmd;C:\Program Files\nodejs\;C:\Program Files\MySQL\MySQL Shell 8.0\bin\;C:\Users\okaka victoria\AppData\Local\Programs\Python\Launcher\;C:\Users\okaka victoria\AppData\Local\Microsoft\WindowsApps;C:\Users\okaka victoria\AppData\Local\Programs\Microsoft VS Code\bin;C:\Users\okaka victoria\AppData\Roaming\npm
USERNAME=okaka victoria
OS=Windows_NT
PROCESSOR_IDENTIFIER=AMD64 Family 23 Model 24 Stepping 1, AuthenticAMD
TMP=C:\Users\OKAKAV~1\AppData\Local\Temp
TEMP=C:\Users\OKAKAV~1\AppData\Local\Temp




Periodic native trim disabled

---------------  S Y S T E M  ---------------

OS:
 Windows 10 , 64 bit Build 19041 (10.0.19041.5678)
OS uptime: 0 days 22:10 hours

CPU: total 2 (initial active 2) (2 cores per cpu, 1 threads per core) family 23 model 24 stepping 1 microcode 0x0, cx8, cmov, fxsr, mmx, 3dnowpref, sse, sse2, sse3, ssse3, sse4a, sse4.1, sse4.2, popcnt, lzcnt, tsc, tscinvbit, avx, avx2, aes, clmul, bmi1, bmi2, adx, sha, fma, vzeroupper, clflush, clflushopt, rdtscp, f16c
Processor Information for the first 2 processors :
  Max Mhz: 2300, Current Mhz: 2300, Mhz Limit: 2300

Memory: 4k page, system-wide physical 3499M (142M free)
TotalPageFile size 14251M (AvailPageFile size 1M)
current process WorkingSet (physical memory assigned to process): 38M, peak: 38M
current process commit charge ("private bytes"): 126M, peak: 126M

vm_info: OpenJDK 64-Bit Server VM (24.0.1+9-30) for windows-amd64 JRE (24.0.1+9-30), built on 2025-03-05T07:23:45Z with MS VC++ 17.6 (VS2022)

END.
