#
# There is insufficient memory for the Java Runtime Environment to continue.
# Native memory allocation (malloc) failed to allocate 10740304 bytes. Error detail: Chunk::new
# Possible reasons:
#   The system is out of physical RAM or swap space
#   This process is running with CompressedOops enabled, and the Java Heap may be blocking the growth of the native heap
# Possible solutions:
#   Reduce memory load on the system
#   Increase physical memory or swap space
#   Check if swap backing store is full
#   Decrease Java heap size (-Xmx/-Xms)
#   Decrease number of Java threads
#   Decrease Java thread stack sizes (-Xss)
#   Set larger code cache with -XX:ReservedCodeCacheSize=
#   JVM is running with Unscaled Compressed Oops mode in which the Java heap is
#     placed in the first 4GB address space. The Java Heap base address is the
#     maximum limit for the native heap growth. Please use -XX:HeapBaseMinAddress
#     to set the Java Heap base and to place the Java Heap above 4GB virtual address.
# This output file may be truncated or incomplete.
#
#  Out of Memory Error (arena.cpp:162), pid=12568, tid=13416
#
# JRE version: OpenJDK Runtime Environment (24.0.1+9) (build 24.0.1+9-30)
# Java VM: OpenJDK 64-Bit Server VM (24.0.1+9-30, mixed mode, sharing, tiered, compressed oops, compressed class ptrs, g1 gc, windows-amd64)
# No core dump will be written. Minidumps are not enabled by default on client versions of Windows
#

---------------  S U M M A R Y ------------

Command Line: -ea -Didea.test.cyclic.buffer.size=1048576 -javaagent:C:\Program Files\JetBrains\IntelliJ IDEA 2024.3.5\lib\idea_rt.jar=55671 -javaagent:C:\Users\OKAKAV~1\AppData\Local\Temp\captureAgent1jars\debugger-agent.jar -Dkotlinx.coroutines.debug.enable.creation.stack.trace=false -Ddebugger.agent.enable.coroutines=true -Dkotlinx.coroutines.debug.enable.flows.stack.trace=true -Dkotlinx.coroutines.debug.enable.mutable.state.flows.stack.trace=true -Dfile.encoding=UTF-8 -Dsun.stdout.encoding=UTF-8 -Dsun.stderr.encoding=UTF-8 com.intellij.rt.junit.JUnitStarter -ideVersion5 -junit5 com.codewithfavour.service.LiberianServiceImplTest

Host: AMD Athlon Silver 3050U with Radeon Graphics   , 2 cores, 3G,  Windows 10 , 64 bit Build 19041 (10.0.19041.5678)
Time: Sun Jun 15 23:25:11 2025 W. Central Africa Standard Time elapsed time: 18.409626 seconds (0d 0h 0m 18s)

---------------  T H R E A D  ---------------

Current thread (0x00000132a58b2f40):  JavaThread "C2 CompilerThread0" daemon [_thread_in_native, id=13416, stack(0x00000023add00000,0x00000023ade00000) (1024K)]


Current CompileTask:
C2:18409 5046       4       org.springframework.beans.factory.support.AbstractBeanFactory::isTypeMatch (745 bytes)

Stack: [0x00000023add00000,0x00000023ade00000]
Native frames: (J=compiled Java code, j=interpreted, Vv=VM code, C=native code)
V  [jvm.dll+0x730739]  (no source info available)
V  [jvm.dll+0x8d9b23]  (no source info available)
V  [jvm.dll+0x8dc00d]  (no source info available)
V  [jvm.dll+0x8dc683]  (no source info available)
V  [jvm.dll+0x2aa086]  (no source info available)
V  [jvm.dll+0xcedef]  (no source info available)
V  [jvm.dll+0xcf04f]  (no source info available)
V  [jvm.dll+0x154d83]  (no source info available)
V  [jvm.dll+0x735f5f]  (no source info available)
V  [jvm.dll+0x26fa1c]  (no source info available)
V  [jvm.dll+0x26ea3f]  (no source info available)
V  [jvm.dll+0x1e9d60]  (no source info available)
V  [jvm.dll+0x27e1fb]  (no source info available)
V  [jvm.dll+0x27c49a]  (no source info available)
V  [jvm.dll+0x42f456]  (no source info available)
V  [jvm.dll+0x87d76b]  (no source info available)
V  [jvm.dll+0x72ee55]  (no source info available)
C  [ucrtbase.dll+0x21bb2]  (no source info available)
C  [KERNEL32.DLL+0x17374]  (no source info available)
C  [ntdll.dll+0x4cc91]  (no source info available)

Lock stack of current Java thread (top to bottom):


---------------  P R O C E S S  ---------------

Threads class SMR info:
_java_thread_list=0x00000132ee9c28e0, length=16, elements={
0x000001328ad601b0, 0x000001328ae1a250, 0x000001328ae1c110, 0x00000132a58adf40,
0x00000132a58aea70, 0x00000132a58af5a0, 0x00000132a58b00d0, 0x00000132a58b2f40,
0x00000132a58df090, 0x00000132a5afb1d0, 0x00000132a5b22560, 0x00000132a5c1b9e0,
0x00000132ede1e310, 0x00000132ede1d470, 0x00000132ecd6c4d0, 0x00000132ede1f900
}

Java Threads: ( => current thread )
  0x000001328ad601b0 JavaThread "main"                              [_thread_in_vm, id=6764, stack(0x00000023acf00000,0x00000023ad000000) (1024K)]
  0x000001328ae1a250 JavaThread "Reference Handler"          daemon [_thread_blocked, id=14432, stack(0x00000023ad700000,0x00000023ad800000) (1024K)]
  0x000001328ae1c110 JavaThread "Finalizer"                  daemon [_thread_blocked, id=6224, stack(0x00000023ad800000,0x00000023ad900000) (1024K)]
  0x00000132a58adf40 JavaThread "Signal Dispatcher"          daemon [_thread_blocked, id=13964, stack(0x00000023ad900000,0x00000023ada00000) (1024K)]
  0x00000132a58aea70 JavaThread "Attach Listener"            daemon [_thread_blocked, id=444, stack(0x00000023ada00000,0x00000023adb00000) (1024K)]
  0x00000132a58af5a0 JavaThread "Service Thread"             daemon [_thread_blocked, id=12356, stack(0x00000023adb00000,0x00000023adc00000) (1024K)]
  0x00000132a58b00d0 JavaThread "Monitor Deflation Thread"   daemon [_thread_blocked, id=5852, stack(0x00000023adc00000,0x00000023add00000) (1024K)]
=>0x00000132a58b2f40 JavaThread "C2 CompilerThread0"         daemon [_thread_in_native, id=13416, stack(0x00000023add00000,0x00000023ade00000) (1024K)]
  0x00000132a58df090 JavaThread "C1 CompilerThread0"         daemon [_thread_blocked, id=12004, stack(0x00000023ade00000,0x00000023adf00000) (1024K)]
  0x00000132a5afb1d0 JavaThread "Common-Cleaner"             daemon [_thread_blocked, id=11516, stack(0x00000023adf00000,0x00000023ae000000) (1024K)]
  0x00000132a5b22560 JavaThread "Monitor Ctrl-Break"         daemon [_thread_in_native, id=2116, stack(0x00000023ae000000,0x00000023ae100000) (1024K)]
  0x00000132a5c1b9e0 JavaThread "Notification Thread"        daemon [_thread_blocked, id=7376, stack(0x00000023ae100000,0x00000023ae200000) (1024K)]
  0x00000132ede1e310 JavaThread "BufferPoolPruner-1-thread-1" daemon [_thread_blocked, id=12760, stack(0x00000023ae300000,0x00000023ae400000) (1024K)]
  0x00000132ede1d470 JavaThread "cluster-ClusterId{value='684f4843373f13e74a105f88', description='null'}-localhost:27017" daemon [_thread_in_native, id=11852, stack(0x00000023ae400000,0x00000023ae500000) (1024K)]
  0x00000132ecd6c4d0 JavaThread "cluster-rtt-ClusterId{value='684f4843373f13e74a105f88', description='null'}-localhost:27017" daemon [_thread_blocked, id=4948, stack(0x00000023ae600000,0x00000023ae700000) (1024K)]
  0x00000132ede1f900 JavaThread "MaintenanceTimer-2-thread-1" daemon [_thread_blocked, id=11216, stack(0x00000023ae700000,0x00000023ae800000) (1024K)]
Total: 16

Other Threads:
  0x000001328ae07730 VMThread "VM Thread"                           [id=7496, stack(0x00000023ad600000,0x00000023ad700000) (1024K)]
  0x00000132a58aaa00 WatcherThread "VM Periodic Task Thread"        [id=3080, stack(0x00000023ad500000,0x00000023ad600000) (1024K)]
  0x000001328ad95330 WorkerThread "GC Thread#0"                     [id=11916, stack(0x00000023ad000000,0x00000023ad100000) (1024K)]
  0x00000132eb894580 WorkerThread "GC Thread#1"                     [id=8520, stack(0x00000023ae200000,0x00000023ae300000) (1024K)]
  0x000001328ad9eb70 ConcurrentGCThread "G1 Main Marker"            [id=2564, stack(0x00000023ad100000,0x00000023ad200000) (1024K)]
  0x000001328ada0f30 WorkerThread "G1 Conc#0"                       [id=12708, stack(0x00000023ad200000,0x00000023ad300000) (1024K)]
  0x000001328adebe50 ConcurrentGCThread "G1 Refine#0"               [id=13608, stack(0x00000023ad300000,0x00000023ad400000) (1024K)]
  0x000001328adeca60 ConcurrentGCThread "G1 Service"                [id=13916, stack(0x00000023ad400000,0x00000023ad500000) (1024K)]
Total: 8

Threads with active compile tasks:
C2 CompilerThread0  18638 5046       4       org.springframework.beans.factory.support.AbstractBeanFactory::isTypeMatch (745 bytes)
Total: 1

VM state: not at safepoint (normal execution)

VM Mutex/Monitor currently owned by a thread: None

Heap address: 0x00000000c9400000, size: 876 MB, Compressed Oops mode: 32-bit

CDS archive(s) mapped at: [0x00000132a6000000-0x00000132a6d40000-0x00000132a6d40000), size 13893632, SharedBaseAddress: 0x00000132a6000000, ArchiveRelocationMode: 1.
Compressed class space mapped at: 0x00000132a7000000-0x00000132e7000000, reserved size: 1073741824
UseCompressedClassPointers 1, UseCompactObjectHeaders 0
Narrow klass pointer bits 32, Max shift 3
Narrow klass base: 0x00000132a6000000, Narrow klass shift: 0
Encoding Range: [0x00000132a6000000 - 0x00000133a6000000), (4294967296 bytes)
Klass Range:    [0x00000132a6000000 - 0x00000132e7000000), (1090519040 bytes)
Klass ID Range:  [8 - 1090519033) (1090519025)

GC Precious Log:
 CardTable entry size: 512
 Card Set container configuration: InlinePtr #cards 5 size 8 Array Of Cards #cards 10 size 36 Howl #buckets 4 coarsen threshold 1843 Howl Bitmap #cards 512 size 80 coarsen threshold 460 Card regions per heap region 1 cards per card region 2048
 CPUs: 2 total, 2 available
 Memory: 3499M
 Large Page Support: Disabled
 NUMA Support: Disabled
 Compressed Oops: Enabled (32-bit)
 Heap Region Size: 1M
 Heap Min Capacity: 8M
 Heap Initial Capacity: 56M
 Heap Max Capacity: 876M
 Pre-touch: Disabled
 Parallel Workers: 2
 Concurrent Workers: 1
 Concurrent Refinement Workers: 2
 Periodic GC: Disabled

Heap:
 garbage-first heap   total reserved 897024K, committed 40960K, used 22656K [0x00000000c9400000, 0x0000000100000000)
  region size 1024K, 4 young (4096K), 2 survivors (2048K)
 Metaspace       used 42290K, committed 42752K, reserved 1114112K
  class space    used 4588K, committed 4800K, reserved 1048576K

Heap Regions: E=young(eden), S=young(survivor), O=old, HS=humongous(starts), HC=humongous(continues), CS=collection set, F=free, TAMS=top-at-mark-start, PB=parsable bottom
|   0|0x00000000c9400000, 0x00000000c9500000, 0x00000000c9500000|100%|HS|  |TAMS 0x00000000c9400000| PB 0x00000000c9400000| Complete |  0
|   1|0x00000000c9500000, 0x00000000c9600000, 0x00000000c9600000|100%| O|  |TAMS 0x00000000c9500000| PB 0x00000000c9500000| Untracked |  0
|   2|0x00000000c9600000, 0x00000000c9700000, 0x00000000c9700000|100%| O|  |TAMS 0x00000000c9600000| PB 0x00000000c9600000| Untracked |  0
|   3|0x00000000c9700000, 0x00000000c9800000, 0x00000000c9800000|100%| O|  |TAMS 0x00000000c9700000| PB 0x00000000c9700000| Untracked |  0
|   4|0x00000000c9800000, 0x00000000c9900000, 0x00000000c9900000|100%| O|  |TAMS 0x00000000c9800000| PB 0x00000000c9800000| Untracked |  0
|   5|0x00000000c9900000, 0x00000000c9a00000, 0x00000000c9a00000|100%| O|  |TAMS 0x00000000c9900000| PB 0x00000000c9900000| Untracked |  0
|   6|0x00000000c9a00000, 0x00000000c9b00000, 0x00000000c9b00000|100%| O|  |TAMS 0x00000000c9a00000| PB 0x00000000c9a00000| Untracked |  0
|   7|0x00000000c9b00000, 0x00000000c9c00000, 0x00000000c9c00000|100%| O|  |TAMS 0x00000000c9b00000| PB 0x00000000c9b00000| Untracked |  0
|   8|0x00000000c9c00000, 0x00000000c9d00000, 0x00000000c9d00000|100%| O|  |TAMS 0x00000000c9c00000| PB 0x00000000c9c00000| Untracked |  0
|   9|0x00000000c9d00000, 0x00000000c9e00000, 0x00000000c9e00000|100%| O|  |TAMS 0x00000000c9d00000| PB 0x00000000c9d00000| Untracked |  0
|  10|0x00000000c9e00000, 0x00000000c9f00000, 0x00000000c9f00000|100%| O|  |TAMS 0x00000000c9e00000| PB 0x00000000c9e00000| Untracked |  0
|  11|0x00000000c9f00000, 0x00000000ca000000, 0x00000000ca000000|100%| O|  |TAMS 0x00000000c9f00000| PB 0x00000000c9f00000| Untracked |  0
|  12|0x00000000ca000000, 0x00000000ca100000, 0x00000000ca100000|100%| O|  |TAMS 0x00000000ca000000| PB 0x00000000ca000000| Untracked |  0
|  13|0x00000000ca100000, 0x00000000ca200000, 0x00000000ca200000|100%| O|  |TAMS 0x00000000ca100000| PB 0x00000000ca100000| Untracked |  0
|  14|0x00000000ca200000, 0x00000000ca300000, 0x00000000ca300000|100%| O|  |TAMS 0x00000000ca200000| PB 0x00000000ca200000| Untracked |  0
|  15|0x00000000ca300000, 0x00000000ca400000, 0x00000000ca400000|100%| O|  |TAMS 0x00000000ca300000| PB 0x00000000ca300000| Untracked |  0
|  16|0x00000000ca400000, 0x00000000ca500000, 0x00000000ca500000|100%| O|  |TAMS 0x00000000ca400000| PB 0x00000000ca400000| Untracked |  0
|  17|0x00000000ca500000, 0x00000000ca520330, 0x00000000ca600000| 12%| O|  |TAMS 0x00000000ca500000| PB 0x00000000ca500000| Untracked |  0
|  18|0x00000000ca600000, 0x00000000ca600000, 0x00000000ca700000|  0%| F|  |TAMS 0x00000000ca600000| PB 0x00000000ca600000| Untracked |  0
|  19|0x00000000ca700000, 0x00000000ca800000, 0x00000000ca800000|100%| S|CS|TAMS 0x00000000ca700000| PB 0x00000000ca700000| Complete |  0
|  20|0x00000000ca800000, 0x00000000ca900000, 0x00000000ca900000|100%| O|  |TAMS 0x00000000ca800000| PB 0x00000000ca800000| Untracked |  0
|  21|0x00000000ca900000, 0x00000000caa00000, 0x00000000caa00000|100%| S|CS|TAMS 0x00000000ca900000| PB 0x00000000ca900000| Complete |  0
|  22|0x00000000caa00000, 0x00000000caa00000, 0x00000000cab00000|  0%| F|  |TAMS 0x00000000caa00000| PB 0x00000000caa00000| Untracked |  0
|  23|0x00000000cab00000, 0x00000000cab00000, 0x00000000cac00000|  0%| F|  |TAMS 0x00000000cab00000| PB 0x00000000cab00000| Untracked |  0
|  24|0x00000000cac00000, 0x00000000cac00000, 0x00000000cad00000|  0%| F|  |TAMS 0x00000000cac00000| PB 0x00000000cac00000| Untracked |  0
|  25|0x00000000cad00000, 0x00000000cad00000, 0x00000000cae00000|  0%| F|  |TAMS 0x00000000cad00000| PB 0x00000000cad00000| Untracked |  0
|  26|0x00000000cae00000, 0x00000000cae00000, 0x00000000caf00000|  0%| F|  |TAMS 0x00000000cae00000| PB 0x00000000cae00000| Untracked |  0
|  27|0x00000000caf00000, 0x00000000caf00000, 0x00000000cb000000|  0%| F|  |TAMS 0x00000000caf00000| PB 0x00000000caf00000| Untracked |  0
|  28|0x00000000cb000000, 0x00000000cb000000, 0x00000000cb100000|  0%| F|  |TAMS 0x00000000cb000000| PB 0x00000000cb000000| Untracked |  0
|  29|0x00000000cb100000, 0x00000000cb100000, 0x00000000cb200000|  0%| F|  |TAMS 0x00000000cb100000| PB 0x00000000cb100000| Untracked |  0
|  30|0x00000000cb200000, 0x00000000cb200000, 0x00000000cb300000|  0%| F|  |TAMS 0x00000000cb200000| PB 0x00000000cb200000| Untracked |  0
|  31|0x00000000cb300000, 0x00000000cb300000, 0x00000000cb400000|  0%| F|  |TAMS 0x00000000cb300000| PB 0x00000000cb300000| Untracked |  0
|  32|0x00000000cb400000, 0x00000000cb400000, 0x00000000cb500000|  0%| F|  |TAMS 0x00000000cb400000| PB 0x00000000cb400000| Untracked |  0
|  33|0x00000000cb500000, 0x00000000cb500000, 0x00000000cb600000|  0%| F|  |TAMS 0x00000000cb500000| PB 0x00000000cb500000| Untracked |  0
|  34|0x00000000cb600000, 0x00000000cb600000, 0x00000000cb700000|  0%| F|  |TAMS 0x00000000cb600000| PB 0x00000000cb600000| Untracked |  0
|  35|0x00000000cb700000, 0x00000000cb700000, 0x00000000cb800000|  0%| F|  |TAMS 0x00000000cb700000| PB 0x00000000cb700000| Untracked |  0
|  47|0x00000000cc300000, 0x00000000cc300000, 0x00000000cc400000|  0%| F|  |TAMS 0x00000000cc300000| PB 0x00000000cc300000| Untracked |  0
|  48|0x00000000cc400000, 0x00000000cc4dd668, 0x00000000cc500000| 86%| E|  |TAMS 0x00000000cc400000| PB 0x00000000cc400000| Complete |  0
| 874|0x00000000ffe00000, 0x00000000fff00000, 0x00000000fff00000|100%| O|  |TAMS 0x00000000ffe00000| PB 0x00000000ffe00000| Untracked |  0
| 875|0x00000000fff00000, 0x0000000100000000, 0x0000000100000000|100%| E|CS|TAMS 0x00000000fff00000| PB 0x00000000fff00000| Complete |  0

Card table byte_map: [0x00000132a2600000,0x00000132a27c0000] _byte_map_base: 0x00000132a1fb6000

Marking Bits: (CMBitMap*) 0x000001328ad95950
 Bits: [0x00000132a27c0000, 0x00000132a3570000)

Polling page: 0x0000013288de0000

Metaspace:

Usage:
  Non-class:     36.82 MB used.
      Class:      4.48 MB used.
       Both:     41.30 MB used.

Virtual space:
  Non-class space:       64.00 MB reserved,      37.06 MB ( 58%) committed,  1 nodes.
      Class space:        1.00 GB reserved,       4.69 MB ( <1%) committed,  1 nodes.
             Both:        1.06 GB reserved,      41.75 MB (  4%) committed. 

Chunk freelists:
   Non-Class:  10.56 MB
       Class:  11.28 MB
        Both:  21.84 MB

MaxMetaspaceSize: unlimited
CompressedClassSpaceSize: 1.00 GB
Initial GC threshold: 21.00 MB
Current GC threshold: 58.69 MB
CDS: on
 - commit_granule_bytes: 65536.
 - commit_granule_words: 8192.
 - virtual_space_node_default_size: 8388608.
 - enlarge_chunks_in_place: 1.
UseCompressedClassPointers 1, UseCompactObjectHeaders 0
Narrow klass pointer bits 32, Max shift 3
Narrow klass base: 0x00000132a6000000, Narrow klass shift: 0
Encoding Range: [0x00000132a6000000 - 0x00000133a6000000), (4294967296 bytes)
Klass Range:    [0x00000132a6000000 - 0x00000132e7000000), (1090519040 bytes)
Klass ID Range:  [8 - 1090519033) (1090519025)


Internal statistics:

num_allocs_failed_limit: 8.
num_arena_births: 490.
num_arena_deaths: 0.
num_vsnodes_births: 2.
num_vsnodes_deaths: 0.
num_space_committed: 668.
num_space_uncommitted: 0.
num_chunks_returned_to_freelist: 8.
num_chunks_taken_from_freelist: 1856.
num_chunk_merges: 8.
num_chunk_splits: 1262.
num_chunks_enlarged: 1000.
num_inconsistent_stats: 0.

CodeHeap 'non-profiled nmethods': size=120128Kb used=2020Kb max_used=2020Kb free=118107Kb
 bounds [0x000001329b0b0000, 0x000001329b320000, 0x00000132a2600000]
CodeHeap 'profiled nmethods': size=120000Kb used=8351Kb max_used=8351Kb free=111648Kb
 bounds [0x0000013293600000, 0x0000013293e30000, 0x000001329ab30000]
CodeHeap 'non-nmethods': size=5632Kb used=1443Kb max_used=1532Kb free=4188Kb
 bounds [0x000001329ab30000, 0x000001329ada0000, 0x000001329b0b0000]
CodeCache: size=245760Kb, used=11814Kb, max_used=11903Kb, free=233943Kb
 total_blobs=5304, nmethods=4699, adapters=509, full_count=0
Compilation: enabled, stopped_count=0, restarted_count=0

Compilation events (20 events):
Event: 18.271 Thread 0x00000132a58df090 5061       3       java.lang.invoke.InvokerBytecodeGenerator::<init> (80 bytes)
Event: 18.272 Thread 0x00000132a58df090 nmethod 5061 0x0000013293e1f588 code [0x0000013293e1f6e0, 0x0000013293e1fbe8]
Event: 18.277 Thread 0x00000132a58df090 5062       3       java.lang.invoke.DelegatingMethodHandle$Holder::reinvoke_L (18 bytes)
Event: 18.277 Thread 0x00000132a58df090 nmethod 5062 0x0000013293e1fc88 code [0x0000013293e1fdc0, 0x0000013293e20288]
Event: 18.282 Thread 0x00000132a58df090 5063       3       org.springframework.core.io.ClassPathResource::<init> (61 bytes)
Event: 18.283 Thread 0x00000132a58df090 nmethod 5063 0x0000013293e20308 code [0x0000013293e204c0, 0x0000013293e20fd8]
Event: 18.283 Thread 0x00000132a58df090 5064       2       java.lang.StringLatin1::lastIndexOf (40 bytes)
Event: 18.283 Thread 0x00000132a58df090 nmethod 5064 0x0000013293e21088 code [0x0000013293e211a0, 0x0000013293e213a8]
Event: 18.308 Thread 0x00000132a58df090 5066       3       org.springframework.core.annotation.TypeMappedAnnotations$AggregatesCollector::doWithAnnotations (10 bytes)
Event: 18.308 Thread 0x00000132a58df090 nmethod 5066 0x0000013293e21408 code [0x0000013293e21520, 0x0000013293e21668]
Event: 18.308 Thread 0x00000132a58df090 5067       3       org.springframework.core.annotation.TypeMappedAnnotations$AggregatesCollector::createAggregate (19 bytes)
Event: 18.309 Thread 0x00000132a58df090 nmethod 5067 0x0000013293e21708 code [0x0000013293e21860, 0x0000013293e21b80]
Event: 18.309 Thread 0x00000132a58df090 5068       3       org.springframework.beans.factory.support.AbstractAutowireCapableBeanFactory::applyBeanPostProcessorsAfterInitialization (61 bytes)
Event: 18.309 Thread 0x00000132a58df090 nmethod 5068 0x0000013293e21c08 code [0x0000013293e21d80, 0x0000013293e22450]
Event: 18.310 Thread 0x00000132a58df090 5069       3       org.springframework.util.ClassUtils::isAssignableValue (34 bytes)
Event: 18.310 Thread 0x00000132a58df090 nmethod 5069 0x0000013293e22488 code [0x0000013293e225e0, 0x0000013293e22a50]
Event: 18.332 Thread 0x00000132a58df090 5070   !   3       com.intellij.rt.debugger.agent.CaptureStorage$4::run (126 bytes)
Event: 18.333 Thread 0x00000132a58df090 nmethod 5070 0x0000013293e22a88 code [0x0000013293e22d40, 0x0000013293e24108]
Event: 18.339 Thread 0x00000132a58df090 5071       3       java.lang.Class::isRecord (33 bytes)
Event: 18.340 Thread 0x00000132a58df090 nmethod 5071 0x0000013293e24208 code [0x0000013293e24340, 0x0000013293e24698]

GC Heap History (20 events):
Event: 9.054 GC heap before
{Heap before GC invocations=3 (full 0):
 garbage-first heap   total reserved 897024K, committed 59392K, used 34918K [0x00000000c9400000, 0x0000000100000000)
  region size 1024K, 29 young (29696K), 3 survivors (3072K)
 Metaspace       used 19810K, committed 20096K, reserved 1114112K
  class space    used 2091K, committed 2240K, reserved 1048576K
}
Event: 9.064 GC heap after
{Heap after GC invocations=4 (full 0):
 garbage-first heap   total reserved 897024K, committed 59392K, used 10923K [0x00000000c9400000, 0x0000000100000000)
  region size 1024K, 3 young (3072K), 3 survivors (3072K)
 Metaspace       used 19810K, committed 20096K, reserved 1114112K
  class space    used 2091K, committed 2240K, reserved 1048576K
}
Event: 9.253 GC heap before
{Heap before GC invocations=4 (full 0):
 garbage-first heap   total reserved 897024K, committed 59392K, used 17067K [0x00000000c9400000, 0x0000000100000000)
  region size 1024K, 10 young (10240K), 3 survivors (3072K)
 Metaspace       used 21259K, committed 21504K, reserved 1114112K
  class space    used 2186K, committed 2304K, reserved 1048576K
}
Event: 9.260 GC heap after
{Heap after GC invocations=5 (full 0):
 garbage-first heap   total reserved 897024K, committed 59392K, used 11356K [0x00000000c9400000, 0x0000000100000000)
  region size 1024K, 2 young (2048K), 2 survivors (2048K)
 Metaspace       used 21259K, committed 21504K, reserved 1114112K
  class space    used 2186K, committed 2304K, reserved 1048576K
}
Event: 10.422 GC heap before
{Heap before GC invocations=6 (full 0):
 garbage-first heap   total reserved 897024K, committed 40960K, used 33884K [0x00000000c9400000, 0x0000000100000000)
  region size 1024K, 24 young (24576K), 2 survivors (2048K)
 Metaspace       used 25765K, committed 26112K, reserved 1114112K
  class space    used 2573K, committed 2752K, reserved 1048576K
}
Event: 10.431 GC heap after
{Heap after GC invocations=7 (full 0):
 garbage-first heap   total reserved 897024K, committed 40960K, used 13261K [0x00000000c9400000, 0x0000000100000000)
  region size 1024K, 3 young (3072K), 3 survivors (3072K)
 Metaspace       used 25765K, committed 26112K, reserved 1114112K
  class space    used 2573K, committed 2752K, reserved 1048576K
}
Event: 11.965 GC heap before
{Heap before GC invocations=7 (full 0):
 garbage-first heap   total reserved 897024K, committed 40960K, used 29645K [0x00000000c9400000, 0x0000000100000000)
  region size 1024K, 20 young (20480K), 3 survivors (3072K)
 Metaspace       used 28176K, committed 28544K, reserved 1114112K
  class space    used 2834K, committed 3008K, reserved 1048576K
}
Event: 11.974 GC heap after
{Heap after GC invocations=8 (full 0):
 garbage-first heap   total reserved 897024K, committed 40960K, used 15169K [0x00000000c9400000, 0x0000000100000000)
  region size 1024K, 3 young (3072K), 3 survivors (3072K)
 Metaspace       used 28176K, committed 28544K, reserved 1114112K
  class space    used 2834K, committed 3008K, reserved 1048576K
}
Event: 13.499 GC heap before
{Heap before GC invocations=8 (full 0):
 garbage-first heap   total reserved 897024K, committed 40960K, used 32577K [0x00000000c9400000, 0x0000000100000000)
  region size 1024K, 20 young (20480K), 3 survivors (3072K)
 Metaspace       used 30449K, committed 30784K, reserved 1114112K
  class space    used 3067K, committed 3200K, reserved 1048576K
}
Event: 13.507 GC heap after
{Heap after GC invocations=9 (full 0):
 garbage-first heap   total reserved 897024K, committed 40960K, used 16492K [0x00000000c9400000, 0x0000000100000000)
  region size 1024K, 2 young (2048K), 2 survivors (2048K)
 Metaspace       used 30449K, committed 30784K, reserved 1114112K
  class space    used 3067K, committed 3200K, reserved 1048576K
}
Event: 14.669 GC heap before
{Heap before GC invocations=9 (full 0):
 garbage-first heap   total reserved 897024K, committed 40960K, used 33900K [0x00000000c9400000, 0x0000000100000000)
  region size 1024K, 19 young (19456K), 2 survivors (2048K)
 Metaspace       used 33538K, committed 33856K, reserved 1114112K
  class space    used 3459K, committed 3584K, reserved 1048576K
}
Event: 14.675 GC heap after
{Heap after GC invocations=10 (full 0):
 garbage-first heap   total reserved 897024K, committed 40960K, used 17644K [0x00000000c9400000, 0x0000000100000000)
  region size 1024K, 3 young (3072K), 3 survivors (3072K)
 Metaspace       used 33538K, committed 33856K, reserved 1114112K
  class space    used 3459K, committed 3584K, reserved 1048576K
}
Event: 15.191 GC heap before
{Heap before GC invocations=10 (full 0):
 garbage-first heap   total reserved 897024K, committed 40960K, used 24812K [0x00000000c9400000, 0x0000000100000000)
  region size 1024K, 12 young (12288K), 3 survivors (3072K)
 Metaspace       used 35657K, committed 35968K, reserved 1114112K
  class space    used 3746K, committed 3904K, reserved 1048576K
}
Event: 15.200 GC heap after
{Heap after GC invocations=11 (full 0):
 garbage-first heap   total reserved 897024K, committed 40960K, used 18432K [0x00000000c9400000, 0x0000000100000000)
  region size 1024K, 3 young (3072K), 3 survivors (3072K)
 Metaspace       used 35657K, committed 35968K, reserved 1114112K
  class space    used 3746K, committed 3904K, reserved 1048576K
}
Event: 16.617 GC heap before
{Heap before GC invocations=12 (full 0):
 garbage-first heap   total reserved 897024K, committed 40960K, used 34816K [0x00000000c9400000, 0x0000000100000000)
  region size 1024K, 19 young (19456K), 3 survivors (3072K)
 Metaspace       used 37644K, committed 38016K, reserved 1114112K
  class space    used 4011K, committed 4160K, reserved 1048576K
}
Event: 16.626 GC heap after
{Heap after GC invocations=13 (full 0):
 garbage-first heap   total reserved 897024K, committed 40960K, used 19927K [0x00000000c9400000, 0x0000000100000000)
  region size 1024K, 3 young (3072K), 3 survivors (3072K)
 Metaspace       used 37644K, committed 38016K, reserved 1114112K
  class space    used 4011K, committed 4160K, reserved 1048576K
}
Event: 17.072 GC heap before
{Heap before GC invocations=13 (full 0):
 garbage-first heap   total reserved 897024K, committed 40960K, used 34263K [0x00000000c9400000, 0x0000000100000000)
  region size 1024K, 17 young (17408K), 3 survivors (3072K)
 Metaspace       used 39798K, committed 40128K, reserved 1114112K
  class space    used 4278K, committed 4416K, reserved 1048576K
}
Event: 17.086 GC heap after
{Heap after GC invocations=14 (full 0):
 garbage-first heap   total reserved 897024K, committed 40960K, used 20275K [0x00000000c9400000, 0x0000000100000000)
  region size 1024K, 3 young (3072K), 3 survivors (3072K)
 Metaspace       used 39798K, committed 40128K, reserved 1114112K
  class space    used 4278K, committed 4416K, reserved 1048576K
}
Event: 18.340 GC heap before
{Heap before GC invocations=14 (full 0):
 garbage-first heap   total reserved 897024K, committed 40960K, used 34611K [0x00000000c9400000, 0x0000000100000000)
  region size 1024K, 17 young (17408K), 3 survivors (3072K)
 Metaspace       used 41949K, committed 42432K, reserved 1114112K
  class space    used 4553K, committed 4736K, reserved 1048576K
}
Event: 18.347 GC heap after
{Heap after GC invocations=15 (full 0):
 garbage-first heap   total reserved 897024K, committed 40960K, used 21632K [0x00000000c9400000, 0x0000000100000000)
  region size 1024K, 2 young (2048K), 2 survivors (2048K)
 Metaspace       used 41949K, committed 42432K, reserved 1114112K
  class space    used 4553K, committed 4736K, reserved 1048576K
}

Dll operation events (11 events):
Event: 1.516 Loaded shared library C:\Users\okaka victoria\.jdks\openjdk-24.0.1\bin\java.dll
Event: 1.519 Loaded shared library C:\Users\okaka victoria\.jdks\openjdk-24.0.1\bin\zip.dll
Event: 1.611 Loaded shared library C:\Users\okaka victoria\.jdks\openjdk-24.0.1\bin\jsvml.dll
Event: 1.916 Loaded shared library C:\Users\okaka victoria\.jdks\openjdk-24.0.1\bin\instrument.dll
Event: 1.925 Loaded shared library C:\Users\okaka victoria\.jdks\openjdk-24.0.1\bin\net.dll
Event: 1.928 Loaded shared library C:\Users\okaka victoria\.jdks\openjdk-24.0.1\bin\nio.dll
Event: 1.940 Loaded shared library C:\Users\okaka victoria\.jdks\openjdk-24.0.1\bin\zip.dll
Event: 2.024 Loaded shared library C:\Users\okaka victoria\.jdks\openjdk-24.0.1\bin\extnet.dll
Event: 2.295 Loaded shared library C:\Users\okaka victoria\.jdks\openjdk-24.0.1\bin\jimage.dll
Event: 11.185 Loaded shared library C:\Users\okaka victoria\.jdks\openjdk-24.0.1\bin\sunmscapi.dll
Event: 17.238 Loaded shared library C:\Users\okaka victoria\.jdks\openjdk-24.0.1\bin\verify.dll

Deoptimization events (20 events):
Event: 17.918 Thread 0x000001328ad601b0 Uncommon trap: trap_request=0xffffffd6 fr.pc=0x000001329b299124 relative=0x00000000000014c4
Event: 17.918 Thread 0x000001328ad601b0 Uncommon trap: reason=array_check action=maybe_recompile pc=0x000001329b299124 method=org.springframework.boot.context.properties.source.ConfigurationPropertyName.getElement(ILorg/springframework/boot/context/properties/source/ConfigurationPropertyName$Fo
Event: 17.918 Thread 0x000001328ad601b0 DEOPT PACKING pc=0x000001329b299124 sp=0x00000023acff7800
Event: 17.918 Thread 0x000001328ad601b0 DEOPT UNPACKING pc=0x000001329abad882 sp=0x00000023acff77c0 mode 2
Event: 17.918 Thread 0x000001328ad601b0 Uncommon trap: trap_request=0xffffffd6 fr.pc=0x000001329b299124 relative=0x00000000000014c4
Event: 17.918 Thread 0x000001328ad601b0 Uncommon trap: reason=array_check action=maybe_recompile pc=0x000001329b299124 method=org.springframework.boot.context.properties.source.ConfigurationPropertyName.getElement(ILorg/springframework/boot/context/properties/source/ConfigurationPropertyName$Fo
Event: 17.918 Thread 0x000001328ad601b0 DEOPT PACKING pc=0x000001329b299124 sp=0x00000023acff7800
Event: 17.918 Thread 0x000001328ad601b0 DEOPT UNPACKING pc=0x000001329abad882 sp=0x00000023acff77c0 mode 2
Event: 17.919 Thread 0x000001328ad601b0 Uncommon trap: trap_request=0xffffffd6 fr.pc=0x000001329b299124 relative=0x00000000000014c4
Event: 17.919 Thread 0x000001328ad601b0 Uncommon trap: reason=array_check action=maybe_recompile pc=0x000001329b299124 method=org.springframework.boot.context.properties.source.ConfigurationPropertyName.getElement(ILorg/springframework/boot/context/properties/source/ConfigurationPropertyName$Fo
Event: 17.919 Thread 0x000001328ad601b0 DEOPT PACKING pc=0x000001329b299124 sp=0x00000023acff7800
Event: 17.919 Thread 0x000001328ad601b0 DEOPT UNPACKING pc=0x000001329abad882 sp=0x00000023acff77c0 mode 2
Event: 18.225 Thread 0x000001328ad601b0 Uncommon trap: trap_request=0xfffffff4 fr.pc=0x000001329b131f5c relative=0x00000000000000bc
Event: 18.225 Thread 0x000001328ad601b0 Uncommon trap: reason=null_check action=make_not_entrant pc=0x000001329b131f5c method=java.lang.reflect.Method.equals(Ljava/lang/Object;)Z @ 1 c2
Event: 18.225 Thread 0x000001328ad601b0 DEOPT PACKING pc=0x000001329b131f5c sp=0x00000023acffb2d0
Event: 18.225 Thread 0x000001328ad601b0 DEOPT UNPACKING pc=0x000001329abad882 sp=0x00000023acffb258 mode 2
Event: 18.277 Thread 0x000001328ad601b0 Uncommon trap: trap_request=0xffffff6e fr.pc=0x000001329b0e0f1c relative=0x000000000000017c
Event: 18.277 Thread 0x000001328ad601b0 Uncommon trap: reason=loop_limit_check action=maybe_recompile pc=0x000001329b0e0f1c method=java.lang.StringLatin1.lastIndexOf([BII)I @ 19 c2
Event: 18.277 Thread 0x000001328ad601b0 DEOPT PACKING pc=0x000001329b0e0f1c sp=0x00000023acffaba0
Event: 18.277 Thread 0x000001328ad601b0 DEOPT UNPACKING pc=0x000001329abad882 sp=0x00000023acffab20 mode 2

Classes loaded (20 events):
Event: 18.331 Loading class com/samskivert/mustache/Template
Event: 18.331 Loading class com/samskivert/mustache/Template done
Event: 18.331 Loading class org/thymeleaf/spring6/SpringTemplateEngine
Event: 18.331 Loading class org/thymeleaf/spring6/SpringTemplateEngine done
Event: 18.332 Loading class org/apache/jasper/compiler/JspConfig
Event: 18.332 Loading class org/apache/jasper/compiler/JspConfig done
Event: 18.335 Loading class org/springframework/web/servlet/i18n/AcceptHeaderLocaleResolver
Event: 18.335 Loading class org/springframework/web/servlet/i18n/AcceptHeaderLocaleResolver done
Event: 18.336 Loading class org/springframework/web/servlet/i18n/AbstractLocaleResolver
Event: 18.336 Loading class org/springframework/web/servlet/i18n/AbstractLocaleResolver done
Event: 18.338 Loading class org/springframework/web/servlet/theme/FixedThemeResolver
Event: 18.338 Loading class org/springframework/web/servlet/theme/FixedThemeResolver done
Event: 18.339 Loading class org/springframework/web/servlet/theme/AbstractThemeResolver
Event: 18.339 Loading class org/springframework/web/servlet/theme/AbstractThemeResolver done
Event: 18.399 Loading class org/springframework/web/servlet/support/SessionFlashMapManager
Event: 18.399 Loading class org/springframework/web/servlet/support/SessionFlashMapManager done
Event: 18.400 Loading class org/springframework/web/servlet/support/AbstractFlashMapManager
Event: 18.400 Loading class org/springframework/web/servlet/support/AbstractFlashMapManager done
Event: 18.401 Loading class org/springframework/web/servlet/FlashMap
Event: 18.401 Loading class org/springframework/web/servlet/FlashMap done

Classes unloaded (0 events):
No events

Classes redefined (1 events):
Event: 2.037 Thread 0x000001328ae07730 redefined class name=java.lang.Throwable, count=1

Internal exceptions (20 events):
Event: 15.186 Thread 0x00000132ede1d470 Exception <a 'java/lang/NoSuchMethodError'{0x00000000cb2ea6b8}: 'void java.lang.invoke.DirectMethodHandle$Holder.invokeStatic(java.lang.Object, java.lang.Object, long)'> (0x00000000cb2ea6b8) 
thrown [s\open\src\hotspot\share\interpreter\linkResolver.cpp, line 805]
Event: 15.288 Thread 0x000001328ad601b0 Exception <a 'java/lang/IncompatibleClassChangeError'{0x00000000cc42cb80}: Found class java.lang.Object, but interface was expected> (0x00000000cc42cb80) 
thrown [s\open\src\hotspot\share\interpreter\linkResolver.cpp, line 872]
Event: 15.304 Thread 0x000001328ad601b0 Exception <a 'java/lang/NoSuchMethodError'{0x00000000cc4c03b8}: 'java.lang.Object java.lang.invoke.DirectMethodHandle$Holder.newInvokeSpecial(java.lang.Object, java.lang.Object, java.lang.Object, int, int)'> (0x00000000cc4c03b8) 
thrown [s\open\src\hotspot\share\interpreter\linkResolver.cpp, line 805]
Event: 15.374 Thread 0x000001328ad601b0 Exception <a 'java/lang/IncompatibleClassChangeError'{0x00000000cb760600}: Found class java.lang.Object, but interface was expected> (0x00000000cb760600) 
thrown [s\open\src\hotspot\share\interpreter\linkResolver.cpp, line 872]
Event: 15.475 Thread 0x000001328ad601b0 Exception <a 'java/lang/IncompatibleClassChangeError'{0x00000000cb57ac30}: Found class java.lang.Object, but interface was expected> (0x00000000cb57ac30) 
thrown [s\open\src\hotspot\share\interpreter\linkResolver.cpp, line 872]
Event: 16.508 Thread 0x000001328ad601b0 Exception <a 'java/lang/NoSuchMethodError'{0x00000000caa4ef28}: 'long java.lang.invoke.DirectMethodHandle$Holder.invokeVirtual(java.lang.Object, java.lang.Object)'> (0x00000000caa4ef28) 
thrown [s\open\src\hotspot\share\interpreter\linkResolver.cpp, line 805]
Event: 16.706 Thread 0x000001328ad601b0 Exception <a 'java/lang/IncompatibleClassChangeError'{0x00000000cb719230}: Found class java.lang.Object, but interface was expected> (0x00000000cb719230) 
thrown [s\open\src\hotspot\share\interpreter\linkResolver.cpp, line 872]
Event: 16.820 Thread 0x000001328ad601b0 Exception <a 'java/lang/NoSuchMethodError'{0x00000000cb4c00d8}: 'java.lang.Object java.lang.invoke.DirectMethodHandle$Holder.invokeStatic(java.lang.Object, java.lang.Object, int, java.lang.Object)'> (0x00000000cb4c00d8) 
thrown [s\open\src\hotspot\share\interpreter\linkResolver.cpp, line 805]
Event: 16.844 Thread 0x000001328ad601b0 Exception <a 'java/lang/NoSuchMethodError'{0x00000000cb377538}: 'void java.lang.invoke.Invokers$Holder.invokeExact_MT(java.lang.Object, java.lang.Object, java.lang.Object, java.lang.Object)'> (0x00000000cb377538) 
thrown [s\open\src\hotspot\share\interpreter\linkResolver.cpp, line 805]
Event: 16.989 Thread 0x000001328ad601b0 Exception <a 'java/lang/NoSuchMethodError'{0x00000000cafa6188}: 'java.lang.Object java.lang.invoke.DirectMethodHandle$Holder.invokeInterface(java.lang.Object, java.lang.Object, int)'> (0x00000000cafa6188) 
thrown [s\open\src\hotspot\share\interpreter\linkResolver.cpp, line 805]
Event: 17.175 Thread 0x000001328ad601b0 Exception <a 'java/lang/NoSuchMethodError'{0x00000000fff43608}: 'long java.lang.invoke.DirectMethodHandle$Holder.invokeStatic(java.lang.Object, long)'> (0x00000000fff43608) 
thrown [s\open\src\hotspot\share\interpreter\linkResolver.cpp, line 805]
Event: 17.282 Thread 0x000001328ad601b0 Exception <a 'java/lang/NoSuchMethodError'{0x00000000cb7c02b0}: 'void java.lang.invoke.DirectMethodHandle$Holder.invokeStatic(java.lang.Object, int, java.lang.Object)'> (0x00000000cb7c02b0) 
thrown [s\open\src\hotspot\share\interpreter\linkResolver.cpp, line 805]
Event: 17.361 Thread 0x000001328ad601b0 Exception <a 'java/lang/NoSuchMethodError'{0x00000000cb656738}: 'void java.lang.invoke.Invokers$Holder.invoke_MT(java.lang.Object, java.lang.Object, java.lang.Object, java.lang.Object)'> (0x00000000cb656738) 
thrown [s\open\src\hotspot\share\interpreter\linkResolver.cpp, line 805]
Event: 17.808 Thread 0x000001328ad601b0 Exception <a 'java/lang/NoSuchMethodError'{0x00000000cb392d00}: 'java.lang.Object java.lang.invoke.DirectMethodHandle$Holder.invokeVirtual(java.lang.Object, java.lang.Object, java.lang.Object, java.lang.Object, java.lang.Object, java.lang.Object)'> (0x00000000cb392d00) 
thrown [s\open\src\hotspot\share\interpreter\linkResolver.cpp, line 805]
Event: 17.820 Thread 0x000001328ad601b0 Exception <a 'java/lang/NoSuchMethodError'{0x00000000cb3c5418}: 'void java.lang.invoke.DelegatingMethodHandle$Holder.delegate(java.lang.Object, java.lang.Object, int, java.lang.Object)'> (0x00000000cb3c5418) 
thrown [s\open\src\hotspot\share\interpreter\linkResolver.cpp, line 805]
Event: 17.899 Thread 0x000001328ad601b0 Exception <a 'java/lang/NoSuchMethodError'{0x00000000cb2414a0}: 'void java.lang.invoke.DirectMethodHandle$Holder.invokeInterface(java.lang.Object, java.lang.Object, int)'> (0x00000000cb2414a0) 
thrown [s\open\src\hotspot\share\interpreter\linkResolver.cpp, line 805]
Event: 17.907 Thread 0x000001328ad601b0 Exception <a 'java/lang/IncompatibleClassChangeError'{0x00000000cb2fdcf8}: Found class java.lang.Object, but interface was expected> (0x00000000cb2fdcf8) 
thrown [s\open\src\hotspot\share\interpreter\linkResolver.cpp, line 872]
Event: 17.908 Thread 0x000001328ad601b0 Exception <a 'java/lang/NoSuchMethodError'{0x00000000cb125c60}: 'int java.lang.invoke.DirectMethodHandle$Holder.invokeSpecialIFC(java.lang.Object, java.lang.Object, java.lang.Object)'> (0x00000000cb125c60) 
thrown [s\open\src\hotspot\share\interpreter\linkResolver.cpp, line 805]
Event: 18.225 Thread 0x000001328ad601b0 Implicit null exception at 0x000001329b131eca to 0x000001329b131f4d
Event: 18.231 Thread 0x000001328ad601b0 Exception <a 'java/lang/NoSuchMethodError'{0x00000000cae038b8}: 'java.lang.Object java.lang.invoke.DirectMethodHandle$Holder.newInvokeSpecial(java.lang.Object, java.lang.Object, java.lang.Object, java.lang.Object, java.lang.Object, java.lang.Object, java.lang.Object, java.lang.Object)'> (0x00000000cae038b8) 
thrown [s\open\src\hotspot\share\interpreter\linkResolver.cpp, line 805]

VM Operations (20 events):
Event: 15.186 Executing VM operation: CollectForMetadataAllocation (Metadata GC Threshold)
Event: 15.200 Executing VM operation: CollectForMetadataAllocation (Metadata GC Threshold) done
Event: 15.234 Executing VM operation: CollectForMetadataAllocation (Metadata GC Threshold)
Event: 15.234 Executing VM operation: CollectForMetadataAllocation (Metadata GC Threshold) done
Event: 15.238 Executing VM operation: G1PauseRemark
Event: 15.249 Executing VM operation: G1PauseRemark done
Event: 15.259 Executing VM operation: G1PauseCleanup
Event: 15.259 Executing VM operation: G1PauseCleanup done
Event: 15.265 Executing VM operation: HandshakeAllThreads (Deoptimize)
Event: 15.265 Executing VM operation: HandshakeAllThreads (Deoptimize) done
Event: 16.617 Executing VM operation: G1CollectForAllocation (G1 Evacuation Pause)
Event: 16.626 Executing VM operation: G1CollectForAllocation (G1 Evacuation Pause) done
Event: 17.072 Executing VM operation: G1CollectForAllocation (G1 Evacuation Pause)
Event: 17.086 Executing VM operation: G1CollectForAllocation (G1 Evacuation Pause) done
Event: 17.204 Executing VM operation: HandshakeAllThreads (Deoptimize)
Event: 17.205 Executing VM operation: HandshakeAllThreads (Deoptimize) done
Event: 17.504 Executing VM operation: HandshakeAllThreads (Deoptimize)
Event: 17.504 Executing VM operation: HandshakeAllThreads (Deoptimize) done
Event: 18.340 Executing VM operation: G1CollectForAllocation (G1 Evacuation Pause)
Event: 18.347 Executing VM operation: G1CollectForAllocation (G1 Evacuation Pause) done

Memory protections (0 events):
No events

Nmethod flushes (20 events):
Event: 15.248 Thread 0x000001328ae07730 flushing  nmethod 0x0000013293832988
Event: 15.248 Thread 0x000001328ae07730 flushing  nmethod 0x0000013293869e88
Event: 15.248 Thread 0x000001328ae07730 flushing  nmethod 0x0000013293878388
Event: 15.248 Thread 0x000001328ae07730 flushing  nmethod 0x00000132938b5308
Event: 15.248 Thread 0x000001328ae07730 flushing  nmethod 0x00000132938ef788
Event: 15.248 Thread 0x000001328ae07730 flushing  nmethod 0x00000132938fd988
Event: 15.248 Thread 0x000001328ae07730 flushing  nmethod 0x00000132938fe608
Event: 15.248 Thread 0x000001328ae07730 flushing  nmethod 0x0000013293901888
Event: 15.248 Thread 0x000001328ae07730 flushing  nmethod 0x000001329392a188
Event: 15.248 Thread 0x000001328ae07730 flushing  nmethod 0x000001329392a708
Event: 15.248 Thread 0x000001328ae07730 flushing  nmethod 0x000001329392e308
Event: 15.248 Thread 0x000001328ae07730 flushing  nmethod 0x0000013293939d08
Event: 15.248 Thread 0x000001328ae07730 flushing  nmethod 0x000001329393be08
Event: 15.248 Thread 0x000001328ae07730 flushing  nmethod 0x000001329399b208
Event: 15.248 Thread 0x000001328ae07730 flushing  nmethod 0x00000132939b5c88
Event: 15.248 Thread 0x000001328ae07730 flushing  nmethod 0x00000132939b5f88
Event: 15.248 Thread 0x000001328ae07730 flushing  nmethod 0x00000132939d4808
Event: 15.248 Thread 0x000001328ae07730 flushing  nmethod 0x00000132939d7788
Event: 15.248 Thread 0x000001328ae07730 flushing  nmethod 0x0000013293a28188
Event: 15.248 Thread 0x000001328ae07730 flushing  nmethod 0x0000013293a4f708

Events (20 events):
Event: 1.589 Thread 0x000001328ad601b0 Thread added: 0x000001328ad601b0
Event: 1.606 Thread 0x000001328ad601b0 Thread added: 0x000001328ae1a250
Event: 1.606 Thread 0x000001328ad601b0 Thread added: 0x000001328ae1c110
Event: 1.606 Thread 0x000001328ad601b0 Thread added: 0x00000132a58adf40
Event: 1.606 Thread 0x000001328ad601b0 Thread added: 0x00000132a58aea70
Event: 1.606 Thread 0x000001328ad601b0 Thread added: 0x00000132a58af5a0
Event: 1.607 Thread 0x000001328ad601b0 Thread added: 0x00000132a58b00d0
Event: 1.607 Thread 0x000001328ad601b0 Thread added: 0x00000132a58b2f40
Event: 1.610 Thread 0x000001328ad601b0 Thread added: 0x00000132a58df090
Event: 1.921 Thread 0x000001328ad601b0 Thread added: 0x00000132a5afb1d0
Event: 1.969 Thread 0x000001328ad601b0 Thread added: 0x00000132a5b22560
Event: 2.041 Thread 0x000001328ad601b0 Thread added: 0x00000132a5c1b9e0
Event: 8.556 Thread 0x000001328ad601b0 Thread added: 0x00000132ecd6c4d0
Event: 10.066 Thread 0x000001328ad601b0 Thread added: 0x00000132ecd6dac0
Event: 10.295 Thread 0x00000132ecd6dac0 Thread exited: 0x00000132ecd6dac0
Event: 11.235 Thread 0x00000132ecd6c4d0 Thread exited: 0x00000132ecd6c4d0
Event: 14.519 Thread 0x000001328ad601b0 Thread added: 0x00000132ede1e310
Event: 14.727 Thread 0x000001328ad601b0 Thread added: 0x00000132ede1d470
Event: 15.177 Thread 0x00000132ede1d470 Thread added: 0x00000132ecd6c4d0
Event: 15.184 Thread 0x00000132ede1d470 Thread added: 0x00000132ede1f900


Dynamic libraries:
0x00007ff69bd20000 - 0x00007ff69bd2e000 	C:\Users\okaka victoria\.jdks\openjdk-24.0.1\bin\java.exe
0x00007ff8b07b0000 - 0x00007ff8b09a8000 	C:\WINDOWS\SYSTEM32\ntdll.dll
0x00007ff8b0630000 - 0x00007ff8b06f2000 	C:\WINDOWS\System32\KERNEL32.DLL
0x00007ff8adfb0000 - 0x00007ff8ae2a6000 	C:\WINDOWS\System32\KERNELBASE.dll
0x00007ff8ade80000 - 0x00007ff8adf80000 	C:\WINDOWS\System32\ucrtbase.dll
0x00007ff898760000 - 0x00007ff898776000 	C:\Users\okaka victoria\.jdks\openjdk-24.0.1\bin\jli.dll
0x00007ff8aef30000 - 0x00007ff8af0cd000 	C:\WINDOWS\System32\USER32.dll
0x00007ff8adf80000 - 0x00007ff8adfa2000 	C:\WINDOWS\System32\win32u.dll
0x00007ff8afd60000 - 0x00007ff8afd8b000 	C:\WINDOWS\System32\GDI32.dll
0x00007ff8ae4c0000 - 0x00007ff8ae5da000 	C:\WINDOWS\System32\gdi32full.dll
0x00007ff8ae690000 - 0x00007ff8ae72d000 	C:\WINDOWS\System32\msvcp_win.dll
0x00007ff8a7150000 - 0x00007ff8a716b000 	C:\Users\okaka victoria\.jdks\openjdk-24.0.1\bin\VCRUNTIME140.dll
0x00007ff894960000 - 0x00007ff894bfa000 	C:\WINDOWS\WinSxS\amd64_microsoft.windows.common-controls_6595b64144ccf1df_6.0.19041.4355_none_60b8b9eb71f62e16\COMCTL32.dll
0x00007ff8b04c0000 - 0x00007ff8b055e000 	C:\WINDOWS\System32\msvcrt.dll
0x00007ff8af9d0000 - 0x00007ff8af9ff000 	C:\WINDOWS\System32\IMM32.DLL
0x00007ff8a7140000 - 0x00007ff8a714c000 	C:\Users\okaka victoria\.jdks\openjdk-24.0.1\bin\vcruntime140_1.dll
0x00007ff893510000 - 0x00007ff89359e000 	C:\Users\okaka victoria\.jdks\openjdk-24.0.1\bin\msvcp140.dll
0x00007ff814990000 - 0x00007ff815732000 	C:\Users\okaka victoria\.jdks\openjdk-24.0.1\bin\server\jvm.dll
0x00007ff8b0400000 - 0x00007ff8b04b1000 	C:\WINDOWS\System32\ADVAPI32.dll
0x00007ff8af0d0000 - 0x00007ff8af16f000 	C:\WINDOWS\System32\sechost.dll
0x00007ff8b02d0000 - 0x00007ff8b03f3000 	C:\WINDOWS\System32\RPCRT4.dll
0x00007ff8ae490000 - 0x00007ff8ae4b7000 	C:\WINDOWS\System32\bcrypt.dll
0x00007ff8b0700000 - 0x00007ff8b076b000 	C:\WINDOWS\System32\WS2_32.dll
0x00007ff8adc90000 - 0x00007ff8adcdb000 	C:\WINDOWS\SYSTEM32\POWRPROF.dll
0x00007ff8a46a0000 - 0x00007ff8a46c7000 	C:\WINDOWS\SYSTEM32\WINMM.dll
0x00007ff8a46d0000 - 0x00007ff8a46da000 	C:\WINDOWS\SYSTEM32\VERSION.dll
0x00007ff8adc70000 - 0x00007ff8adc82000 	C:\WINDOWS\SYSTEM32\UMPDC.dll
0x00007ff8abcb0000 - 0x00007ff8abcc2000 	C:\WINDOWS\SYSTEM32\kernel.appcore.dll
0x00007ff8a6020000 - 0x00007ff8a602a000 	C:\Users\okaka victoria\.jdks\openjdk-24.0.1\bin\jimage.dll
0x00007ff8a15d0000 - 0x00007ff8a17b4000 	C:\WINDOWS\SYSTEM32\DBGHELP.DLL
0x00007ff893f10000 - 0x00007ff893f44000 	C:\WINDOWS\SYSTEM32\dbgcore.DLL
0x00007ff8ae730000 - 0x00007ff8ae7b2000 	C:\WINDOWS\System32\bcryptPrimitives.dll
0x00007ff8a0f50000 - 0x00007ff8a0f5f000 	C:\Users\okaka victoria\.jdks\openjdk-24.0.1\bin\instrument.dll
0x00007ff898740000 - 0x00007ff89875e000 	C:\Users\okaka victoria\.jdks\openjdk-24.0.1\bin\java.dll
0x00007ff8afda0000 - 0x00007ff8afecb000 	C:\WINDOWS\System32\ole32.dll
0x00007ff8afa00000 - 0x00007ff8afd55000 	C:\WINDOWS\System32\combase.dll
0x00007ff8ae7c0000 - 0x00007ff8aef2f000 	C:\WINDOWS\System32\SHELL32.dll
0x00007ff898720000 - 0x00007ff898737000 	C:\Users\okaka victoria\.jdks\openjdk-24.0.1\bin\zip.dll
0x00007ff8abeb0000 - 0x00007ff8ac653000 	C:\WINDOWS\SYSTEM32\windows.storage.dll
0x00007ff8ad790000 - 0x00007ff8ad7bb000 	C:\WINDOWS\SYSTEM32\Wldp.dll
0x00007ff8b0560000 - 0x00007ff8b062d000 	C:\WINDOWS\System32\OLEAUT32.dll
0x00007ff8b0060000 - 0x00007ff8b010d000 	C:\WINDOWS\System32\SHCORE.dll
0x00007ff8af3b0000 - 0x00007ff8af405000 	C:\WINDOWS\System32\shlwapi.dll
0x00007ff8add60000 - 0x00007ff8add85000 	C:\WINDOWS\SYSTEM32\profapi.dll
0x00007ff896a20000 - 0x00007ff896af7000 	C:\Users\okaka victoria\.jdks\openjdk-24.0.1\bin\jsvml.dll
0x00007ff89eea0000 - 0x00007ff89eeb0000 	C:\Users\okaka victoria\.jdks\openjdk-24.0.1\bin\net.dll
0x00007ff8ad4f0000 - 0x00007ff8ad55c000 	C:\WINDOWS\system32\mswsock.dll
0x00007ff898700000 - 0x00007ff898716000 	C:\Users\okaka victoria\.jdks\openjdk-24.0.1\bin\nio.dll
0x00007ff898650000 - 0x00007ff898659000 	C:\Users\okaka victoria\.jdks\openjdk-24.0.1\bin\extnet.dll
0x00007ff896bf0000 - 0x00007ff896bfe000 	C:\Users\okaka victoria\.jdks\openjdk-24.0.1\bin\sunmscapi.dll
0x00007ff8ae2b0000 - 0x00007ff8ae40c000 	C:\WINDOWS\System32\CRYPT32.dll
0x00007ff8ad800000 - 0x00007ff8ad827000 	C:\WINDOWS\SYSTEM32\ncrypt.dll
0x00007ff8ad7c0000 - 0x00007ff8ad7fb000 	C:\WINDOWS\SYSTEM32\NTASN1.dll
0x00007ff8ad6e0000 - 0x00007ff8ad6f8000 	C:\WINDOWS\SYSTEM32\CRYPTSP.dll
0x00007ff8ace10000 - 0x00007ff8ace48000 	C:\WINDOWS\system32\rsaenh.dll
0x00007ff8adce0000 - 0x00007ff8add0e000 	C:\WINDOWS\SYSTEM32\USERENV.dll
0x00007ff8ad700000 - 0x00007ff8ad70c000 	C:\WINDOWS\SYSTEM32\CRYPTBASE.dll
0x00007ff8ad1d0000 - 0x00007ff8ad20b000 	C:\WINDOWS\SYSTEM32\IPHLPAPI.DLL
0x00007ff8afd90000 - 0x00007ff8afd98000 	C:\WINDOWS\System32\NSI.dll
0x00007ff8ad210000 - 0x00007ff8ad2da000 	C:\WINDOWS\SYSTEM32\DNSAPI.dll
0x00007ff8a5130000 - 0x00007ff8a513a000 	C:\Windows\System32\rasadhlp.dll
0x00007ff896020000 - 0x00007ff8960a0000 	C:\WINDOWS\System32\fwpuclnt.dll
0x00007ff8a78d0000 - 0x00007ff8a78e0000 	C:\Users\okaka victoria\.jdks\openjdk-24.0.1\bin\verify.dll

JVMTI agents:
C:\Program Files\JetBrains\IntelliJ IDEA 2024.3.5\lib\idea_rt.jar path:C:\Users\okaka victoria\.jdks\openjdk-24.0.1\bin\instrument.dll, loaded, initialized, instrumentlib options:55671
C:\Users\OKAKAV~1\AppData\Local\Temp\captureAgent1jars\debugger-agent.jar path:C:\Users\okaka victoria\.jdks\openjdk-24.0.1\bin\instrument.dll, loaded, initialized, instrumentlib options:none

dbghelp: loaded successfully - version: 4.0.5 - missing functions: none
symbol engine: initialized successfully - sym options: 0x614 - pdb path: .;C:\Users\okaka victoria\.jdks\openjdk-24.0.1\bin;C:\WINDOWS\SYSTEM32;C:\WINDOWS\WinSxS\amd64_microsoft.windows.common-controls_6595b64144ccf1df_6.0.19041.4355_none_60b8b9eb71f62e16;C:\Users\okaka victoria\.jdks\openjdk-24.0.1\bin\server

VM Arguments:
jvm_args: -ea -Didea.test.cyclic.buffer.size=1048576 -javaagent:C:\Program Files\JetBrains\IntelliJ IDEA 2024.3.5\lib\idea_rt.jar=55671 -javaagent:C:\Users\OKAKAV~1\AppData\Local\Temp\captureAgent1jars\debugger-agent.jar -Dkotlinx.coroutines.debug.enable.creation.stack.trace=false -Ddebugger.agent.enable.coroutines=true -Dkotlinx.coroutines.debug.enable.flows.stack.trace=true -Dkotlinx.coroutines.debug.enable.mutable.state.flows.stack.trace=true -Dfile.encoding=UTF-8 -Dsun.stdout.encoding=UTF-8 -Dsun.stderr.encoding=UTF-8 
java_command: com.intellij.rt.junit.JUnitStarter -ideVersion5 -junit5 com.codewithfavour.service.LiberianServiceImplTest
java_class_path (initial): C:\Users\okaka victoria\.m2\repository\org\junit\platform\junit-platform-launcher\1.12.2\junit-platform-launcher-1.12.2.jar;C:\Program Files\JetBrains\IntelliJ IDEA 2024.3.5\lib\idea_rt.jar;C:\Program Files\JetBrains\IntelliJ IDEA 2024.3.5\plugins\junit\lib\junit5-rt.jar;C:\Program Files\JetBrains\IntelliJ IDEA 2024.3.5\plugins\junit\lib\junit-rt.jar;C:\Users\okaka victoria\IdeaProjects\LibraryMangementSystem\target\test-classes;C:\Users\okaka victoria\IdeaProjects\LibraryMangementSystem\target\classes;C:\Users\okaka victoria\.m2\repository\org\projectlombok\lombok\1.18.38\lombok-1.18.38.jar;C:\Users\okaka victoria\.m2\repository\org\springframework\boot\spring-boot-starter-data-mongodb\3.5.0\spring-boot-starter-data-mongodb-3.5.0.jar;C:\Users\okaka victoria\.m2\repository\org\springframework\boot\spring-boot-starter\3.5.0\spring-boot-starter-3.5.0.jar;C:\Users\okaka victoria\.m2\repository\org\springframework\boot\spring-boot\3.5.0\spring-boot-3.5.0.jar;C:\Users\okaka victoria\.m2\repository\org\springframework\boot\spring-boot-autoconfigure\3.5.0\spring-boot-autoconfigure-3.5.0.jar;C:\Users\okaka victoria\.m2\repository\org\springframework\boot\spring-boot-starter-logging\3.5.0\spring-boot-starter-logging-3.5.0.jar;C:\Users\okaka victoria\.m2\repository\ch\qos\logback\logback-classic\1.5.18\logback-classic-1.5.18.jar;C:\Users\okaka victoria\.m2\repository\ch\qos\logback\logback-core\1.5.18\logback-core-1.5.18.jar;C:\Users\okaka victoria\.m2\repository\org\apache\logging\log4j\log4j-to-slf4j\2.24.3\log4j-to-slf4j-2.24.3.jar;C:\Users\okaka victoria\.m2\repository\org\apache\logging\log4j\log4j-api\2.24.3\log4j-api-2.24.3.jar;C:\Users\okaka victoria\.m2\repository\org\slf4j\jul-to-slf4j\2.0.17\jul-to-slf4j-2.0.17.jar;C:\Users\okaka victoria\.m2\repository\jakarta\annotation\jakarta.annotation-api\2.1.1\jakarta.annotation-api-2.1.1.jar;C:\Users\okaka victoria\.m2\repository\org\yaml\snakeyaml\2.4\snakeyaml-2.4.jar;C:\Users\okaka victoria\.m2\repository\org\mongodb\mongodb-driver-sync\5.4.0\mongodb-driver-sync-5.4.0.jar;C:\Users\okaka victoria\.m2\repository\org\mongodb\bson\5.4.0\bson-5.4.0.jar;C:\Users\okaka victoria\.m2\repository\org\mongodb\mongodb-driver-core\5.4.0\mongodb-driver-core-5.4.0.jar;C:\Users\okaka victoria\.m2\repository\org\mongodb\bson-record-codec\5.4.0\bson-record-codec-5.4.0.jar;C:\Users\okaka victoria\.m2\repository\org\springframework\data\spring-data-mongodb\4.5.0\spring-data-mongodb-4.5.0.jar;C:\Users\okaka victoria\.m2\repository\org\springframework\spring-tx\6.2.7\spring-tx-6.2.7.jar;C:\Users\okaka victoria\.m2\repository\org\springframework\spring-context\6.2.7\spring-context-6.2.7.jar;C:\Users\okaka victoria\.m2\repository\org\springframework\spring-beans\6.2.7\spring-beans-6.2.7.jar;C:\Users\okaka victoria\.m2\repository\org\springframework\spring-expression\6.2.7\spring-expression-6.2.7.jar;C:\Users\okaka victoria\.m2\repository\org\springframework\data\spring-data-commons\3.5.0\spring-data-commons-3.5.0.jar;C:\Users\okaka victoria\.m2\repository\org\slf4j\slf4j-api\2.0.2\slf4j-api-2.0.2.jar;C:\Users\okaka victoria\.m2\repository\org\springframework\boot\spring-boot-starter-test\3.5.0\spring-boot-starter-test-3.5.0.jar;C:\Users\okaka victoria\.m2\repository\org\springframework\boot\spring-boot-test\3.5.0\spring-boot-test-3.5.0.jar;C:\Users\okaka victoria\.m2\repository\org\springframework\boot\spring-boot-test-autoconfigure\3.5.0\spring-boot-test-autoconfigure-3.5.0.jar;C:\Users\okaka victoria\.m2\repository\com\jayway\jsonpath\json-path\2.9.0\json-path-2.9.0.jar;C:\Users\okaka victoria\.m2\repository\jakarta\xml\bind\jakarta.xml.bind-api\4.0.2\jakarta.xml.bind-api-4.0.2.jar;C:\Users\okaka victoria\.m2\repository\jakarta\activation\jakarta.activation-api\2.1.3\jakarta.activation-api-2.1.3.jar;C:\Users\okaka victoria\.m2\repository\net\minidev\json-smart\2.5.2\json-smart-2.5.2.jar;C:\Users\okaka victoria\.m2\repository\net\minidev\accessors-smart\2.5.2\accessors-smart-2.5.2.jar;C:\Users\okaka victoria\.m2\repository\org\ow2\asm\asm\9.7.1\asm-9.7.1.jar;C:\Users\okaka victoria\.m2\repository\org\assertj\assertj-core\3.27.3\assertj-core-3.27.3.jar;C:\Users\okaka victoria\.m2\repository\net\bytebuddy\byte-buddy\1.15.11\byte-buddy-1.15.11.jar;C:\Users\okaka victoria\.m2\repository\org\awaitility\awaitility\4.3.0\awaitility-4.3.0.jar;C:\Users\okaka victoria\.m2\repository\org\hamcrest\hamcrest\3.0\hamcrest-3.0.jar;C:\Users\okaka victoria\.m2\repository\org\junit\jupiter\junit-jupiter\5.12.2\junit-jupiter-5.12.2.jar;C:\Users\okaka victoria\.m2\repository\org\junit\jupiter\junit-jupiter-api\5.12.2\junit-jupiter-api-5.12.2.jar;C:\Users\okaka victoria\.m2\repository\org\opentest4j\opentest4j\1.3.0\opentest4j-1.3.0.jar;C:\Users\okaka victoria\.m2\repository\org\junit\platform\junit-platform-commons\1.12.2\junit-platform-commons-1.12.2.jar;C:\Users\okaka victoria\.m2\repository\org\apiguardian\apiguardian-api\1.1.2\apiguardian-api-1.1.2.jar;C:\Users\okaka victoria\.m2\repository\org\junit\jupiter\junit-jupiter-params\5.12.2\junit-jupiter-params-5.12.2.jar;C:\Users\okaka victoria\.m2\repository\org\junit\jupiter\junit-jupiter-engine\5.12.2\junit-jupiter-engine-5.12.2.jar;C:\Users\okaka victoria\.m2\repository\org\junit\platform\junit-platform-engine\1.12.2\junit-platform-engine-1.12.2.jar;C:\Users\okaka victoria\.m2\repository\org\mockito\mockito-core\5.17.0\mockito-core-5.17.0.jar;C:\Users\okaka victoria\.m2\repository\net\bytebuddy\byte-buddy-agent\1.15.11\byte-buddy-agent-1.15.11.jar;C:\Users\okaka victoria\.m2\repository\org\objenesis\objenesis\3.3\objenesis-3.3.jar;C:\Users\okaka victoria\.m2\repository\org\mockito\mockito-junit-jupiter\5.17.0\mockito-junit-jupiter-5.17.0.jar;C:\Users\okaka victoria\.m2\repository\org\skyscreamer\jsonassert\1.5.3\jsonassert-1.5.3.jar;C:\Users\okaka victoria\.m2\repository\com\vaadin\external\google\android-json\0.0.20131108.vaadin1\android-json-0.0.20131108.vaadin1.jar;C:\Users\okaka victoria\.m2\repository\org\springframework\spring-core\6.2.7\spring-core-6.2.7.jar;C:\Users\okaka victoria\.m2\repository\org\springframework\spring-jcl\6.2.7\spring-jcl-6.2.7.jar;C:\Users\okaka victoria\.m2\repository\org\springframework\spring-test\6.2.7\spring-test-6.2.7.jar;C:\Users\okaka victoria\.m2\repository\org\xmlunit\xmlunit-core\2.10.1\xmlunit-core-2.10.1.jar;C:\Users\okaka victoria\.m2\repository\org\springframework\boot\spring-boot-starter-web\3.5.0\spring-boot-starter-web-3.5.0.jar;C:\Users\okaka victoria\.m2\repository\org\springframework\boot\spring-boot-starter-json\3.5.0\spring-boot-starter-json-3.5.0.jar;C:\Users\okaka victoria\.m2\repository\com\fasterxml\jackson\core\jackson-databind\2.19.0\jackson-databind-2.19.0.jar;C:\Users\okaka victoria\.m2\repository\com\fasterxml\jackson\core\jackson-annotations\2.19.0\jackson-annotations-2.19.0.jar;C:\Users\okaka victoria\.m2\repository\com\fasterxml\jackson\core\jackson-core\2.19.0\jackson-core-2.19.0.jar;C:\Users\okaka victoria\.m2\repository\com\fasterxml\jackson\datatype\jackson-datatype-jdk8\2.19.0\jackson-datatype-jdk8-2.19.0.jar;C:\Users\okaka victoria\.m2\repository\com\fasterxml\jackson\datatype\jackson-datatype-jsr310\2.19.0\jackson-datatype-jsr310-2.19.0.jar;C:\Users\okaka victoria\.m2\repository\com\fasterxml\jackson\module\jackson-module-parameter-names\2.19.0\jackson-module-parameter-names-2.19.0.jar;C:\Users\okaka victoria\.m2\repository\org\springframework\boot\spring-boot-starter-tomcat\3.5.0\spring-boot-starter-tomcat-3.5.0.jar;C:\Users\okaka victoria\.m2\repository\org\apache\tomcat\embed\tomcat-embed-core\10.1.41\tomcat-embed-core-10.1.41.jar;C:\Users\okaka victoria\.m2\repository\org\apache\tomcat\embed\tomcat-embed-el\10.1.41\tomcat-embed-el-10.1.41.jar;C:\Users\okaka victoria\.m2\repository\org\apache\tomcat\embed\tomcat-embed-websocket\10.1.41\tomcat-embed-websocket-10.1.41.jar;C:\Users\okaka victoria\.m2\repository\org\springframework\spring-web\6.2.7\spring-web-6.2.7.jar;C:\Users\okaka victoria\.m2\repository\io\micrometer\micrometer-observation\1.14.7\micrometer-observation-1.14.7.jar;C:\Users\okaka victoria\.m2\repository\io\micrometer\micrometer-commons\1.14.7\micrometer-commons-1.14.7.jar;C:\Users\okaka victoria\.m2\repository\org\springframework\spring-webmvc\6.2.7\spring-webmvc-6.2.7.jar;C:\Users\okaka victoria\.m2\repository\org\springframework\spring-aop\6.2.7\spring-aop-6.2.7.jar
Launcher Type: SUN_STANDARD

[Global flags]
     intx CICompilerCount                          = 2                                         {product} {ergonomic}
     uint ConcGCThreads                            = 1                                         {product} {ergonomic}
     uint G1ConcRefinementThreads                  = 2                                         {product} {ergonomic}
   size_t G1HeapRegionSize                         = 1048576                                   {product} {ergonomic}
   size_t InitialHeapSize                          = 58720256                                  {product} {ergonomic}
   size_t MarkStackSize                            = 4194304                                   {product} {ergonomic}
   size_t MarkStackSizeMax                         = 536870912                                 {product} {ergonomic}
   size_t MaxHeapSize                              = 918552576                                 {product} {ergonomic}
   size_t MaxNewSize                               = 550502400                                 {product} {ergonomic}
   size_t MinHeapDeltaBytes                        = 1048576                                   {product} {ergonomic}
   size_t MinHeapSize                              = 8388608                                   {product} {ergonomic}
    uintx NonNMethodCodeHeapSize                   = 5767168                                {pd product} {ergonomic}
    uintx NonProfiledCodeHeapSize                  = 123011072                              {pd product} {ergonomic}
    uintx ProfiledCodeHeapSize                     = 122880000                              {pd product} {ergonomic}
    uintx ReservedCodeCacheSize                    = 251658240                              {pd product} {ergonomic}
     bool SegmentedCodeCache                       = true                                      {product} {ergonomic}
   size_t SoftMaxHeapSize                          = 918552576                              {manageable} {ergonomic}
     bool UseCompressedOops                        = true                           {product lp64_product} {ergonomic}
     bool UseG1GC                                  = true                                      {product} {ergonomic}
     bool UseLargePagesIndividualAllocation        = false                                  {pd product} {ergonomic}

Logging:
Log output configuration:
 #0: stdout all=warning uptime,level,tags foldmultilines=false
 #1: stderr all=off uptime,level,tags foldmultilines=false

Environment Variables:
PATH=C:\Program Files\Common Files\Oracle\Java\javapath;C:\WINDOWS\system32;C:\WINDOWS;C:\WINDOWS\System32\Wbem;C:\WINDOWS\System32\WindowsPowerShell\v1.0\;C:\WINDOWS\System32\OpenSSH\;C:\Program Files\HP\HP One Agent;C:\Program Files\dotnet\;C:\Program Files\Git\cmd;C:\Program Files\nodejs\;C:\Program Files\MongoDB\Server\8.0\bin;C:\Program Files\MySQL\MySQL Shell 8.0\bin\;C:\Users\okaka victoria\AppData\Local\Programs\Python\Launcher\;C:\Users\okaka victoria\AppData\Local\Microsoft\WindowsApps;C:\Users\okaka victoria\AppData\Roaming\npm;C:\Users\okaka victoria\AppData\Local\Programs\mongosh\
USERNAME=okaka victoria
OS=Windows_NT
PROCESSOR_IDENTIFIER=AMD64 Family 23 Model 24 Stepping 1, AuthenticAMD
TMP=C:\Users\OKAKAV~1\AppData\Local\Temp
TEMP=C:\Users\OKAKAV~1\AppData\Local\Temp




Periodic native trim disabled

---------------  S Y S T E M  ---------------

OS:
 Windows 10 , 64 bit Build 19041 (10.0.19041.5678)
OS uptime: 0 days 3:09 hours

CPU: total 2 (initial active 2) (2 cores per cpu, 1 threads per core) family 23 model 24 stepping 1 microcode 0x0, cx8, cmov, fxsr, mmx, 3dnowpref, sse, sse2, sse3, ssse3, sse4a, sse4.1, sse4.2, popcnt, lzcnt, tsc, tscinvbit, avx, avx2, aes, clmul, bmi1, bmi2, adx, sha, fma, vzeroupper, clflush, clflushopt, rdtscp, f16c
Processor Information for the first 2 processors :
  Max Mhz: 2300, Current Mhz: 2300, Mhz Limit: 2300

Memory: 4k page, system-wide physical 3499M (166M free)
TotalPageFile size 14251M (AvailPageFile size 13M)
current process WorkingSet (physical memory assigned to process): 179M, peak: 187M
current process commit charge ("private bytes"): 220M, peak: 231M

vm_info: OpenJDK 64-Bit Server VM (24.0.1+9-30) for windows-amd64 JRE (24.0.1+9-30), built on 2025-03-05T07:23:45Z with MS VC++ 17.6 (VS2022)

END.
