#
# There is insufficient memory for the Java Runtime Environment to continue.
# Native memory allocation (mmap) failed to map 65536 bytes. Error detail: Failed to commit metaspace.
# Possible reasons:
#   The system is out of physical RAM or swap space
#   This process is running with CompressedOops enabled, and the Java Heap may be blocking the growth of the native heap
# Possible solutions:
#   Reduce memory load on the system
#   Increase physical memory or swap space
#   Check if swap backing store is full
#   Decrease Java heap size (-Xmx/-Xms)
#   Decrease number of Java threads
#   Decrease Java thread stack sizes (-Xss)
#   Set larger code cache with -XX:ReservedCodeCacheSize=
#   JVM is running with Unscaled Compressed Oops mode in which the Java heap is
#     placed in the first 4GB address space. The Java Heap base address is the
#     maximum limit for the native heap growth. Please use -XX:HeapBaseMinAddress
#     to set the Java Heap base and to place the Java Heap above 4GB virtual address.
# This output file may be truncated or incomplete.
#
#  Out of Memory Error (virtualSpaceNode.cpp:113), pid=13292, tid=2936
#
# JRE version: OpenJDK Runtime Environment (24.0.1+9) (build 24.0.1+9-30)
# Java VM: OpenJDK 64-Bit Server VM (24.0.1+9-30, mixed mode, emulated-client, sharing, tiered, compressed oops, compressed class ptrs, g1 gc, windows-amd64)
# No core dump will be written. Minidumps are not enabled by default on client versions of Windows
#

---------------  S U M M A R Y ------------

Command Line: -XX:TieredStopAtLevel=1 -Dspring.output.ansi.enabled=always -Dcom.sun.management.jmxremote -Dspring.jmx.enabled=true -Dspring.liveBeansView.mbeanDomain -Dspring.application.admin.enabled=true -Dmanagement.endpoints.jmx.exposure.include=* -javaagent:C:\Program Files\JetBrains\IntelliJ IDEA 2024.3.5\lib\idea_rt.jar=57927 -Dfile.encoding=UTF-8 -Dsun.stdout.encoding=UTF-8 -Dsun.stderr.encoding=UTF-8 com.codewithfavour.Main

Host: AMD Athlon Silver 3050U with Radeon Graphics   , 2 cores, 3G,  Windows 10 , 64 bit Build 19041 (10.0.19041.5678)
Time: Sun Jun 15 19:28:25 2025 W. Central Africa Standard Time elapsed time: 10.512554 seconds (0d 0h 0m 10s)

---------------  T H R E A D  ---------------

Current thread (0x000001e68aca8520):  JavaThread "main"             [_thread_in_vm, id=2936, stack(0x000000a38ae00000,0x000000a38af00000) (1024K)]

Stack: [0x000000a38ae00000,0x000000a38af00000]
Native frames: (J=compiled Java code, j=interpreted, Vv=VM code, C=native code)
V  [jvm.dll+0x730739]  (no source info available)
V  [jvm.dll+0x8d9b23]  (no source info available)
V  [jvm.dll+0x8dc00d]  (no source info available)
V  [jvm.dll+0x8dc683]  (no source info available)
V  [jvm.dll+0x2aa086]  (no source info available)
V  [jvm.dll+0x8d56de]  (no source info available)
V  [jvm.dll+0x6ccd85]  (no source info available)
V  [jvm.dll+0x20a71c]  (no source info available)
V  [jvm.dll+0x20a4ee]  (no source info available)
V  [jvm.dll+0x6cf9a7]  (no source info available)
V  [jvm.dll+0x6cf567]  (no source info available)
V  [jvm.dll+0x24c75c]  (no source info available)
V  [jvm.dll+0x6cd7a8]  (no source info available)
V  [jvm.dll+0x6d8a58]  (no source info available)
V  [jvm.dll+0x23ac7b]  (no source info available)
V  [jvm.dll+0x23b0ca]  (no source info available)
V  [jvm.dll+0x23bab4]  (no source info available)
V  [jvm.dll+0x2315a4]  (no source info available)
V  [jvm.dll+0x6000a3]  (no source info available)
V  [jvm.dll+0x84b1a6]  (no source info available)
V  [jvm.dll+0x4b5eeb]  (no source info available)
V  [jvm.dll+0x4bba75]  (no source info available)
C  [java.dll+0x17ba]  (no source info available)

Java frames: (J=compiled Java code, j=interpreted, Vv=VM code)
J 1226  java.lang.ClassLoader.defineClass1(Ljava/lang/ClassLoader;Ljava/lang/String;[BIILjava/security/ProtectionDomain;Ljava/lang/String;)Ljava/lang/Class; java.base@24.0.1 (0 bytes) @ 0x000001e6937c2d41 [0x000001e6937c2c80+0x00000000000000c1]
J 1529 c1 java.lang.ClassLoader.defineClass(Ljava/lang/String;[BIILjava/security/ProtectionDomain;)Ljava/lang/Class; java.base@24.0.1 (43 bytes) @ 0x000001e693822f7c [0x000001e693822e60+0x000000000000011c]
J 1530 c1 jdk.internal.loader.BuiltinClassLoader.defineClass(Ljava/lang/String;Ljdk/internal/loader/Resource;)Ljava/lang/Class; java.base@24.0.1 (121 bytes) @ 0x000001e6938238dc [0x000001e693823340+0x000000000000059c]
J 1525 c1 jdk.internal.loader.BuiltinClassLoader.findClassOnClassPathOrNull(Ljava/lang/String;)Ljava/lang/Class; java.base@24.0.1 (38 bytes) @ 0x000001e693821e04 [0x000001e693821ba0+0x0000000000000264]
J 1158 c1 jdk.internal.loader.BuiltinClassLoader.loadClassOrNull(Ljava/lang/String;Z)Ljava/lang/Class; java.base@24.0.1 (143 bytes) @ 0x000001e6937acc04 [0x000001e6937ac7e0+0x0000000000000424]
J 1387 c1 jdk.internal.loader.BuiltinClassLoader.loadClass(Ljava/lang/String;Z)Ljava/lang/Class; java.base@24.0.1 (22 bytes) @ 0x000001e6937f399c [0x000001e6937f3940+0x000000000000005c]
J 1373 c1 java.lang.ClassLoader.loadClass(Ljava/lang/String;)Ljava/lang/Class; java.base@24.0.1 (7 bytes) @ 0x000001e6937f08f4 [0x000001e6937f08a0+0x0000000000000054]
v  ~StubRoutines::call_stub 0x000001e693550fcd
j  org.springframework.context.annotation.AnnotationConfigUtils.registerAnnotationConfigProcessors(Lorg/springframework/beans/factory/support/BeanDefinitionRegistry;Ljava/lang/Object;)Ljava/util/Set;+166
j  org.springframework.context.annotation.AnnotationConfigUtils.registerAnnotationConfigProcessors(Lorg/springframework/beans/factory/support/BeanDefinitionRegistry;)V+2
j  org.springframework.context.annotation.AnnotatedBeanDefinitionReader.<init>(Lorg/springframework/beans/factory/support/BeanDefinitionRegistry;Lorg/springframework/core/env/Environment;)V+57
j  org.springframework.context.annotation.AnnotatedBeanDefinitionReader.<init>(Lorg/springframework/beans/factory/support/BeanDefinitionRegistry;)V+6
j  org.springframework.boot.web.servlet.context.AnnotationConfigServletWebServerApplicationContext.<init>()V+21
j  org.springframework.boot.web.servlet.context.ServletWebServerApplicationContextFactory.createContext()Lorg/springframework/context/ConfigurableApplicationContext;+10
j  org.springframework.boot.web.servlet.context.ServletWebServerApplicationContextFactory.create(Lorg/springframework/boot/WebApplicationType;)Lorg/springframework/context/ConfigurableApplicationContext;+12
j  org.springframework.boot.DefaultApplicationContextFactory$$Lambda+0x000001e69b17a018.apply(Ljava/lang/Object;Ljava/lang/Object;)Ljava/lang/Object;+8
j  org.springframework.boot.DefaultApplicationContextFactory.getFromSpringFactories(Lorg/springframework/boot/WebApplicationType;Ljava/util/function/BiFunction;Ljava/util/function/Supplier;)Ljava/lang/Object;+45
j  org.springframework.boot.DefaultApplicationContextFactory.create(Lorg/springframework/boot/WebApplicationType;)Lorg/springframework/context/ConfigurableApplicationContext;+13
j  org.springframework.boot.SpringApplication.createApplicationContext()Lorg/springframework/context/ConfigurableApplicationContext;+11
j  org.springframework.boot.SpringApplication.run([Ljava/lang/String;)Lorg/springframework/context/ConfigurableApplicationContext;+79
j  org.springframework.boot.SpringApplication.run([Ljava/lang/Class;[Ljava/lang/String;)Lorg/springframework/context/ConfigurableApplicationContext;+9
j  org.springframework.boot.SpringApplication.run(Ljava/lang/Class;[Ljava/lang/String;)Lorg/springframework/context/ConfigurableApplicationContext;+9
j  com.codewithfavour.Main.main([Ljava/lang/String;)V+3
v  ~StubRoutines::call_stub 0x000001e693550fcd
Lock stack of current Java thread (top to bottom):
LockStack[0]: java.lang.Object 
{0x00000000cbca0120} - klass: 'java/lang/Object' - flags: 

 - ---- fields (total size 2 words):


Compiled method (n/a) 10554 1226     n 0       java.lang.ClassLoader::defineClass1 (native)
 total in heap  [0x000001e6937c2b88,0x000001e6937c2f90] = 1032
 relocation     [0x000001e6937c2c60,0x000001e6937c2c78] = 24
 main code      [0x000001e6937c2c80,0x000001e6937c2f8b] = 779
 stub code      [0x000001e6937c2f8b,0x000001e6937c2f90] = 5

[Constant Pool (empty)]

[MachCode]
[Entry Point]
  # {method} {0x000001e69a473068} 'defineClass1' '(Ljava/lang/ClassLoader;Ljava/lang/String;[BIILjava/security/ProtectionDomain;Ljava/lang/String;)Ljava/lang/Class;' in 'java/lang/ClassLoader'
  # parm0:    rdx:rdx   = 'java/lang/ClassLoader'
  # parm1:    r8:r8     = 'java/lang/String'
  # parm2:    r9:r9     = '[B'
  # parm3:    rdi       = int
  # parm4:    rsi       = int
  # parm5:    rcx:rcx   = 'java/security/ProtectionDomain'
  # parm6:    [sp+0xa0]   = 'java/lang/String'  (sp of caller)
  0x000001e6937c2c80: 6690 448b | 5208 443b 

  0x000001e6937c2c88: ;   {runtime_call Shared Runtime ic_miss_blob}
  0x000001e6937c2c88: 5008 0f85 | d0ba ddff 
[Verified Entry Point]
  0x000001e6937c2c90: 8984 2400 | 80ff ff55 | 488b ec48 | 81ec 9000 | 0000 6690 | 4181 7f20 | 0100 0000 

  0x000001e6937c2cac: ;   {runtime_call StubRoutines (final stubs)}
  0x000001e6937c2cac: 7405 e80d | 2cdc ff48 | 837d 1000 | 488d 4510 | 480f 4445 | 1048 8944 | 2440 4889 | 4c24 7048 
  0x000001e6937c2ccc: 83f9 0048 | 8d44 2470 | 480f 4444 | 2470 4889 | 4424 3848 | 8974 2430 | 4889 7c24 | 284c 894c 
  0x000001e6937c2cec: 2458 4983 | f900 488d | 4424 5848 | 0f44 4424 | 5848 8944 | 2420 4c89 | 4424 5049 | 83f8 004c 
  0x000001e6937c2d0c: 8d4c 2450 | 4c0f 444c | 2450 4889 | 5424 4848 | 83fa 004c | 8d44 2448 | 4c0f 4444 

  0x000001e6937c2d28: ;   {oop(a 'java/lang/Class'{0x00000000ffe7c748} = 'java/lang/ClassLoader')}
  0x000001e6937c2d28: 2448 49be | 48c7 e7ff | 0000 0000 | 4c89 7424 | 784c 8d74 | 2478 498b | d6c5 f877 

  0x000001e6937c2d44: ;   {internal_word}
  0x000001e6937c2d44: 49ba 412d | 7c93 e601 | 0000 4d89 | 97b0 0300 | 0049 89a7 | a803 0000 | 498d 8fc8 | 0300 0041 
  0x000001e6937c2d64: c787 5404 | 0000 0400 

  0x000001e6937c2d6c: ;   {runtime_call}
  0x000001e6937c2d6c: 0000 48b8 | 7816 6aca | fb7f 0000 | ffd0 c5f8 | 7741 c787 | 5404 0000 | 0500 0000 | f083 4424 
  0x000001e6937c2d8c: c000 493b | 6f28 0f87 | 0e00 0000 | 4183 bf50 | 0400 0000 | 0f84 2b00 | 0000 c5f8 | 7748 8945 
  0x000001e6937c2dac: f849 8bcf | 4c8b e448 | 83ec 2048 

  0x000001e6937c2db8: ;   {runtime_call}
  0x000001e6937c2db8: 83e4 f048 | b8d0 b925 | 3efb 7f00 | 00ff d049 | 8be4 4d33 | e448 8b45 | f841 c787 | 5404 0000 
  0x000001e6937c2dd8: 0800 0000 | 4183 bfd0 | 0400 0002 | 0f84 7401 | 0000 49c7 | 87a8 0300 | 0000 0000 | 0049 c787 
  0x000001e6937c2df8: b003 0000 | 0000 0000 | c5f8 7748 | 85c0 0f84 | 2f01 0000 | a803 0f85 | 0800 0000 | 488b 00e9 
  0x000001e6937c2e18: 1f01 0000 | a801 0f85 | 0900 0000 | 488b 40fe | e90e 0100 | 0048 8b40 | ff41 807f | 4800 0f84 
  0x000001e6937c2e38: ff00 0000 | 4883 f800 | 0f84 f500 | 0000 498b | 4f38 4885 | c90f 8414 | 0000 0048 | 83e9 0849 
  0x000001e6937c2e58: 894f 3849 | 034f 4048 | 8901 e9d4 | 0000 0048 | 83ec 7048 | 8904 2448 | 894c 2408 | 4889 5424 
  0x000001e6937c2e78: 104c 8944 | 2418 4c89 | 4c24 204c | 8954 2428 | 4c89 5c24 | 30c5 fb11 | 4424 40c5 | fb11 4c24 
  0x000001e6937c2e98: 48c5 fb11 | 5424 50c5 | fb11 5c24 | 58c5 fb11 | 6424 60c5 | fb11 6c24 | 6849 8bd7 | 488b c848 
  0x000001e6937c2eb8: ;   {no_reloc}
  0x000001e6937c2eb8: 83ec 2040 | f6c4 0f0f | 8419 0000 | 0048 83ec 

  0x000001e6937c2ec8: ;   {runtime_call}
  0x000001e6937c2ec8: 0848 b890 | 4918 3efb | 7f00 00ff | d048 83c4 | 08e9 0c00 

  0x000001e6937c2edc: ;   {runtime_call}
  0x000001e6937c2edc: 0000 48b8 | 9049 183e | fb7f 0000 | ffd0 4883 | c420 c5fb | 106c 2468 | c5fb 1064 | 2460 c5fb 
  0x000001e6937c2efc: 105c 2458 | c5fb 1054 | 2450 c5fb | 104c 2448 | c5fb 1044 | 2440 4c8b | 5c24 304c | 8b54 2428 
  0x000001e6937c2f1c: 4c8b 4c24 | 204c 8b44 | 2418 488b | 5424 1048 | 8b4c 2408 | 488b 0424 | 4883 c470 | c5f8 7749 
  0x000001e6937c2f3c: 8b8f 3804 | 0000 c781 | 0001 0000 | 0000 0000 | c949 837f | 0800 0f85 | 0100 0000 

  0x000001e6937c2f58: ;   {runtime_call StubRoutines (initial stubs)}
  0x000001e6937c2f58: c3e9 62df | d8ff c5f8 | 7748 8945 | f84c 8be4 | 4883 ec20 | 4883 e4f0 

  0x000001e6937c2f70: ;   {runtime_call}
  0x000001e6937c2f70: 48b8 d056 | 5d3e fb7f | 0000 ffd0 | 498b e44d | 33e4 488b | 45f8 e95f | feff fff4 | f4f4 f4f4 
[/MachCode]


Compiled method (c1) 10566 1529       1       java.lang.ClassLoader::defineClass (43 bytes)
 total in heap  [0x000001e693822d08,0x000001e6938230d8] = 976
 relocation     [0x000001e693822de0,0x000001e693822e48] = 104
 main code      [0x000001e693822e60,0x000001e693823020] = 448
 stub code      [0x000001e693823020,0x000001e693823098] = 120
 metadata       [0x000001e693823098,0x000001e6938230d8] = 64
 immutable data [0x000001e6df6339c0,0x000001e6df633b58] = 408
 dependencies   [0x000001e6df6339c0,0x000001e6df6339d8] = 24
 nul chk table  [0x000001e6df6339d8,0x000001e6df633a00] = 40
 scopes pcs     [0x000001e6df633a00,0x000001e6df633aa0] = 160
 scopes data    [0x000001e6df633aa0,0x000001e6df633b58] = 184

[Constant Pool (empty)]

[MachCode]
[Instructions begin]
  0x000001e693822e60: 660f 1f84 | 0000 0000 | 0066 0f1f | 8400 0000 | 0000 448b | 5208 443b 

  0x000001e693822e78: ;   {runtime_call Shared Runtime ic_miss_blob}
  0x000001e693822e78: 5008 0f85 | e0b8 d7ff 
[Verified Entry Point]
  0x000001e693822e80: 8984 2400 | 80ff ff55 | 4881 ecb0 | 0000 0090 | 4181 7f20 | 0100 0000 

  0x000001e693822e98: ;   {runtime_call StubRoutines (final stubs)}
  0x000001e693822e98: 7405 e821 | 2ad6 ff48 | 8954 2478 | 89b4 2494 | 0000 0089 | bc24 9000 | 0000 4c89 | 8c24 8800 
  0x000001e693822eb8: 0000 498b | d84c 8bc3 | 4c8b c948 | 8bca 488b | d148 899c | 2480 0000 | 0066 0f1f 

  0x000001e693822ed4: ;   {optimized virtual_call}
  0x000001e693822ed4: 4400 00e8 

  0x000001e693822ed8: ; ImmutableOopMap {[120]=Oop [128]=Oop [136]=Oop }
                      ;*invokevirtual preDefineClass {reexecute=0 rethrow=0 return_oop=0}
                      ; - java.lang.ClassLoader::defineClass@4 (line 960)
  0x000001e693822ed8: e4d9 0100 

  0x000001e693822edc: ;   {post_call_nop}
  0x000001e693822edc: 0f1f 8400 | d401 0000 | 4889 8424 | 9800 0000 

  0x000001e693822eec: ; implicit exception: dispatches to 0x000001e693822fc7
  0x000001e693822eec: 448b 4010 | 4d85 c00f | 850f 0000 

  0x000001e693822ef8: ;   {oop(nullptr)}
  0x000001e693822ef8: 0048 bb00 | 0000 0000 | 0000 00e9 | 3f00 0000 

  0x000001e693822f08: ; implicit exception: dispatches to 0x000001e693822fcc
  0x000001e693822f08: 458b 400c | 4d85 c00f | 850f 0000 

  0x000001e693822f14: ;   {oop(nullptr)}
  0x000001e693822f14: 0048 bb00 | 0000 0000 | 0000 00e9 | 2300 0000 

  0x000001e693822f24: ; implicit exception: dispatches to 0x000001e693822fd1
  0x000001e693822f24: 418b 5038 

  0x000001e693822f28: ; implicit exception: dispatches to 0x000001e693822fd6
  0x000001e693822f28: 483b 020f 

  0x000001e693822f2c: ;   {optimized virtual_call}
  0x000001e693822f2c: 1f40 00e8 

  0x000001e693822f30: ; ImmutableOopMap {[120]=Oop [128]=Oop [136]=Oop [152]=Oop }
                      ;*invokevirtual toExternalForm {reexecute=0 rethrow=0 return_oop=0}
                      ; - java.net.URL::toExternalForm@5 (line 1151)
                      ; - java.net.URL::toString@1 (line 1137)
                      ; - java.lang.ClassLoader::defineClassSourceLocation@22 (line 864)
                      ; - java.lang.ClassLoader::defineClass@12 (line 961)
  0x000001e693822f30: acc1 feff 

  0x000001e693822f34: ;   {post_call_nop}
  0x000001e693822f34: 0f1f 8400 | 2c02 0001 | 488b d848 | 8b84 2498 | 0000 008b | b424 9400 | 0000 8bbc | 2490 0000 
  0x000001e693822f54: 004c 8b8c | 2488 0000 | 004c 8b84 | 2480 0000 | 0048 8b54 | 2478 4c8b | da49 8bd3 | 488b c848 
  0x000001e693822f74: ;   {static_call}
  0x000001e693822f74: 891c 24e8 

  0x000001e693822f78: ; ImmutableOopMap {[120]=Oop [152]=Oop }
                      ;*invokestatic defineClass1 {reexecute=0 rethrow=0 return_oop=0}
                      ; - java.lang.ClassLoader::defineClass@27 (line 962)
  0x000001e693822f78: 14fd f9ff 

  0x000001e693822f7c: ;   {post_call_nop}
  0x000001e693822f7c: 0f1f 8400 | 7402 0002 | 4c8b c04c | 8b8c 2498 | 0000 0048 | 8b54 2478 | 4889 8424 | a000 0000 
  0x000001e693822f9c: ;   {optimized virtual_call}
  0x000001e693822f9c: 6666 90e8 

  0x000001e693822fa0: ; ImmutableOopMap {[160]=Oop }
                      ;*invokevirtual postDefineClass {reexecute=0 rethrow=0 return_oop=0}
                      ; - java.lang.ClassLoader::defineClass@37 (line 963)
  0x000001e693822fa0: dce3 ffff 

  0x000001e693822fa4: ;   {post_call_nop}
  0x000001e693822fa4: 0f1f 8400 | 9c02 0003 | 488b 8424 | a000 0000 | 4881 c4b0 | 0000 005d 

  0x000001e693822fbc: ;   {poll_return}
  0x000001e693822fbc: 493b 6728 | 0f87 1500 

  0x000001e693822fc4: ;   {runtime_call C1 Runtime throw_null_pointer_exception_blob}
  0x000001e693822fc4: 0000 c3e8 

  0x000001e693822fc8: ; ImmutableOopMap {rax=Oop [120]=Oop [128]=Oop [136]=Oop [152]=Oop }
                      ;*invokevirtual getCodeSource {reexecute=0 rethrow=0 return_oop=0}
                      ; - java.lang.ClassLoader::defineClassSourceLocation@1 (line 861)
                      ; - java.lang.ClassLoader::defineClass@12 (line 961)
  0x000001e693822fc8: 1440 e2ff 

  0x000001e693822fcc: ;   {runtime_call C1 Runtime throw_null_pointer_exception_blob}
  0x000001e693822fcc: e80f 40e2 

  0x000001e693822fd0: ; ImmutableOopMap {rax=Oop [120]=Oop [128]=Oop [136]=Oop [152]=Oop }
                      ;*invokevirtual getLocation {reexecute=0 rethrow=0 return_oop=0}
                      ; - java.lang.ClassLoader::defineClassSourceLocation@12 (line 863)
                      ; - java.lang.ClassLoader::defineClass@12 (line 961)
                      ;   {runtime_call C1 Runtime throw_null_pointer_exception_blob}
  0x000001e693822fd0: ffe8 0a40 

  0x000001e693822fd4: ; ImmutableOopMap {r8=Oop [120]=Oop [128]=Oop [136]=Oop [152]=Oop }
                      ;*invokevirtual toString {reexecute=0 rethrow=0 return_oop=0}
                      ; - java.lang.ClassLoader::defineClassSourceLocation@22 (line 864)
                      ; - java.lang.ClassLoader::defineClass@12 (line 961)
                      ;   {runtime_call C1 Runtime throw_null_pointer_exception_blob}
  0x000001e693822fd4: e2ff e805 

  0x000001e693822fd8: ; ImmutableOopMap {r8=Oop rdx=Oop [120]=Oop [128]=Oop [136]=Oop [152]=Oop }
                      ;*invokevirtual toExternalForm {reexecute=0 rethrow=0 return_oop=0}
                      ; - java.net.URL::toExternalForm@5 (line 1151)
                      ; - java.net.URL::toString@1 (line 1137)
                      ; - java.lang.ClassLoader::defineClassSourceLocation@22 (line 864)
                      ; - java.lang.ClassLoader::defineClass@12 (line 961)
                      ;   {internal_word}
  0x000001e693822fd8: 40e2 ff49 | babc 2f82 | 93e6 0100 | 004d 8997 | 6004 0000 

  0x000001e693822fec: ;   {runtime_call SafepointBlob}
  0x000001e693822fec: e9ef 2cd8 | ff49 8b87 | 0805 0000 | 49c7 8708 | 0500 0000 | 0000 0049 | c787 1005 | 0000 0000 
  0x000001e69382300c: 0000 4881 | c4b0 0000 

  0x000001e693823014: ;   {runtime_call C1 Runtime unwind_exception_blob}
  0x000001e693823014: 005d e9c5 | 30e2 fff4 | f4f4 f4f4 
[Stub Code]
  0x000001e693823020: ;   {no_reloc}
  0x000001e693823020: 0f1f 4400 

  0x000001e693823024: ;   {static_stub}
  0x000001e693823024: 0048 bb00 | 0000 0000 

  0x000001e69382302c: ;   {runtime_call nmethod}
  0x000001e69382302c: 0000 00e9 | fbff ffff 

  0x000001e693823034: ;   {static_stub}
  0x000001e693823034: 48bb 2031 | 479a e601 

  0x000001e69382303c: ;   {runtime_call I2C/C2I adapters}
  0x000001e69382303c: 0000 e9f7 

  0x000001e693823040: ;   {static_stub}
  0x000001e693823040: 2fd8 ff48 | bb00 0000 | 0000 0000 

  0x000001e69382304c: ;   {runtime_call nmethod}
  0x000001e69382304c: 00e9 fbff 

  0x000001e693823050: ;   {static_stub}
  0x000001e693823050: ffff 48bb | 0000 0000 | 0000 0000 

  0x000001e69382305c: ;   {runtime_call nmethod}
  0x000001e69382305c: e9fb ffff 

  0x000001e693823060: ;   {runtime_call C1 Runtime handle_exception_from_callee_blob}
  0x000001e693823060: ffe8 7a5d 

  0x000001e693823064: ;   {external_word}
  0x000001e693823064: e2ff 48b9 | f8eb 833e | fb7f 0000 | 4883 e4f0 

  0x000001e693823074: ;   {runtime_call}
  0x000001e693823074: 48b8 30a8 | 4a3e fb7f | 0000 ffd0 

  0x000001e693823080: ;   {section_word}
  0x000001e693823080: f449 ba81 | 3082 93e6 | 0100 0041 

  0x000001e69382308c: ;   {runtime_call DeoptimizationBlob}
  0x000001e69382308c: 52e9 ee21 | d8ff f4f4 | f4f4 f4f4 
[/MachCode]


Compiled method (c1) 10580 1530       1       jdk.internal.loader.BuiltinClassLoader::defineClass (121 bytes)
 total in heap  [0x000001e693823108,0x000001e693823bf0] = 2792
 relocation     [0x000001e6938231e0,0x000001e693823328] = 328
 main code      [0x000001e693823340,0x000001e693823a78] = 1848
 stub code      [0x000001e693823a78,0x000001e693823b98] = 288
 metadata       [0x000001e693823b98,0x000001e693823bf0] = 88
 immutable data [0x000001e6df633f60,0x000001e6df6343b0] = 1104
 dependencies   [0x000001e6df633f60,0x000001e6df633f80] = 32
 nul chk table  [0x000001e6df633f80,0x000001e6df633fa0] = 32
 handler table  [0x000001e6df633fa0,0x000001e6df633fb8] = 24
 scopes pcs     [0x000001e6df633fb8,0x000001e6df634158] = 416
 scopes data    [0x000001e6df634158,0x000001e6df6343b0] = 600

[Constant Pool (empty)]

[MachCode]
[Instructions begin]
  0x000001e693823340: 660f 1f84 | 0000 0000 | 0066 0f1f | 8400 0000 | 0000 448b | 5208 443b 

  0x000001e693823358: ;   {runtime_call Shared Runtime ic_miss_blob}
  0x000001e693823358: 5008 0f85 | 00b4 d7ff 
[Verified Entry Point]
  0x000001e693823360: 8984 2400 | 80ff ff55 | 4881 ec00 | 0100 0090 | 4181 7f20 | 0100 0000 

  0x000001e693823378: ;   {runtime_call StubRoutines (final stubs)}
  0x000001e693823378: 7405 e841 | 25d6 ff48 | 8994 24a0 | 0000 004c | 8984 2490 | 0000 004c | 898c 2498 | 0000 0049 
  0x000001e693823398: 8bd1 6666 | 9048 b870 | 0f4e dfe6 

  0x000001e6938233a4: ;   {virtual_call}
  0x000001e6938233a4: 0100 00e8 

  0x000001e6938233a8: ; ImmutableOopMap {[144]=Oop [152]=Oop [160]=Oop }
                      ;*invokevirtual getCodeSourceURL {reexecute=0 rethrow=0 return_oop=0}
                      ; - jdk.internal.loader.BuiltinClassLoader::defineClass@1 (line 756)
  0x000001e6938233a8: 061e 0000 

  0x000001e6938233ac: ;   {post_call_nop}
  0x000001e6938233ac: 0f1f 8400 | a402 0000 | 4889 8424 | a800 0000 | 4c8b 8424 | 9000 0000 

  0x000001e6938233c4: ; implicit exception: dispatches to 0x000001e693823978
  0x000001e6938233c4: 418b 7014 

  0x000001e6938233c8: ; implicit exception: dispatches to 0x000001e69382397d
  0x000001e6938233c8: 8b56 0c45 | 0fbe 4810 | 498b c9c1 | e118 c1f9 | 18d3 fa48 | 8bfa ffcf | 4585 c9ba | 0000 0000 
  0x000001e6938233e8: 7505 ba01 | 0000 0083 | e201 85d2 | 488b d641 | b82e 0000 | 004c 8bcf | 0f84 1300 

  0x000001e693823404: ;   {static_call}
  0x000001e693823404: 0000 90e8 

  0x000001e693823408: ; ImmutableOopMap {[144]=Oop [152]=Oop [160]=Oop [168]=Oop }
                      ;*invokestatic lastIndexOf {reexecute=0 rethrow=0 return_oop=0}
                      ; - java.lang.String::lastIndexOf@13 (line 2651)
                      ; - java.lang.String::lastIndexOf@8 (line 2613)
                      ; - jdk.internal.loader.BuiltinClassLoader::defineClass@8 (line 759)
  0x000001e693823408: 942b e9ff 

  0x000001e69382340c: ;   {post_call_nop}
  0x000001e69382340c: 0f1f 8400 | 0403 0001 | e913 0000 | 0066 0f1f 

  0x000001e69382341c: ;   {static_call}
  0x000001e69382341c: 4400 00e8 

  0x000001e693823420: ; ImmutableOopMap {[144]=Oop [152]=Oop [160]=Oop [168]=Oop }
                      ;*invokestatic lastIndexOf {reexecute=0 rethrow=0 return_oop=0}
                      ; - java.lang.String::lastIndexOf@25 (line 2652)
                      ; - java.lang.String::lastIndexOf@8 (line 2613)
                      ; - jdk.internal.loader.BuiltinClassLoader::defineClass@8 (line 759)
  0x000001e693823420: 3cbc d7ff 

  0x000001e693823424: ;   {post_call_nop}
  0x000001e693823424: 0f1f 8400 | 1c03 0002 | 83f8 ff0f | 847f 0000 | 0041 b800 | 0000 004c | 8bc8 488b | 9424 9000 
  0x000001e693823444: ;   {optimized virtual_call}
  0x000001e693823444: 0000 90e8 

  0x000001e693823448: ; ImmutableOopMap {[144]=Oop [152]=Oop [160]=Oop [168]=Oop }
                      ;*invokevirtual substring {reexecute=0 rethrow=0 return_oop=0}
                      ; - jdk.internal.loader.BuiltinClassLoader::defineClass@23 (line 761)
  0x000001e693823448: b471 e6ff 

  0x000001e69382344c: ;   {post_call_nop}
  0x000001e69382344c: 0f1f 8400 | 4403 0003 | 488b 9424 | 9800 0000 | 4889 8424 | b000 0000 | 9048 b898 | 0f4e dfe6 
  0x000001e69382346c: ;   {virtual_call}
  0x000001e69382346c: 0100 00e8 

  0x000001e693823470: ; ImmutableOopMap {[144]=Oop [152]=Oop [160]=Oop [168]=Oop [176]=Oop }
                      ;*invokevirtual getManifest {reexecute=0 rethrow=0 return_oop=0}
                      ; - jdk.internal.loader.BuiltinClassLoader::defineClass@29 (line 762)
  0x000001e693823470: 9e20 0000 

  0x000001e693823474: ;   {post_call_nop}
  0x000001e693823474: 0f1f 8400 | 6c03 0004 | 4c8b 8424 | b000 0000 | 4c8b c848 | 8bbc 24a8 | 0000 0048 | 8b94 24a0 
  0x000001e693823494: 0000 0066 | 0f1f 4400 | 0048 b8c0 | 0f4e dfe6 

  0x000001e6938234a4: ;   {virtual_call}
  0x000001e6938234a4: 0100 00e8 

  0x000001e6938234a8: ; ImmutableOopMap {[144]=Oop [152]=Oop [160]=Oop [168]=Oop }
                      ;*invokevirtual defineOrCheckPackage {reexecute=0 rethrow=0 return_oop=0}
                      ; - jdk.internal.loader.BuiltinClassLoader::defineClass@40 (line 763)
  0x000001e6938234a8: 8608 0000 

  0x000001e6938234ac: ;   {post_call_nop}
  0x000001e6938234ac: 0f1f 8400 | a403 0005 | 4c8b 8c24 | 9800 0000 | 488d 9424 | e000 0000 | 4c89 4a08 | 498b 0141 
  0x000001e6938234cc: 8bb7 5806 | 0000 81fe | a806 0000 | 0f8d a404 | 0000 4d3b | 4c37 f80f | 8425 0000 | 00a8 020f 
  0x000001e6938234ec: 8591 0400 | 0048 8bf0 | 4883 e6fe | 4883 c801 | f049 0fb1 | 310f 857b | 0400 0041 | 8bb7 5806 
  0x000001e69382350c: 0000 4d89 | 0c37 83c6 | 0841 89b7 | 5806 0000 | 418b 510c | 4885 d20f | 854b 0000 | 0049 8bd1 
  0x000001e69382352c: 9048 b8e8 | 0f4e dfe6 

  0x000001e693823534: ;   {virtual_call}
  0x000001e693823534: 0100 00e8 

  0x000001e693823538: ; ImmutableOopMap {[144]=Oop [152]=Oop [160]=Oop [168]=Oop [232]=Oop }
                      ;*invokevirtual getInputStream {reexecute=0 rethrow=0 return_oop=0}
                      ; - jdk.internal.loader.Resource::cachedInputStream@9 (line 76)
                      ; - jdk.internal.loader.Resource::getByteBuffer@1 (line 133)
                      ; - jdk.internal.loader.BuiltinClassLoader::defineClass@45 (line 767)
  0x000001e693823538: 761b 0200 

  0x000001e69382353c: ;   {post_call_nop}
  0x000001e69382353c: 0f1f 8400 | 3404 0006 | 410f be57 | 4885 d24c | 8b8c 2498 | 0000 000f | 853c 0400 | 004c 8bd0 
  0x000001e69382355c: 4589 510c | 498b d148 | 33d0 48c1 | ea14 4883 | fa00 0f85 | 3d04 0000 | 418b 510c | 488d 8424 
  0x000001e69382357c: e000 0000 | 488b 7808 | 418b b758 | 0600 0049 | 3b7c 37f8 | 0f85 3304 | 0000 4183 | af58 0600 
  0x000001e69382359c: 0008 493b | 7c37 f00f | 842a 0000 | 0048 8b07 | a802 0f85 | 1200 0000 | 488b f048 | 83ce 01f0 
  0x000001e6938235bc: 480f b137 | 0f84 0d00 | 0000 4183 | 8758 0600 | 0008 e9f6 | 0300 0048 | 85d2 0f84 | 4300 0000 
  0x000001e6938235dc: ;   {metadata('sun/nio/ByteBuffered')}
  0x000001e6938235dc: 48b8 a0e0 | 3f9a e601 | 0000 8b5a | 0849 ba00 | 0000 9ae6 | 0100 0049 | 03da 483b | 4320 0f84 
  0x000001e6938235fc: 2400 0000 | 483b d80f | 841b 0000 

  0x000001e693823608: ;   {runtime_call C1 Runtime slow_subtype_check_blob}
  0x000001e693823608: 0053 50e8 | b063 e2ff | 5b5b 85db | 0f84 0500 | 0000 e905 | 0000 0048 | 33f6 eb05 | be01 0000 
  0x000001e693823628: 0085 f60f | 8468 0000 | 0048 85d2 | 0f84 4300 

  0x000001e693823638: ;   {metadata('sun/nio/ByteBuffered')}
  0x000001e693823638: 0000 48bb | a0e0 3f9a | e601 0000 | 8b7a 0849 | ba00 0000 | 9ae6 0100 | 0049 03fa | 483b 5f20 
  0x000001e693823658: 0f84 1f00 | 0000 483b | fb0f 8416 | 0000 0057 

  0x000001e693823668: ;   {runtime_call C1 Runtime slow_subtype_check_blob}
  0x000001e693823668: 53e8 5263 | e2ff 5f5f | 85ff 0f84 | 6703 0000 | e900 0000 | 0048 b810 | 104e dfe6 

  0x000001e693823684: ;   {virtual_call}
  0x000001e693823684: 0100 00e8 

  0x000001e693823688: ; ImmutableOopMap {[144]=Oop [152]=Oop [160]=Oop [168]=Oop }
                      ;*invokeinterface getByteBuffer {reexecute=0 rethrow=0 return_oop=0}
                      ; - jdk.internal.loader.Resource::getByteBuffer@16 (line 135)
                      ; - jdk.internal.loader.BuiltinClassLoader::defineClass@45 (line 767)
  0x000001e693823688: d4b6 d7ff 

  0x000001e69382368c: ;   {post_call_nop}
  0x000001e69382368c: 0f1f 8400 | 8405 0007 | e90a 0000 

  0x000001e693823698: ;   {oop(nullptr)}
  0x000001e693823698: 0048 b800 | 0000 0000 | 0000 0048 | 85c0 0f84 | 0301 0000 | 4889 8424 | b800 0000 | 488b 9424 
  0x000001e6938236b8: 9800 0000 | 9048 b838 | 104e dfe6 

  0x000001e6938236c4: ;   {virtual_call}
  0x000001e6938236c4: 0100 00e8 

  0x000001e6938236c8: ; ImmutableOopMap {[144]=Oop [160]=Oop [168]=Oop [184]=Oop }
                      ;*invokevirtual getCodeSigners {reexecute=0 rethrow=0 return_oop=0}
                      ; - jdk.internal.loader.BuiltinClassLoader::defineClass@56 (line 769)
  0x000001e6938236c8: 94b6 d7ff 

  0x000001e6938236cc: ;   {post_call_nop}
  0x000001e6938236cc: 0f1f 8400 | c405 0008 

  0x000001e6938236d4: ;   {metadata('java/security/CodeSource')}
  0x000001e6938236d4: 4c8b c848 | ba90 c91a | 9ae6 0100 | 0049 8b87 | c801 0000 | 488d 7828 | 493b bfd8 | 0100 000f 
  0x000001e6938236f4: 87ef 0200 | 0049 89bf | c801 0000 | 48c7 0001 | 0000 0048 | 8bca 49ba | 0000 009a | e601 0000 
  0x000001e693823714: 492b ca89 | 4808 4833 | c989 480c | 4833 c948 | 8948 1048 | 8948 1848 | 8948 204c | 8b84 24a8 
  0x000001e693823734: 0000 0048 | 8bd0 4889 | 8424 c000 | 0000 0f1f 

  0x000001e693823744: ;   {optimized virtual_call}
  0x000001e693823744: 4400 00e8 

  0x000001e693823748: ; ImmutableOopMap {[144]=Oop [160]=Oop [184]=Oop [192]=Oop }
                      ;*invokespecial <init> {reexecute=0 rethrow=0 return_oop=0}
                      ; - jdk.internal.loader.BuiltinClassLoader::defineClass@68 (line 770)
  0x000001e693823748: 14b3 d7ff 

  0x000001e69382374c: ;   {post_call_nop}
  0x000001e69382374c: 0f1f 8400 | 4406 0009 | 4c8b 8424 | c000 0000 | 488b 9424 | a000 0000 

  0x000001e693823764: ;   {optimized virtual_call}
  0x000001e693823764: 6666 90e8 

  0x000001e693823768: ; ImmutableOopMap {[144]=Oop [160]=Oop [184]=Oop }
                      ;*invokevirtual getProtectionDomain {reexecute=0 rethrow=0 return_oop=0}
                      ; - java.security.SecureClassLoader::defineClass@5 (line 164)
                      ; - jdk.internal.loader.BuiltinClassLoader::defineClass@79 (line 771)
  0x000001e693823768: f4b2 d7ff 

  0x000001e69382376c: ;   {post_call_nop}
  0x000001e69382376c: 0f1f 8400 | 6406 000a | 4c8b 8424 | 9000 0000 | 4c8b 8c24 | b800 0000 | 488b f848 | 8b94 24a0 
  0x000001e69382378c: ;   {optimized virtual_call}
  0x000001e69382378c: 0000 00e8 

  0x000001e693823790: ; ImmutableOopMap {}
                      ;*invokevirtual defineClass {reexecute=0 rethrow=0 return_oop=0}
                      ; - java.security.SecureClassLoader::defineClass@8 (line 164)
                      ; - jdk.internal.loader.BuiltinClassLoader::defineClass@79 (line 771)
  0x000001e693823790: ccb2 d7ff 

  0x000001e693823794: ;   {post_call_nop}
  0x000001e693823794: 0f1f 8400 | 8c06 000b | 4881 c400 | 0100 005d 

  0x000001e6938237a4: ;   {poll_return}
  0x000001e6938237a4: 493b 6728 | 0f87 4702 | 0000 c34c | 8b8c 2498 | 0000 0049 | 8bd1 6666 | 9048 b860 | 104e dfe6 
  0x000001e6938237c4: ;   {virtual_call}
  0x000001e6938237c4: 0100 00e8 

  0x000001e6938237c8: ; ImmutableOopMap {[144]=Oop [152]=Oop [160]=Oop [168]=Oop }
                      ;*invokevirtual getBytes {reexecute=0 rethrow=0 return_oop=0}
                      ; - jdk.internal.loader.BuiltinClassLoader::defineClass@84 (line 773)
  0x000001e6938237c8: 061c 0200 

  0x000001e6938237cc: ;   {post_call_nop}
  0x000001e6938237cc: 0f1f 8400 | c406 000c | 4889 8424 | c800 0000 | 488b 9424 | 9800 0000 | 9048 b888 | 104e dfe6 
  0x000001e6938237ec: ;   {virtual_call}
  0x000001e6938237ec: 0100 00e8 

  0x000001e6938237f0: ; ImmutableOopMap {[144]=Oop [160]=Oop [168]=Oop [200]=Oop }
                      ;*invokevirtual getCodeSigners {reexecute=0 rethrow=0 return_oop=0}
                      ; - jdk.internal.loader.BuiltinClassLoader::defineClass@90 (line 774)
  0x000001e6938237f0: 3e23 0200 

  0x000001e6938237f4: ;   {post_call_nop}
  0x000001e6938237f4: 0f1f 8400 | ec06 000d 

  0x000001e6938237fc: ;   {metadata('java/security/CodeSource')}
  0x000001e6938237fc: 4c8b c848 | ba90 c91a | 9ae6 0100 | 0049 8b87 | c801 0000 | 488d 7828 | 493b bfd8 | 0100 000f 
  0x000001e69382381c: 87ea 0100 | 0049 89bf | c801 0000 | 48c7 0001 | 0000 0048 | 8bca 49ba | 0000 009a | e601 0000 
  0x000001e69382383c: 492b ca89 | 4808 4833 | c989 480c | 4833 c948 | 8948 1048 | 8948 1848 | 8948 204c | 8b84 24a8 
  0x000001e69382385c: 0000 0048 | 8bd0 4889 | 8424 d000 | 0000 0f1f 

  0x000001e69382386c: ;   {optimized virtual_call}
  0x000001e69382386c: 4400 00e8 

  0x000001e693823870: ; ImmutableOopMap {[144]=Oop [160]=Oop [200]=Oop [208]=Oop }
                      ;*invokespecial <init> {reexecute=0 rethrow=0 return_oop=0}
                      ; - jdk.internal.loader.BuiltinClassLoader::defineClass@102 (line 775)
  0x000001e693823870: ece9 ffff 

  0x000001e693823874: ;   {post_call_nop}
  0x000001e693823874: 0f1f 8400 | 6c07 000e | 488b 8424 | c800 0000 

  0x000001e693823884: ; implicit exception: dispatches to 0x000001e693823a18
  0x000001e693823884: 8b70 0c4c | 8b84 24d0 | 0000 0048 | 8b94 24a0 | 0000 0089 | b424 d800 

  0x000001e69382389c: ;   {optimized virtual_call}
  0x000001e69382389c: 0000 90e8 

  0x000001e6938238a0: ; ImmutableOopMap {[144]=Oop [160]=Oop [200]=Oop }
                      ;*invokevirtual getProtectionDomain {reexecute=0 rethrow=0 return_oop=0}
                      ; - java.security.SecureClassLoader::defineClass@9 (line 132)
                      ; - jdk.internal.loader.BuiltinClassLoader::defineClass@117 (line 776)
  0x000001e6938238a0: bcc7 ffff 

  0x000001e6938238a4: ;   {post_call_nop}
  0x000001e6938238a4: 0f1f 8400 | 9c07 000f | 4c8b 8424 | 9000 0000 | 4c8b 8c24 | c800 0000 | bf00 0000 | 008b b424 
  0x000001e6938238c4: d800 0000 | 488b c848 | 8b94 24a0 | 0000 000f 

  0x000001e6938238d4: ;   {optimized virtual_call}
  0x000001e6938238d4: 1f40 00e8 

  0x000001e6938238d8: ; ImmutableOopMap {}
                      ;*invokevirtual defineClass {reexecute=0 rethrow=0 return_oop=0}
                      ; - java.security.SecureClassLoader::defineClass@12 (line 132)
                      ; - jdk.internal.loader.BuiltinClassLoader::defineClass@117 (line 776)
  0x000001e6938238d8: a4f5 ffff 

  0x000001e6938238dc: ;   {post_call_nop}
  0x000001e6938238dc: 0f1f 8400 | d407 0010 | 4881 c400 | 0100 005d 

  0x000001e6938238ec: ;   {poll_return}
  0x000001e6938238ec: 493b 6728 | 0f87 2701 | 0000 c349 | 8b87 0805 | 0000 4d33 | d24d 8997 | 0805 0000 | 4d33 d24d 
  0x000001e69382390c: 8997 1005 | 0000 488b | f048 8d84 | 24e0 0000 | 0048 8b58 | 0841 8bbf | 5806 0000 | 493b 5c3f 
  0x000001e69382392c: f80f 8500 | 0100 0041 | 83af 5806 | 0000 0849 | 3b5c 3ff0 | 0f84 2a00 | 0000 488b | 03a8 020f 
  0x000001e69382394c: 8512 0000 | 0048 8bf8 | 4883 cf01 | f048 0fb1 | 3b0f 840d | 0000 0041 | 8387 5806 | 0000 08e9 
  0x000001e69382396c: c300 0000 | 488b c6e9 | ee00 0000 

  0x000001e693823978: ;   {runtime_call C1 Runtime throw_null_pointer_exception_blob}
  0x000001e693823978: e863 36e2 

  0x000001e69382397c: ; ImmutableOopMap {rax=Oop r8=Oop [144]=Oop [152]=Oop [160]=Oop [168]=Oop }
                      ;*invokevirtual lastIndexOf {reexecute=0 rethrow=0 return_oop=0}
                      ; - jdk.internal.loader.BuiltinClassLoader::defineClass@8 (line 759)
                      ;   {runtime_call C1 Runtime throw_null_pointer_exception_blob}
  0x000001e69382397c: ffe8 5e36 

  0x000001e693823980: ; ImmutableOopMap {rax=Oop r8=Oop rsi=Oop [144]=Oop [152]=Oop [160]=Oop [168]=Oop }
                      ;*arraylength {reexecute=0 rethrow=0 return_oop=0}
                      ; - java.lang.String::length@4 (line 1580)
                      ; - java.lang.String::lastIndexOf@3 (line 2613)
                      ; - jdk.internal.loader.BuiltinClassLoader::defineClass@8 (line 759)
  0x000001e693823980: e2ff 4c89 | 4c24 0848 

  0x000001e693823988: ;   {runtime_call C1 Runtime monitorenter_nofpu_blob}
  0x000001e693823988: 8914 24e8 

  0x000001e69382398c: ; ImmutableOopMap {r9=Oop [144]=Oop [152]=Oop [160]=Oop [168]=Oop [232]=Oop }
                      ;*synchronization entry
                      ; - jdk.internal.loader.Resource::cachedInputStream@-1 (line 75)
                      ; - jdk.internal.loader.Resource::getByteBuffer@1 (line 133)
                      ; - jdk.internal.loader.BuiltinClassLoader::defineClass@45 (line 767)
  0x000001e69382398c: 5066 e2ff | e987 fbff | ff41 8b51 | 0c48 83fa | 000f 84b6 | fbff ff48 

  0x000001e6938239a4: ;   {runtime_call g1_pre_barrier_slow}
  0x000001e6938239a4: 8914 24e8 | 348d e2ff | e9a8 fbff | ff48 83f8 | 000f 84b9 | fbff ff4c 

  0x000001e6938239bc: ;   {runtime_call g1_post_barrier_slow}
  0x000001e6938239bc: 890c 24e8 | 1c90 e2ff | e9ab fbff | ff48 8d84 | 24e0 0000 | 0048 8904 

  0x000001e6938239d4: ;   {runtime_call C1 Runtime monitorexit_nofpu_blob}
  0x000001e6938239d4: 24e8 066c | e2ff e9f4 | fbff ff48 

  0x000001e6938239e0: ;   {runtime_call C1 Runtime throw_class_cast_exception_blob}
  0x000001e6938239e0: 8914 24e8 

  0x000001e6938239e4: ; ImmutableOopMap {[144]=Oop [152]=Oop [160]=Oop [168]=Oop }
                      ;*checkcast {reexecute=0 rethrow=0 return_oop=0}
                      ; - jdk.internal.loader.Resource::getByteBuffer@13 (line 135)
                      ; - jdk.internal.loader.BuiltinClassLoader::defineClass@45 (line 767)
  0x000001e6938239e4: f859 e2ff 

  0x000001e6938239e8: ;   {runtime_call C1 Runtime fast_new_instance_blob}
  0x000001e6938239e8: 488b d2e8 

  0x000001e6938239ec: ; ImmutableOopMap {r9=Oop [144]=Oop [160]=Oop [168]=Oop [184]=Oop }
                      ;*new {reexecute=0 rethrow=0 return_oop=0}
                      ; - jdk.internal.loader.BuiltinClassLoader::defineClass@61 (line 770)
  0x000001e6938239ec: f03e e2ff | e93a fdff 

  0x000001e6938239f4: ;   {internal_word}
  0x000001e6938239f4: ff49 baa4 | 3782 93e6 | 0100 004d | 8997 6004 

  0x000001e693823a04: ;   {runtime_call SafepointBlob}
  0x000001e693823a04: 0000 e9d5 | 22d8 ff48 

  0x000001e693823a0c: ;   {runtime_call C1 Runtime fast_new_instance_blob}
  0x000001e693823a0c: 8bd2 e8cd 

  0x000001e693823a10: ; ImmutableOopMap {r9=Oop [144]=Oop [160]=Oop [168]=Oop [200]=Oop }
                      ;*new {reexecute=0 rethrow=0 return_oop=0}
                      ; - jdk.internal.loader.BuiltinClassLoader::defineClass@95 (line 775)
  0x000001e693823a10: 3ee2 ffe9 | 3ffe ffff 

  0x000001e693823a18: ;   {runtime_call C1 Runtime throw_null_pointer_exception_blob}
  0x000001e693823a18: e8c3 35e2 

  0x000001e693823a1c: ; ImmutableOopMap {rax=Oop [144]=Oop [160]=Oop [200]=Oop [208]=Oop }
                      ;*arraylength {reexecute=0 rethrow=0 return_oop=0}
                      ; - jdk.internal.loader.BuiltinClassLoader::defineClass@114 (line 776)
                      ;   {internal_word}
  0x000001e693823a1c: ff49 baec | 3882 93e6 | 0100 004d | 8997 6004 

  0x000001e693823a2c: ;   {runtime_call SafepointBlob}
  0x000001e693823a2c: 0000 e9ad | 22d8 ff48 | 8d84 24e0 | 0000 0048 

  0x000001e693823a3c: ;   {runtime_call C1 Runtime monitorexit_nofpu_blob}
  0x000001e693823a3c: 8904 24e8 | 9c6b e2ff | e927 ffff | ff49 8b87 | 0805 0000 | 49c7 8708 | 0500 0000 | 0000 0049 
  0x000001e693823a5c: c787 1005 | 0000 0000 | 0000 4881 | c400 0100 

  0x000001e693823a6c: ;   {runtime_call C1 Runtime unwind_exception_blob}
  0x000001e693823a6c: 005d e96d | 26e2 fff4 | f4f4 f4f4 
[Stub Code]
  0x000001e693823a78: ;   {no_reloc}
  0x000001e693823a78: 0f1f 4400 

  0x000001e693823a7c: ;   {static_stub}
  0x000001e693823a7c: 0048 bb00 | 0000 0000 

  0x000001e693823a84: ;   {runtime_call nmethod}
  0x000001e693823a84: 0000 00e9 | fbff ffff 

  0x000001e693823a8c: ;   {static_stub}
  0x000001e693823a8c: 9048 bb00 | 0000 0000 

  0x000001e693823a94: ;   {runtime_call nmethod}
  0x000001e693823a94: 0000 00e9 | fbff ffff 

  0x000001e693823a9c: ;   {static_stub}
  0x000001e693823a9c: 9048 bb00 | 0000 0000 

  0x000001e693823aa4: ;   {runtime_call nmethod}
  0x000001e693823aa4: 0000 00e9 | fbff ffff 

  0x000001e693823aac: ;   {static_stub}
  0x000001e693823aac: 9048 bb00 | 0000 0000 

  0x000001e693823ab4: ;   {runtime_call nmethod}
  0x000001e693823ab4: 0000 00e9 | fbff ffff 

  0x000001e693823abc: ;   {static_stub}
  0x000001e693823abc: 9048 bb00 | 0000 0000 

  0x000001e693823ac4: ;   {runtime_call nmethod}
  0x000001e693823ac4: 0000 00e9 | fbff ffff 

  0x000001e693823acc: ;   {static_stub}
  0x000001e693823acc: 9048 bb00 | 0000 0000 

  0x000001e693823ad4: ;   {runtime_call nmethod}
  0x000001e693823ad4: 0000 00e9 | fbff ffff 

  0x000001e693823adc: ;   {static_stub}
  0x000001e693823adc: 9048 bb00 | 0000 0000 

  0x000001e693823ae4: ;   {runtime_call nmethod}
  0x000001e693823ae4: 0000 00e9 | fbff ffff 

  0x000001e693823aec: ;   {static_stub}
  0x000001e693823aec: 9048 bb00 | 0000 0000 

  0x000001e693823af4: ;   {runtime_call nmethod}
  0x000001e693823af4: 0000 00e9 | fbff ffff 

  0x000001e693823afc: ;   {static_stub}
  0x000001e693823afc: 48bb 0000 | 0000 0000 

  0x000001e693823b04: ;   {runtime_call nmethod}
  0x000001e693823b04: 0000 e9fb 

  0x000001e693823b08: ;   {static_stub}
  0x000001e693823b08: ffff ff48 | bb00 0000 | 0000 0000 

  0x000001e693823b14: ;   {runtime_call nmethod}
  0x000001e693823b14: 00e9 fbff 

  0x000001e693823b18: ;   {static_stub}
  0x000001e693823b18: ffff 48bb | 0000 0000 | 0000 0000 

  0x000001e693823b24: ;   {runtime_call nmethod}
  0x000001e693823b24: e9fb ffff 

  0x000001e693823b28: ;   {static_stub}
  0x000001e693823b28: ff48 bb00 | 0000 0000 

  0x000001e693823b30: ;   {runtime_call nmethod}
  0x000001e693823b30: 0000 00e9 | fbff ffff 

  0x000001e693823b38: ;   {static_stub}
  0x000001e693823b38: 48bb 0000 | 0000 0000 

  0x000001e693823b40: ;   {runtime_call nmethod}
  0x000001e693823b40: 0000 e9fb 

  0x000001e693823b44: ;   {static_stub}
  0x000001e693823b44: ffff ff48 | bb00 0000 | 0000 0000 

  0x000001e693823b50: ;   {runtime_call nmethod}
  0x000001e693823b50: 00e9 fbff 

  0x000001e693823b54: ;   {static_stub}
  0x000001e693823b54: ffff 48bb | 0000 0000 | 0000 0000 

  0x000001e693823b60: ;   {runtime_call nmethod}
  0x000001e693823b60: e9fb ffff 

  0x000001e693823b64: ;   {runtime_call C1 Runtime handle_exception_from_callee_blob}
  0x000001e693823b64: ffe8 7652 

  0x000001e693823b68: ;   {external_word}
  0x000001e693823b68: e2ff 48b9 | f8eb 833e | fb7f 0000 | 4883 e4f0 

  0x000001e693823b78: ;   {runtime_call}
  0x000001e693823b78: 48b8 30a8 | 4a3e fb7f | 0000 ffd0 

  0x000001e693823b84: ;   {section_word}
  0x000001e693823b84: f449 ba85 | 3b82 93e6 | 0100 0041 

  0x000001e693823b90: ;   {runtime_call DeoptimizationBlob}
  0x000001e693823b90: 52e9 ea16 | d8ff f4f4 
[/MachCode]


---------------  P R O C E S S  ---------------

Threads class SMR info:
_java_thread_list=0x000001e6dfa00080, length=17, elements={
0x000001e68aca8520, 0x000001e68ad60350, 0x000001e68ad61340, 0x000001e68ad66a40,
0x000001e68ad67d10, 0x000001e68ad69c50, 0x000001e68ad6a780, 0x000001e68ad6b2b0,
0x000001e699744680, 0x000001e69998d5a0, 0x000001e69998dce0, 0x000001e6df48b0b0,
0x000001e6df537820, 0x000001e6df5066e0, 0x000001e6df52e3d0, 0x000001e6df530f30,
0x000001e6df9c2790
}

Java Threads: ( => current thread )
=>0x000001e68aca8520 JavaThread "main"                              [_thread_in_vm, id=2936, stack(0x000000a38ae00000,0x000000a38af00000) (1024K)]
  0x000001e68ad60350 JavaThread "Reference Handler"          daemon [_thread_blocked, id=4780, stack(0x000000a38b600000,0x000000a38b700000) (1024K)]
  0x000001e68ad61340 JavaThread "Finalizer"                  daemon [_thread_blocked, id=9344, stack(0x000000a38b700000,0x000000a38b800000) (1024K)]
  0x000001e68ad66a40 JavaThread "Signal Dispatcher"          daemon [_thread_blocked, id=11320, stack(0x000000a38b800000,0x000000a38b900000) (1024K)]
  0x000001e68ad67d10 JavaThread "Attach Listener"            daemon [_thread_blocked, id=4140, stack(0x000000a38b900000,0x000000a38ba00000) (1024K)]
  0x000001e68ad69c50 JavaThread "Service Thread"             daemon [_thread_blocked, id=6816, stack(0x000000a38ba00000,0x000000a38bb00000) (1024K)]
  0x000001e68ad6a780 JavaThread "Monitor Deflation Thread"   daemon [_thread_blocked, id=7724, stack(0x000000a38bb00000,0x000000a38bc00000) (1024K)]
  0x000001e68ad6b2b0 JavaThread "C1 CompilerThread0"         daemon [_thread_blocked, id=9496, stack(0x000000a38bc00000,0x000000a38bd00000) (1024K)]
  0x000001e699744680 JavaThread "Common-Cleaner"             daemon [_thread_blocked, id=4980, stack(0x000000a38bd00000,0x000000a38be00000) (1024K)]
  0x000001e69998d5a0 JavaThread "Monitor Ctrl-Break"         daemon [_thread_in_native, id=14764, stack(0x000000a38be00000,0x000000a38bf00000) (1024K)]
  0x000001e69998dce0 JavaThread "Notification Thread"        daemon [_thread_blocked, id=16360, stack(0x000000a38bf00000,0x000000a38c000000) (1024K)]
  0x000001e6df48b0b0 JavaThread "RMI TCP Accept-0"           daemon [_thread_in_native, id=17044, stack(0x000000a38c000000,0x000000a38c100000) (1024K)]
  0x000001e6df537820 JavaThread "RMI TCP Connection(1)-192.168.137.1" daemon [_thread_in_native, id=18136, stack(0x000000a38c200000,0x000000a38c300000) (1024K)]
  0x000001e6df5066e0 JavaThread "RMI TCP Connection(2)-192.168.137.1" daemon [_thread_in_native, id=11384, stack(0x000000a38c300000,0x000000a38c400000) (1024K)]
  0x000001e6df52e3d0 JavaThread "RMI Scheduler(0)"           daemon [_thread_blocked, id=6788, stack(0x000000a38c500000,0x000000a38c600000) (1024K)]
  0x000001e6df530f30 JavaThread "JMX server connection timeout 30" daemon [_thread_blocked, id=740, stack(0x000000a38c600000,0x000000a38c700000) (1024K)]
  0x000001e6df9c2790 JavaThread "background-preinit"                [_thread_in_vm, id=4892, stack(0x000000a38c400000,0x000000a38c500000) (1024K)]
Total: 17

Other Threads:
  0x000001e68ad4f170 VMThread "VM Thread"                           [id=8412, stack(0x000000a38b500000,0x000000a38b600000) (1024K)]
  0x000001e69963aa00 WatcherThread "VM Periodic Task Thread"        [id=6016, stack(0x000000a38b400000,0x000000a38b500000) (1024K)]
  0x000001e68acdb170 WorkerThread "GC Thread#0"                     [id=10452, stack(0x000000a38af00000,0x000000a38b000000) (1024K)]
  0x000001e6df494b60 WorkerThread "GC Thread#1"                     [id=8188, stack(0x000000a38c100000,0x000000a38c200000) (1024K)]
  0x000001e68ace65d0 ConcurrentGCThread "G1 Main Marker"            [id=16816, stack(0x000000a38b000000,0x000000a38b100000) (1024K)]
  0x000001e68ace6ff0 WorkerThread "G1 Conc#0"                       [id=9128, stack(0x000000a38b100000,0x000000a38b200000) (1024K)]
  0x000001e68ad31e90 ConcurrentGCThread "G1 Refine#0"               [id=10420, stack(0x000000a38b200000,0x000000a38b300000) (1024K)]
  0x000001e68ad32aa0 ConcurrentGCThread "G1 Service"                [id=5676, stack(0x000000a38b300000,0x000000a38b400000) (1024K)]
Total: 8

Threads with active compile tasks:
Total: 0

VM state: not at safepoint (normal execution)

VM Mutex/Monitor currently owned by a thread:  ([mutex/lock_event])
[0x00007ffb3eaf24b0] Metaspace_lock - owner thread: 0x000001e68aca8520

Heap address: 0x00000000c9400000, size: 876 MB, Compressed Oops mode: 32-bit

CDS archive(s) mapped at: [0x000001e69a000000-0x000001e69ad40000-0x000001e69ad40000), size 13893632, SharedBaseAddress: 0x000001e69a000000, ArchiveRelocationMode: 1.
Compressed class space mapped at: 0x000001e69b000000-0x000001e6db000000, reserved size: 1073741824
UseCompressedClassPointers 1, UseCompactObjectHeaders 0
Narrow klass pointer bits 32, Max shift 3
Narrow klass base: 0x000001e69a000000, Narrow klass shift: 0
Encoding Range: [0x000001e69a000000 - 0x000001e79a000000), (4294967296 bytes)
Klass Range:    [0x000001e69a000000 - 0x000001e6db000000), (1090519040 bytes)
Klass ID Range:  [8 - 1090519033) (1090519025)

GC Precious Log:
 CardTable entry size: 512
 Card Set container configuration: InlinePtr #cards 5 size 8 Array Of Cards #cards 10 size 36 Howl #buckets 4 coarsen threshold 1843 Howl Bitmap #cards 512 size 80 coarsen threshold 460 Card regions per heap region 1 cards per card region 2048
 CPUs: 2 total, 2 available
 Memory: 3499M
 Large Page Support: Disabled
 NUMA Support: Disabled
 Compressed Oops: Enabled (32-bit)
 Heap Region Size: 1M
 Heap Min Capacity: 8M
 Heap Initial Capacity: 56M
 Heap Max Capacity: 876M
 Pre-touch: Disabled
 Parallel Workers: 2
 Concurrent Workers: 1
 Concurrent Refinement Workers: 2
 Periodic GC: Disabled

Heap:
 garbage-first heap   total reserved 897024K, committed 59392K, used 22736K [0x00000000c9400000, 0x0000000100000000)
  region size 1024K, 18 young (18432K), 2 survivors (2048K)
 Metaspace       used 13089K, committed 13376K, reserved 1114112K
  class space    used 1467K, committed 1600K, reserved 1048576K

Heap Regions: E=young(eden), S=young(survivor), O=old, HS=humongous(starts), HC=humongous(continues), CS=collection set, F=free, TAMS=top-at-mark-start, PB=parsable bottom
|   0|0x00000000c9400000, 0x00000000c9500000, 0x00000000c9500000|100%| O|  |TAMS 0x00000000c9400000| PB 0x00000000c9400000| Untracked |  0
|   1|0x00000000c9500000, 0x00000000c9600000, 0x00000000c9600000|100%| O|  |TAMS 0x00000000c9500000| PB 0x00000000c9500000| Untracked |  0
|   2|0x00000000c9600000, 0x00000000c9700000, 0x00000000c9700000|100%| O|  |TAMS 0x00000000c9600000| PB 0x00000000c9600000| Untracked |  0
|   3|0x00000000c9700000, 0x00000000c9800000, 0x00000000c9800000|100%| O|  |TAMS 0x00000000c9700000| PB 0x00000000c9700000| Untracked |  0
|   4|0x00000000c9800000, 0x00000000c984d440, 0x00000000c9900000| 30%| O|  |TAMS 0x00000000c9800000| PB 0x00000000c9800000| Untracked |  0
|   5|0x00000000c9900000, 0x00000000c9900000, 0x00000000c9a00000|  0%| F|  |TAMS 0x00000000c9900000| PB 0x00000000c9900000| Untracked |  0
|   6|0x00000000c9a00000, 0x00000000c9a00000, 0x00000000c9b00000|  0%| F|  |TAMS 0x00000000c9a00000| PB 0x00000000c9a00000| Untracked |  0
|   7|0x00000000c9b00000, 0x00000000c9b00000, 0x00000000c9c00000|  0%| F|  |TAMS 0x00000000c9b00000| PB 0x00000000c9b00000| Untracked |  0
|   8|0x00000000c9c00000, 0x00000000c9c00000, 0x00000000c9d00000|  0%| F|  |TAMS 0x00000000c9c00000| PB 0x00000000c9c00000| Untracked |  0
|   9|0x00000000c9d00000, 0x00000000c9d00000, 0x00000000c9e00000|  0%| F|  |TAMS 0x00000000c9d00000| PB 0x00000000c9d00000| Untracked |  0
|  10|0x00000000c9e00000, 0x00000000c9e00000, 0x00000000c9f00000|  0%| F|  |TAMS 0x00000000c9e00000| PB 0x00000000c9e00000| Untracked |  0
|  11|0x00000000c9f00000, 0x00000000c9f00000, 0x00000000ca000000|  0%| F|  |TAMS 0x00000000c9f00000| PB 0x00000000c9f00000| Untracked |  0
|  12|0x00000000ca000000, 0x00000000ca000000, 0x00000000ca100000|  0%| F|  |TAMS 0x00000000ca000000| PB 0x00000000ca000000| Untracked |  0
|  13|0x00000000ca100000, 0x00000000ca100000, 0x00000000ca200000|  0%| F|  |TAMS 0x00000000ca100000| PB 0x00000000ca100000| Untracked |  0
|  14|0x00000000ca200000, 0x00000000ca200000, 0x00000000ca300000|  0%| F|  |TAMS 0x00000000ca200000| PB 0x00000000ca200000| Untracked |  0
|  15|0x00000000ca300000, 0x00000000ca300000, 0x00000000ca400000|  0%| F|  |TAMS 0x00000000ca300000| PB 0x00000000ca300000| Untracked |  0
|  16|0x00000000ca400000, 0x00000000ca400000, 0x00000000ca500000|  0%| F|  |TAMS 0x00000000ca400000| PB 0x00000000ca400000| Untracked |  0
|  17|0x00000000ca500000, 0x00000000ca500000, 0x00000000ca600000|  0%| F|  |TAMS 0x00000000ca500000| PB 0x00000000ca500000| Untracked |  0
|  18|0x00000000ca600000, 0x00000000ca600000, 0x00000000ca700000|  0%| F|  |TAMS 0x00000000ca600000| PB 0x00000000ca600000| Untracked |  0
|  19|0x00000000ca700000, 0x00000000ca700000, 0x00000000ca800000|  0%| F|  |TAMS 0x00000000ca700000| PB 0x00000000ca700000| Untracked |  0
|  20|0x00000000ca800000, 0x00000000ca800000, 0x00000000ca900000|  0%| F|  |TAMS 0x00000000ca800000| PB 0x00000000ca800000| Untracked |  0
|  21|0x00000000ca900000, 0x00000000ca900000, 0x00000000caa00000|  0%| F|  |TAMS 0x00000000ca900000| PB 0x00000000ca900000| Untracked |  0
|  22|0x00000000caa00000, 0x00000000caa00000, 0x00000000cab00000|  0%| F|  |TAMS 0x00000000caa00000| PB 0x00000000caa00000| Untracked |  0
|  23|0x00000000cab00000, 0x00000000cab00000, 0x00000000cac00000|  0%| F|  |TAMS 0x00000000cab00000| PB 0x00000000cab00000| Untracked |  0
|  24|0x00000000cac00000, 0x00000000cac00000, 0x00000000cad00000|  0%| F|  |TAMS 0x00000000cac00000| PB 0x00000000cac00000| Untracked |  0
|  25|0x00000000cad00000, 0x00000000cad00000, 0x00000000cae00000|  0%| F|  |TAMS 0x00000000cad00000| PB 0x00000000cad00000| Untracked |  0
|  26|0x00000000cae00000, 0x00000000cae00000, 0x00000000caf00000|  0%| F|  |TAMS 0x00000000cae00000| PB 0x00000000cae00000| Untracked |  0
|  27|0x00000000caf00000, 0x00000000caf00000, 0x00000000cb000000|  0%| F|  |TAMS 0x00000000caf00000| PB 0x00000000caf00000| Untracked |  0
|  28|0x00000000cb000000, 0x00000000cb000000, 0x00000000cb100000|  0%| F|  |TAMS 0x00000000cb000000| PB 0x00000000cb000000| Untracked |  0
|  29|0x00000000cb100000, 0x00000000cb100000, 0x00000000cb200000|  0%| F|  |TAMS 0x00000000cb100000| PB 0x00000000cb100000| Untracked |  0
|  30|0x00000000cb200000, 0x00000000cb200000, 0x00000000cb300000|  0%| F|  |TAMS 0x00000000cb200000| PB 0x00000000cb200000| Untracked |  0
|  31|0x00000000cb300000, 0x00000000cb300000, 0x00000000cb400000|  0%| F|  |TAMS 0x00000000cb300000| PB 0x00000000cb300000| Untracked |  0
|  32|0x00000000cb400000, 0x00000000cb4cac60, 0x00000000cb500000| 79%| S|CS|TAMS 0x00000000cb400000| PB 0x00000000cb400000| Complete |  0
|  33|0x00000000cb500000, 0x00000000cb600000, 0x00000000cb600000|100%| S|CS|TAMS 0x00000000cb500000| PB 0x00000000cb500000| Complete |  0
|  34|0x00000000cb600000, 0x00000000cb600000, 0x00000000cb700000|  0%| F|  |TAMS 0x00000000cb600000| PB 0x00000000cb600000| Untracked |  0
|  35|0x00000000cb700000, 0x00000000cb700000, 0x00000000cb800000|  0%| F|  |TAMS 0x00000000cb700000| PB 0x00000000cb700000| Untracked |  0
|  36|0x00000000cb800000, 0x00000000cb800000, 0x00000000cb900000|  0%| F|  |TAMS 0x00000000cb800000| PB 0x00000000cb800000| Untracked |  0
|  37|0x00000000cb900000, 0x00000000cb900000, 0x00000000cba00000|  0%| F|  |TAMS 0x00000000cb900000| PB 0x00000000cb900000| Untracked |  0
|  38|0x00000000cba00000, 0x00000000cba00000, 0x00000000cbb00000|  0%| F|  |TAMS 0x00000000cba00000| PB 0x00000000cba00000| Untracked |  0
|  39|0x00000000cbb00000, 0x00000000cbb00000, 0x00000000cbc00000|  0%| F|  |TAMS 0x00000000cbb00000| PB 0x00000000cbb00000| Untracked |  0
|  40|0x00000000cbc00000, 0x00000000cbce5818, 0x00000000cbd00000| 89%| E|  |TAMS 0x00000000cbc00000| PB 0x00000000cbc00000| Complete |  0
|  41|0x00000000cbd00000, 0x00000000cbe00000, 0x00000000cbe00000|100%| E|CS|TAMS 0x00000000cbd00000| PB 0x00000000cbd00000| Complete |  0
|  42|0x00000000cbe00000, 0x00000000cbf00000, 0x00000000cbf00000|100%| E|CS|TAMS 0x00000000cbe00000| PB 0x00000000cbe00000| Complete |  0
|  43|0x00000000cbf00000, 0x00000000cc000000, 0x00000000cc000000|100%| E|CS|TAMS 0x00000000cbf00000| PB 0x00000000cbf00000| Complete |  0
|  44|0x00000000cc000000, 0x00000000cc100000, 0x00000000cc100000|100%| E|CS|TAMS 0x00000000cc000000| PB 0x00000000cc000000| Complete |  0
|  45|0x00000000cc100000, 0x00000000cc200000, 0x00000000cc200000|100%| E|CS|TAMS 0x00000000cc100000| PB 0x00000000cc100000| Complete |  0
|  46|0x00000000cc200000, 0x00000000cc300000, 0x00000000cc300000|100%| E|CS|TAMS 0x00000000cc200000| PB 0x00000000cc200000| Complete |  0
|  47|0x00000000cc300000, 0x00000000cc400000, 0x00000000cc400000|100%| E|CS|TAMS 0x00000000cc300000| PB 0x00000000cc300000| Complete |  0
|  48|0x00000000cc400000, 0x00000000cc500000, 0x00000000cc500000|100%| E|CS|TAMS 0x00000000cc400000| PB 0x00000000cc400000| Complete |  0
|  49|0x00000000cc500000, 0x00000000cc600000, 0x00000000cc600000|100%| E|CS|TAMS 0x00000000cc500000| PB 0x00000000cc500000| Complete |  0
|  50|0x00000000cc600000, 0x00000000cc700000, 0x00000000cc700000|100%| E|CS|TAMS 0x00000000cc600000| PB 0x00000000cc600000| Complete |  0
|  51|0x00000000cc700000, 0x00000000cc800000, 0x00000000cc800000|100%| E|CS|TAMS 0x00000000cc700000| PB 0x00000000cc700000| Complete |  0
|  52|0x00000000cc800000, 0x00000000cc900000, 0x00000000cc900000|100%| E|CS|TAMS 0x00000000cc800000| PB 0x00000000cc800000| Complete |  0
|  53|0x00000000cc900000, 0x00000000cca00000, 0x00000000cca00000|100%| E|CS|TAMS 0x00000000cc900000| PB 0x00000000cc900000| Complete |  0
|  54|0x00000000cca00000, 0x00000000ccb00000, 0x00000000ccb00000|100%| E|CS|TAMS 0x00000000cca00000| PB 0x00000000cca00000| Complete |  0
|  55|0x00000000ccb00000, 0x00000000ccc00000, 0x00000000ccc00000|100%| E|CS|TAMS 0x00000000ccb00000| PB 0x00000000ccb00000| Complete |  0
| 874|0x00000000ffe00000, 0x00000000fff00000, 0x00000000fff00000|100%| O|  |TAMS 0x00000000ffe00000| PB 0x00000000ffe00000| Untracked |  0
| 875|0x00000000fff00000, 0x00000000fff1c288, 0x0000000100000000| 10%| O|  |TAMS 0x00000000fff00000| PB 0x00000000fff00000| Untracked |  0

Card table byte_map: [0x000001e68aa30000,0x000001e68abf0000] _byte_map_base: 0x000001e68a3e6000

Marking Bits: (CMBitMap*) 0x000001e68acdb790
 Bits: [0x000001e696550000, 0x000001e697300000)

Polling page: 0x000001e68a480000

Metaspace:

Usage:
  Non-class:     11.35 MB used.
      Class:      1.43 MB used.
       Both:     12.78 MB used.

Virtual space:
  Non-class space:       64.00 MB reserved,      11.50 MB ( 18%) committed,  1 nodes.
      Class space:        1.00 GB reserved,       1.56 MB ( <1%) committed,  1 nodes.
             Both:        1.06 GB reserved,      13.06 MB (  1%) committed. 

Chunk freelists:
   Non-Class:  4.30 MB
       Class:  14.41 MB
        Both:  18.70 MB

MaxMetaspaceSize: unlimited
CompressedClassSpaceSize: 1.00 GB
Initial GC threshold: 21.00 MB
Current GC threshold: 21.00 MB
CDS: on
 - commit_granule_bytes: 65536.
 - commit_granule_words: 8192.
 - virtual_space_node_default_size: 8388608.
 - enlarge_chunks_in_place: 1.
UseCompressedClassPointers 1, UseCompactObjectHeaders 0
Narrow klass pointer bits 32, Max shift 3
Narrow klass base: 0x000001e69a000000, Narrow klass shift: 0
Encoding Range: [0x000001e69a000000 - 0x000001e79a000000), (4294967296 bytes)
Klass Range:    [0x000001e69a000000 - 0x000001e6db000000), (1090519040 bytes)
Klass ID Range:  [8 - 1090519033) (1090519025)


Internal statistics:

num_allocs_failed_limit: 0.
num_arena_births: 312.
num_arena_deaths: 0.
num_vsnodes_births: 2.
num_vsnodes_deaths: 0.
num_space_committed: 209.
num_space_uncommitted: 0.
num_chunks_returned_to_freelist: 0.
num_chunks_taken_from_freelist: 669.
num_chunk_merges: 0.
num_chunk_splits: 432.
num_chunks_enlarged: 282.
num_inconsistent_stats: 0.

CodeCache: size=49152Kb used=3818Kb max_used=3818Kb free=45333Kb
 bounds [0x000001e693550000, 0x000001e693910000, 0x000001e696550000]
 total_blobs=2818, nmethods=2332, adapters=412, full_count=0
Compilation: enabled, stopped_count=0, restarted_count=0

Compilation events (20 events):
Event: 10.394 Thread 0x000001e68ad6b2b0 2323       1       org.springframework.util.StringUtils::delimitedListToStringArray (164 bytes)
Event: 10.396 Thread 0x000001e68ad6b2b0 nmethod 2323 0x000001e693907908 code [0x000001e693907b20, 0x000001e693908640]
Event: 10.396 Thread 0x000001e68ad6b2b0 2324       1       java.lang.Thread::isVirtual (5 bytes)
Event: 10.396 Thread 0x000001e68ad6b2b0 nmethod 2324 0x000001e693908708 code [0x000001e693908820, 0x000001e693908920]
Event: 10.412 Thread 0x000001e68ad6b2b0 2325       1       java.util.Collections::emptyMap (4 bytes)
Event: 10.412 Thread 0x000001e68ad6b2b0 nmethod 2325 0x000001e693908a08 code [0x000001e693908b00, 0x000001e693908bb0]
Event: 10.427 Thread 0x000001e68ad6b2b0 2326       1       java.lang.Math::min (12 bytes)
Event: 10.427 Thread 0x000001e68ad6b2b0 nmethod 2326 0x000001e693908d08 code [0x000001e693908e00, 0x000001e693908eb8]
Event: 10.430 Thread 0x000001e68ad6b2b0 2327       1       java.io.ObjectOutputStream$HandleTable::assign (52 bytes)
Event: 10.431 Thread 0x000001e68ad6b2b0 nmethod 2327 0x000001e693909008 code [0x000001e693909140, 0x000001e6939092c8]
Event: 10.431 Thread 0x000001e68ad6b2b0 2329       1       java.io.ObjectOutputStream$BlockDataOutputStream::writeBytes (87 bytes)
Event: 10.432 Thread 0x000001e68ad6b2b0 nmethod 2329 0x000001e693909308 code [0x000001e693909420, 0x000001e6939095e0]
Event: 10.432 Thread 0x000001e68ad6b2b0 2328       1       java.io.ObjectOutputStream$BlockDataOutputStream::writeUTFInternal (93 bytes)
Event: 10.432 Thread 0x000001e68ad6b2b0 nmethod 2328 0x000001e693909608 code [0x000001e6939097a0, 0x000001e693909cd8]
Event: 10.432 Thread 0x000001e68ad6b2b0 2330       1       sun.rmi.server.MarshalOutputStream::replaceObject (33 bytes)
Event: 10.433 Thread 0x000001e68ad6b2b0 nmethod 2330 0x000001e693909d88 code [0x000001e693909ee0, 0x000001e69390a440]
Event: 10.499 Thread 0x000001e68ad6b2b0 2331       1       java.util.jar.JavaUtilJarAccessImpl::getTrustedAttributes (6 bytes)
Event: 10.499 Thread 0x000001e68ad6b2b0 nmethod 2331 0x000001e69390a508 code [0x000001e69390a620, 0x000001e69390a710]
Event: 10.503 Thread 0x000001e68ad6b2b0 2332       1       java.lang.classfile.CodeBuilder::getfield (11 bytes)
Event: 10.503 Thread 0x000001e68ad6b2b0 nmethod 2332 0x000001e69390a808 code [0x000001e69390a940, 0x000001e69390aab8]

GC Heap History (4 events):
Event: 8.168 GC heap before
{Heap before GC invocations=0 (full 0):
 garbage-first heap   total reserved 897024K, committed 59392K, used 14448K [0x00000000c9400000, 0x0000000100000000)
  region size 1024K, 14 young (14336K), 0 survivors (0K)
 Metaspace       used 4777K, committed 4928K, reserved 1114112K
  class space    used 460K, committed 512K, reserved 1048576K
}
Event: 8.177 GC heap after
{Heap after GC invocations=1 (full 0):
 garbage-first heap   total reserved 897024K, committed 59392K, used 5678K [0x00000000c9400000, 0x0000000100000000)
  region size 1024K, 2 young (2048K), 2 survivors (2048K)
 Metaspace       used 4777K, committed 4928K, reserved 1114112K
  class space    used 460K, committed 512K, reserved 1048576K
}
Event: 10.004 GC heap before
{Heap before GC invocations=1 (full 0):
 garbage-first heap   total reserved 897024K, committed 59392K, used 26158K [0x00000000c9400000, 0x0000000100000000)
  region size 1024K, 22 young (22528K), 2 survivors (2048K)
 Metaspace       used 9919K, committed 10240K, reserved 1114112K
  class space    used 1083K, committed 1216K, reserved 1048576K
}
Event: 10.014 GC heap after
{Heap after GC invocations=2 (full 0):
 garbage-first heap   total reserved 897024K, committed 59392K, used 7376K [0x00000000c9400000, 0x0000000100000000)
  region size 1024K, 2 young (2048K), 2 survivors (2048K)
 Metaspace       used 9919K, committed 10240K, reserved 1114112K
  class space    used 1083K, committed 1216K, reserved 1048576K
}

Dll operation events (10 events):
Event: 0.057 Loaded shared library C:\Users\okaka victoria\.jdks\openjdk-24.0.1\bin\java.dll
Event: 0.869 Loaded shared library C:\Users\okaka victoria\.jdks\openjdk-24.0.1\bin\zip.dll
Event: 0.881 Loaded shared library C:\Users\okaka victoria\.jdks\openjdk-24.0.1\bin\instrument.dll
Event: 0.904 Loaded shared library C:\Users\okaka victoria\.jdks\openjdk-24.0.1\bin\net.dll
Event: 0.912 Loaded shared library C:\Users\okaka victoria\.jdks\openjdk-24.0.1\bin\nio.dll
Event: 1.432 Loaded shared library C:\Users\okaka victoria\.jdks\openjdk-24.0.1\bin\zip.dll
Event: 1.442 Loaded shared library C:\Users\okaka victoria\.jdks\openjdk-24.0.1\bin\jimage.dll
Event: 7.662 Loaded shared library C:\Users\okaka victoria\.jdks\openjdk-24.0.1\bin\management.dll
Event: 7.669 Loaded shared library C:\Users\okaka victoria\.jdks\openjdk-24.0.1\bin\extnet.dll
Event: 7.687 Loaded shared library C:\Users\okaka victoria\.jdks\openjdk-24.0.1\bin\management_ext.dll

Deoptimization events (0 events):
No events

Classes loaded (20 events):
Event: 10.286 Loading class java/util/Stack
Event: 10.286 Loading class java/util/Stack done
Event: 10.287 Loading class java/util/Vector$Itr
Event: 10.287 Loading class java/util/Vector$Itr done
Event: 10.382 Loading class java/beans/Introspector
Event: 10.383 Loading class java/beans/Introspector done
Event: 10.383 Loading class java/beans/EventSetDescriptor
Event: 10.384 Loading class java/beans/FeatureDescriptor
Event: 10.384 Loading class java/beans/FeatureDescriptor done
Event: 10.384 Loading class java/beans/EventSetDescriptor done
Event: 10.384 Loading class java/beans/Introspector$1
Event: 10.384 Loading class jdk/internal/access/JavaBeansAccess
Event: 10.384 Loading class jdk/internal/access/JavaBeansAccess done
Event: 10.384 Loading class java/beans/Introspector$1 done
Event: 10.389 Loading class java/util/AbstractList$ListItr
Event: 10.389 Loading class java/util/AbstractList$ListItr done
Event: 10.473 Loading class java/io/NotSerializableException
Event: 10.473 Loading class java/io/NotSerializableException done
Event: 10.474 Loading class java/util/concurrent/CompletionException
Event: 10.475 Loading class java/util/concurrent/CompletionException done

Classes unloaded (0 events):
No events

Classes redefined (0 events):
No events

Internal exceptions (20 events):
Event: 10.004 Thread 0x000001e68aca8520 Exception <a 'java/lang/NoSuchMethodError'{0x00000000cb6ff508}: 'int java.lang.invoke.DirectMethodHandle$Holder.invokeStaticInit(java.lang.Object, long, long)'> (0x00000000cb6ff508) 
thrown [s\open\src\hotspot\share\interpreter\linkResolver.cpp, line 805]
Event: 10.016 Thread 0x000001e68aca8520 Exception <a 'java/lang/NoSuchMethodError'{0x00000000ccb0fa00}: 'int java.lang.invoke.DirectMethodHandle$Holder.invokeStaticInit(java.lang.Object, float, float)'> (0x00000000ccb0fa00) 
thrown [s\open\src\hotspot\share\interpreter\linkResolver.cpp, line 805]
Event: 10.017 Thread 0x000001e68aca8520 Exception <a 'java/lang/NoSuchMethodError'{0x00000000ccb1f9f0}: 'int java.lang.invoke.DirectMethodHandle$Holder.invokeStaticInit(java.lang.Object, double, double)'> (0x00000000ccb1f9f0) 
thrown [s\open\src\hotspot\share\interpreter\linkResolver.cpp, line 805]
Event: 10.017 Thread 0x000001e68aca8520 Exception <a 'java/lang/NoSuchMethodError'{0x00000000ccb28ac8}: 'int java.lang.invoke.DirectMethodHandle$Holder.invokeStatic(java.lang.Object, long)'> (0x00000000ccb28ac8) 
thrown [s\open\src\hotspot\share\interpreter\linkResolver.cpp, line 805]
Event: 10.019 Thread 0x000001e68aca8520 Exception <a 'java/lang/NoSuchMethodError'{0x00000000ccb41438}: 'java.lang.Object java.lang.invoke.DirectMethodHandle$Holder.invokeStatic(java.lang.Object, long)'> (0x00000000ccb41438) 
thrown [s\open\src\hotspot\share\interpreter\linkResolver.cpp, line 805]
Event: 10.019 Thread 0x000001e68aca8520 Exception <a 'java/lang/NoSuchMethodError'{0x00000000ccb49a10}: 'java.lang.Object java.lang.invoke.DirectMethodHandle$Holder.invokeStatic(java.lang.Object, float)'> (0x00000000ccb49a10) 
thrown [s\open\src\hotspot\share\interpreter\linkResolver.cpp, line 805]
Event: 10.022 Thread 0x000001e68aca8520 Exception <a 'java/lang/NoSuchMethodError'{0x00000000ccb8a748}: 'int java.lang.invoke.Invokers$Holder.linkToTargetMethod(java.lang.Object, java.lang.Object)'> (0x00000000ccb8a748) 
thrown [s\open\src\hotspot\share\interpreter\linkResolver.cpp, line 805]
Event: 10.056 Thread 0x000001e68aca8520 Exception <a 'java/lang/NoSuchMethodError'{0x00000000cca2f9a0}: 'java.lang.Object java.lang.invoke.DirectMethodHandle$Holder.newInvokeSpecial(java.lang.Object, java.lang.Object, java.lang.Object, int, java.lang.Object)'> (0x00000000cca2f9a0) 
thrown [s\open\src\hotspot\share\interpreter\linkResolver.cpp, line 805]
Event: 10.058 Thread 0x000001e68aca8520 Exception <a 'java/lang/NoSuchMethodError'{0x00000000cca40068}: 'java.lang.Object java.lang.invoke.Invokers$Holder.linkToTargetMethod(java.lang.Object, java.lang.Object, int, java.lang.Object, java.lang.Object)'> (0x00000000cca40068) 
thrown [s\open\src\hotspot\share\interpreter\linkResolver.cpp, line 805]
Event: 10.060 Thread 0x000001e68aca8520 Exception <a 'java/lang/NoSuchMethodError'{0x00000000cca5b7d8}: 'java.lang.Object java.lang.invoke.DirectMethodHandle$Holder.newInvokeSpecial(java.lang.Object, int, java.lang.Object)'> (0x00000000cca5b7d8) 
thrown [s\open\src\hotspot\share\interpreter\linkResolver.cpp, line 805]
Event: 10.061 Thread 0x000001e68aca8520 Exception <a 'java/lang/NoSuchMethodError'{0x00000000cca64330}: 'int java.lang.invoke.DirectMethodHandle$Holder.invokeSpecialIFC(java.lang.Object, java.lang.Object, java.lang.Object, java.lang.Object)'> (0x00000000cca64330) 
thrown [s\open\src\hotspot\share\interpreter\linkResolver.cpp, line 805]
Event: 10.101 Thread 0x000001e68aca8520 Exception <a 'java/lang/NoSuchMethodError'{0x00000000cc9c6df0}: 'void java.lang.invoke.DirectMethodHandle$Holder.invokeInterface(java.lang.Object, java.lang.Object, java.lang.Object)'> (0x00000000cc9c6df0) 
thrown [s\open\src\hotspot\share\interpreter\linkResolver.cpp, line 805]
Event: 10.112 Thread 0x000001e68aca8520 Exception <a 'java/lang/NoSuchMethodError'{0x00000000cc842690}: 'void java.lang.invoke.DirectMethodHandle$Holder.invokeStatic(java.lang.Object, java.lang.Object, int)'> (0x00000000cc842690) 
thrown [s\open\src\hotspot\share\interpreter\linkResolver.cpp, line 805]
Event: 10.130 Thread 0x000001e68aca8520 Exception <a 'java/lang/NoSuchMethodError'{0x00000000cc89e858}: 'java.lang.Object java.lang.invoke.DirectMethodHandle$Holder.invokeVirtual(java.lang.Object, java.lang.Object, java.lang.Object)'> (0x00000000cc89e858) 
thrown [s\open\src\hotspot\share\interpreter\linkResolver.cpp, line 805]
Event: 10.197 Thread 0x000001e68aca8520 Exception <a 'java/lang/NoSuchMethodError'{0x00000000cc7bd618}: 'void java.lang.invoke.DirectMethodHandle$Holder.invokeStaticInit(java.lang.Object, java.lang.Object, java.lang.Object)'> (0x00000000cc7bd618) 
thrown [s\open\src\hotspot\share\interpreter\linkResolver.cpp, line 805]
Event: 10.216 Thread 0x000001e6df537820 Exception <a 'java/lang/NoSuchMethodError'{0x00000000cc7999c0}: 'long java.lang.invoke.DirectMethodHandle$Holder.invokeVirtual(java.lang.Object, java.lang.Object)'> (0x00000000cc7999c0) 
thrown [s\open\src\hotspot\share\interpreter\linkResolver.cpp, line 805]
Event: 10.217 Thread 0x000001e6df537820 Exception <a 'java/lang/NoSuchMethodError'{0x00000000cc60f068}: 'long java.lang.invoke.DelegatingMethodHandle$Holder.reinvoke_L(java.lang.Object, java.lang.Object)'> (0x00000000cc60f068) 
thrown [s\open\src\hotspot\share\interpreter\linkResolver.cpp, line 805]
Event: 10.248 Thread 0x000001e68aca8520 Exception <a 'java/lang/NoSuchMethodError'{0x00000000cc6ae470}: 'void java.lang.invoke.DirectMethodHandle$Holder.invokeVirtual(java.lang.Object, java.lang.Object, java.lang.Object, java.lang.Object)'> (0x00000000cc6ae470) 
thrown [s\open\src\hotspot\share\interpreter\linkResolver.cpp, line 805]
Event: 10.379 Thread 0x000001e6df9c2790 Exception <a 'java/lang/NoClassDefFoundError'{0x00000000cc29c050}: jakarta/validation/Validation> (0x00000000cc29c050) 
thrown [s\open\src\hotspot\share\classfile\systemDictionary.cpp, line 316]
Event: 10.391 Thread 0x000001e68aca8520 Exception <a 'java/lang/IncompatibleClassChangeError'{0x00000000cc147e38}: Found class java.lang.Object, but interface was expected> (0x00000000cc147e38) 
thrown [s\open\src\hotspot\share\interpreter\linkResolver.cpp, line 872]

VM Operations (20 events):
Event: 8.137 Executing VM operation: HandshakeAllThreads (Deoptimize)
Event: 8.137 Executing VM operation: HandshakeAllThreads (Deoptimize) done
Event: 8.168 Executing VM operation: G1CollectForAllocation (G1 Evacuation Pause)
Event: 8.177 Executing VM operation: G1CollectForAllocation (G1 Evacuation Pause) done
Event: 8.394 Executing VM operation: HandshakeAllThreads (Deoptimize)
Event: 8.394 Executing VM operation: HandshakeAllThreads (Deoptimize) done
Event: 8.408 Executing VM operation: HandshakeAllThreads (Deoptimize)
Event: 8.408 Executing VM operation: HandshakeAllThreads (Deoptimize) done
Event: 8.564 Executing VM operation: HandshakeAllThreads (Deoptimize)
Event: 8.565 Executing VM operation: HandshakeAllThreads (Deoptimize) done
Event: 9.554 Executing VM operation: HandshakeAllThreads (Deoptimize)
Event: 9.555 Executing VM operation: HandshakeAllThreads (Deoptimize) done
Event: 10.004 Executing VM operation: G1CollectForAllocation (G1 Evacuation Pause)
Event: 10.014 Executing VM operation: G1CollectForAllocation (G1 Evacuation Pause) done
Event: 10.084 Executing VM operation: HandshakeAllThreads (Deoptimize)
Event: 10.084 Executing VM operation: HandshakeAllThreads (Deoptimize) done
Event: 10.356 Executing VM operation: HandshakeAllThreads (Deoptimize)
Event: 10.356 Executing VM operation: HandshakeAllThreads (Deoptimize) done
Event: 10.361 Executing VM operation: HandshakeAllThreads (Deoptimize)
Event: 10.362 Executing VM operation: HandshakeAllThreads (Deoptimize) done

Memory protections (0 events):
No events

Nmethod flushes (0 events):
No events

Events (20 events):
Event: 0.143 Thread 0x000001e68aca8520 Thread added: 0x000001e68ad69c50
Event: 0.143 Thread 0x000001e68aca8520 Thread added: 0x000001e68ad6a780
Event: 0.143 Thread 0x000001e68aca8520 Thread added: 0x000001e68ad6b2b0
Event: 0.896 Thread 0x000001e68aca8520 Thread added: 0x000001e699744680
Event: 7.629 Thread 0x000001e68aca8520 Thread added: 0x000001e69998d5a0
Event: 7.629 Thread 0x000001e68aca8520 Thread added: 0x000001e69998dce0
Event: 8.152 Thread 0x000001e68ad67d10 Thread added: 0x000001e6df48b0b0
Event: 8.499 Thread 0x000001e6df48b0b0 Thread added: 0x000001e6df537820
Event: 8.505 Thread 0x000001e6df48b0b0 Thread added: 0x000001e6df5066e0
Event: 8.558 Thread 0x000001e6df5066e0 Thread added: 0x000001e6df5215f0
Event: 8.581 Thread 0x000001e6df537820 Thread added: 0x000001e6df52e3d0
Event: 8.601 Thread 0x000001e6df537820 Thread added: 0x000001e6df530f30
Event: 8.885 Thread 0x000001e6df5215f0 Thread exited: 0x000001e6df5215f0
Event: 9.388 Thread 0x000001e6df5066e0 Thread added: 0x000001e6df643820
Event: 9.409 Thread 0x000001e6df643820 Thread exited: 0x000001e6df643820
Event: 9.905 Thread 0x000001e6df5066e0 Thread added: 0x000001e6df7d5bf0
Event: 9.937 Thread 0x000001e6df7d5bf0 Thread exited: 0x000001e6df7d5bf0
Event: 10.371 Thread 0x000001e68aca8520 Thread added: 0x000001e6df9c2790
Event: 10.425 Thread 0x000001e6df537820 Thread added: 0x000001e6df9daec0
Event: 10.450 Thread 0x000001e6df9daec0 Thread exited: 0x000001e6df9daec0


Dynamic libraries:
0x00007ff7da3d0000 - 0x00007ff7da3de000 	C:\Users\okaka victoria\.jdks\openjdk-24.0.1\bin\java.exe
0x00007ffbe4710000 - 0x00007ffbe4908000 	C:\WINDOWS\SYSTEM32\ntdll.dll
0x00007ffbe4600000 - 0x00007ffbe46c2000 	C:\WINDOWS\System32\KERNEL32.DLL
0x00007ffbe2090000 - 0x00007ffbe2386000 	C:\WINDOWS\System32\KERNELBASE.dll
0x00007ffbe1f90000 - 0x00007ffbe2090000 	C:\WINDOWS\System32\ucrtbase.dll
0x00007ffbca870000 - 0x00007ffbca886000 	C:\Users\okaka victoria\.jdks\openjdk-24.0.1\bin\jli.dll
0x00007ffbca890000 - 0x00007ffbca8ab000 	C:\Users\okaka victoria\.jdks\openjdk-24.0.1\bin\VCRUNTIME140.dll
0x00007ffbe3f00000 - 0x00007ffbe409d000 	C:\WINDOWS\System32\USER32.dll
0x00007ffbe1f60000 - 0x00007ffbe1f82000 	C:\WINDOWS\System32\win32u.dll
0x00007ffbe3cd0000 - 0x00007ffbe3cfb000 	C:\WINDOWS\System32\GDI32.dll
0x00007ffbe1e40000 - 0x00007ffbe1f5a000 	C:\WINDOWS\System32\gdi32full.dll
0x00007ffbe2390000 - 0x00007ffbe242d000 	C:\WINDOWS\System32\msvcp_win.dll
0x00007ffbc6c50000 - 0x00007ffbc6eea000 	C:\WINDOWS\WinSxS\amd64_microsoft.windows.common-controls_6595b64144ccf1df_6.0.19041.4355_none_60b8b9eb71f62e16\COMCTL32.dll
0x00007ffbe4130000 - 0x00007ffbe41ce000 	C:\WINDOWS\System32\msvcrt.dll
0x00007ffbe4250000 - 0x00007ffbe427f000 	C:\WINDOWS\System32\IMM32.DLL
0x00007ffbda030000 - 0x00007ffbda03c000 	C:\Users\okaka victoria\.jdks\openjdk-24.0.1\bin\vcruntime140_1.dll
0x00007ffba1e40000 - 0x00007ffba1ece000 	C:\Users\okaka victoria\.jdks\openjdk-24.0.1\bin\msvcp140.dll
0x00007ffb3de30000 - 0x00007ffb3ebd2000 	C:\Users\okaka victoria\.jdks\openjdk-24.0.1\bin\server\jvm.dll
0x00007ffbe4540000 - 0x00007ffbe45f1000 	C:\WINDOWS\System32\ADVAPI32.dll
0x00007ffbe3e60000 - 0x00007ffbe3eff000 	C:\WINDOWS\System32\sechost.dll
0x00007ffbe3d30000 - 0x00007ffbe3e53000 	C:\WINDOWS\System32\RPCRT4.dll
0x00007ffbe26f0000 - 0x00007ffbe2717000 	C:\WINDOWS\System32\bcrypt.dll
0x00007ffbe41e0000 - 0x00007ffbe424b000 	C:\WINDOWS\System32\WS2_32.dll
0x00007ffbd95b0000 - 0x00007ffbd95d7000 	C:\WINDOWS\SYSTEM32\WINMM.dll
0x00007ffbe1bf0000 - 0x00007ffbe1c3b000 	C:\WINDOWS\SYSTEM32\POWRPROF.dll
0x00007ffbd95a0000 - 0x00007ffbd95aa000 	C:\WINDOWS\SYSTEM32\VERSION.dll
0x00007ffbe1bd0000 - 0x00007ffbe1be2000 	C:\WINDOWS\SYSTEM32\UMPDC.dll
0x00007ffbdfc10000 - 0x00007ffbdfc22000 	C:\WINDOWS\SYSTEM32\kernel.appcore.dll
0x00007ffbd5550000 - 0x00007ffbd555a000 	C:\Users\okaka victoria\.jdks\openjdk-24.0.1\bin\jimage.dll
0x00007ffbd5820000 - 0x00007ffbd5a04000 	C:\WINDOWS\SYSTEM32\DBGHELP.DLL
0x00007ffbc5790000 - 0x00007ffbc57c4000 	C:\WINDOWS\SYSTEM32\dbgcore.DLL
0x00007ffbe2660000 - 0x00007ffbe26e2000 	C:\WINDOWS\System32\bcryptPrimitives.dll
0x00007ffbc7540000 - 0x00007ffbc754f000 	C:\Users\okaka victoria\.jdks\openjdk-24.0.1\bin\instrument.dll
0x00007ffbca6a0000 - 0x00007ffbca6be000 	C:\Users\okaka victoria\.jdks\openjdk-24.0.1\bin\java.dll
0x00007ffbe2720000 - 0x00007ffbe284b000 	C:\WINDOWS\System32\ole32.dll
0x00007ffbe2970000 - 0x00007ffbe2cc5000 	C:\WINDOWS\System32\combase.dll
0x00007ffbe2e00000 - 0x00007ffbe356f000 	C:\WINDOWS\System32\SHELL32.dll
0x00007ffbdfe10000 - 0x00007ffbe05b3000 	C:\WINDOWS\SYSTEM32\windows.storage.dll
0x00007ffbe16f0000 - 0x00007ffbe171b000 	C:\WINDOWS\SYSTEM32\Wldp.dll
0x00007ffbe2cd0000 - 0x00007ffbe2d9d000 	C:\WINDOWS\System32\OLEAUT32.dll
0x00007ffbe4280000 - 0x00007ffbe432d000 	C:\WINDOWS\System32\SHCORE.dll
0x00007ffbe44e0000 - 0x00007ffbe4535000 	C:\WINDOWS\System32\shlwapi.dll
0x00007ffbe1cc0000 - 0x00007ffbe1ce5000 	C:\WINDOWS\SYSTEM32\profapi.dll
0x00007ffbbe4c0000 - 0x00007ffbbe4d7000 	C:\Users\okaka victoria\.jdks\openjdk-24.0.1\bin\zip.dll
0x00007ffbc7550000 - 0x00007ffbc7560000 	C:\Users\okaka victoria\.jdks\openjdk-24.0.1\bin\net.dll
0x00007ffbe1450000 - 0x00007ffbe14bc000 	C:\WINDOWS\system32\mswsock.dll
0x00007ffbbe920000 - 0x00007ffbbe936000 	C:\Users\okaka victoria\.jdks\openjdk-24.0.1\bin\nio.dll
0x00007ffbe1170000 - 0x00007ffbe123a000 	C:\WINDOWS\SYSTEM32\DNSAPI.dll
0x00007ffbe1130000 - 0x00007ffbe116b000 	C:\WINDOWS\SYSTEM32\IPHLPAPI.DLL
0x00007ffbe3d00000 - 0x00007ffbe3d08000 	C:\WINDOWS\System32\NSI.dll
0x00007ffbcc010000 - 0x00007ffbcc01a000 	C:\Windows\System32\rasadhlp.dll
0x00007ffbc9da0000 - 0x00007ffbc9e20000 	C:\WINDOWS\System32\fwpuclnt.dll
0x00007ffbbe620000 - 0x00007ffbbe62a000 	C:\Users\okaka victoria\.jdks\openjdk-24.0.1\bin\management.dll
0x00007ffbc4290000 - 0x00007ffbc4299000 	C:\Users\okaka victoria\.jdks\openjdk-24.0.1\bin\extnet.dll
0x00007ffbbe4b0000 - 0x00007ffbbe4bb000 	C:\Users\okaka victoria\.jdks\openjdk-24.0.1\bin\management_ext.dll
0x00007ffbe41d0000 - 0x00007ffbe41d8000 	C:\WINDOWS\System32\PSAPI.DLL
0x00007ffbe1640000 - 0x00007ffbe1658000 	C:\WINDOWS\SYSTEM32\CRYPTSP.dll
0x00007ffbe0d70000 - 0x00007ffbe0da8000 	C:\WINDOWS\system32\rsaenh.dll
0x00007ffbe1c40000 - 0x00007ffbe1c6e000 	C:\WINDOWS\SYSTEM32\USERENV.dll
0x00007ffbe1660000 - 0x00007ffbe166c000 	C:\WINDOWS\SYSTEM32\CRYPTBASE.dll
0x00007ffbc14b0000 - 0x00007ffbc14c7000 	C:\WINDOWS\system32\napinsp.dll
0x00007ffbc1480000 - 0x00007ffbc149b000 	C:\WINDOWS\system32\pnrpnsp.dll
0x00007ffbdcb10000 - 0x00007ffbdcb25000 	C:\WINDOWS\system32\wshbth.dll
0x00007ffbdd500000 - 0x00007ffbdd51d000 	C:\WINDOWS\system32\NLAapi.dll
0x00007ffbbf540000 - 0x00007ffbbf552000 	C:\WINDOWS\System32\winrnr.dll
0x00007ffbd38d0000 - 0x00007ffbd3921000 	C:\WINDOWS\SYSTEM32\pdh.dll
0x00007ffbdf2c0000 - 0x00007ffbdf2cf000 	C:\WINDOWS\System32\perfproc.dll
0x00007ffbc14f0000 - 0x00007ffbc14ff000 	C:\WINDOWS\System32\perfos.dll

JVMTI agents:
C:\Program Files\JetBrains\IntelliJ IDEA 2024.3.5\lib\idea_rt.jar path:C:\Users\okaka victoria\.jdks\openjdk-24.0.1\bin\instrument.dll, loaded, initialized, instrumentlib options:57927

dbghelp: loaded successfully - version: 4.0.5 - missing functions: none
symbol engine: initialized successfully - sym options: 0x614 - pdb path: .;C:\Users\okaka victoria\.jdks\openjdk-24.0.1\bin;C:\WINDOWS\SYSTEM32;C:\WINDOWS\WinSxS\amd64_microsoft.windows.common-controls_6595b64144ccf1df_6.0.19041.4355_none_60b8b9eb71f62e16;C:\Users\okaka victoria\.jdks\openjdk-24.0.1\bin\server

VM Arguments:
jvm_args: -XX:TieredStopAtLevel=1 -Dspring.output.ansi.enabled=always -Dcom.sun.management.jmxremote -Dspring.jmx.enabled=true -Dspring.liveBeansView.mbeanDomain -Dspring.application.admin.enabled=true -Dmanagement.endpoints.jmx.exposure.include=* -javaagent:C:\Program Files\JetBrains\IntelliJ IDEA 2024.3.5\lib\idea_rt.jar=57927 -Dfile.encoding=UTF-8 -Dsun.stdout.encoding=UTF-8 -Dsun.stderr.encoding=UTF-8 
java_command: com.codewithfavour.Main
java_class_path (initial): C:\Users\okaka victoria\IdeaProjects\LibraryMangementSystem\target\classes;C:\Users\okaka victoria\.m2\repository\org\projectlombok\lombok\1.18.38\lombok-1.18.38.jar;C:\Users\okaka victoria\.m2\repository\org\springframework\boot\spring-boot-starter-data-mongodb\3.5.0\spring-boot-starter-data-mongodb-3.5.0.jar;C:\Users\okaka victoria\.m2\repository\org\springframework\boot\spring-boot-starter\3.5.0\spring-boot-starter-3.5.0.jar;C:\Users\okaka victoria\.m2\repository\org\springframework\boot\spring-boot\3.5.0\spring-boot-3.5.0.jar;C:\Users\okaka victoria\.m2\repository\org\springframework\boot\spring-boot-autoconfigure\3.5.0\spring-boot-autoconfigure-3.5.0.jar;C:\Users\okaka victoria\.m2\repository\org\springframework\boot\spring-boot-starter-logging\3.5.0\spring-boot-starter-logging-3.5.0.jar;C:\Users\okaka victoria\.m2\repository\ch\qos\logback\logback-classic\1.5.18\logback-classic-1.5.18.jar;C:\Users\okaka victoria\.m2\repository\ch\qos\logback\logback-core\1.5.18\logback-core-1.5.18.jar;C:\Users\okaka victoria\.m2\repository\org\apache\logging\log4j\log4j-to-slf4j\2.24.3\log4j-to-slf4j-2.24.3.jar;C:\Users\okaka victoria\.m2\repository\org\apache\logging\log4j\log4j-api\2.24.3\log4j-api-2.24.3.jar;C:\Users\okaka victoria\.m2\repository\org\slf4j\jul-to-slf4j\2.0.17\jul-to-slf4j-2.0.17.jar;C:\Users\okaka victoria\.m2\repository\jakarta\annotation\jakarta.annotation-api\2.1.1\jakarta.annotation-api-2.1.1.jar;C:\Users\okaka victoria\.m2\repository\org\yaml\snakeyaml\2.4\snakeyaml-2.4.jar;C:\Users\okaka victoria\.m2\repository\org\mongodb\mongodb-driver-sync\5.4.0\mongodb-driver-sync-5.4.0.jar;C:\Users\okaka victoria\.m2\repository\org\mongodb\bson\5.4.0\bson-5.4.0.jar;C:\Users\okaka victoria\.m2\repository\org\mongodb\mongodb-driver-core\5.4.0\mongodb-driver-core-5.4.0.jar;C:\Users\okaka victoria\.m2\repository\org\mongodb\bson-record-codec\5.4.0\bson-record-codec-5.4.0.jar;C:\Users\okaka victoria\.m2\repository\org\springframework\data\spring-data-mongodb\4.5.0\spring-data-mongodb-4.5.0.jar;C:\Users\okaka victoria\.m2\repository\org\springframework\spring-tx\6.2.7\spring-tx-6.2.7.jar;C:\Users\okaka victoria\.m2\repository\org\springframework\spring-context\6.2.7\spring-context-6.2.7.jar;C:\Users\okaka victoria\.m2\repository\org\springframework\spring-beans\6.2.7\spring-beans-6.2.7.jar;C:\Users\okaka victoria\.m2\repository\org\springframework\spring-expression\6.2.7\spring-expression-6.2.7.jar;C:\Users\okaka victoria\.m2\repository\org\springframework\data\spring-data-commons\3.5.0\spring-data-commons-3.5.0.jar;C:\Users\okaka victoria\.m2\repository\org\slf4j\slf4j-api\2.0.2\slf4j-api-2.0.2.jar;C:\Users\okaka victoria\.m2\repository\org\springframework\spring-core\6.2.7\spring-core-6.2.7.jar;C:\Users\okaka victoria\.m2\repository\org\springframework\spring-jcl\6.2.7\spring-jcl-6.2.7.jar;C:\Users\okaka victoria\.m2\repository\org\springframework\boot\spring-boot-starter-web\3.5.0\spring-boot-starter-web-3.5.0.jar;C:\Users\okaka victoria\.m2\repository\org\springframework\boot\spring-boot-starter-json\3.5.0\spring-boot-starter-json-3.5.0.jar;C:\Users\okaka victoria\.m2\repository\com\fasterxml\jackson\core\jackson-databind\2.19.0\jackson-databind-2.19.0.jar;C:\Users\okaka victoria\.m2\repository\com\fasterxml\jackson\core\jackson-annotations\2.19.0\jackson-annotations-2.19.0.jar;C:\Users\okaka victoria\.m2\repository\com\fasterxml\jackson\core\jackson-core\2.19.0\jackson-core-2.19.0.jar;C:\Users\okaka victoria\.m2\repository\com\fasterxml\jackson\datatype\jackson-datatype-jdk8\2.19.0\jackson-datatype-jdk8-2.19.0.jar;C:\Users\okaka victoria\.m2\repository\com\fasterxml\jackson\datatype\jackson-datatype-jsr310\2.19.0\jackson-datatype-jsr310-2.19.0.jar;C:\Users\okaka victoria\.m2\repository\com\fasterxml\jackson\module\jackson-module-parameter-names\2.19.0\jackson-module-parameter-names-2.19.0.jar;C:\Users\okaka victoria\.m2\repository\org\springframework\boot\spring-boot-starter-tomcat\3.5.0\spring-boot-starter-tomcat-3.5.0.jar;C:\Users\okaka victoria\.m2\repository\org\apache\tomcat\embed\tomcat-embed-core\10.1.41\tomcat-embed-core-10.1.41.jar;C:\Users\okaka victoria\.m2\repository\org\apache\tomcat\embed\tomcat-embed-el\10.1.41\tomcat-embed-el-10.1.41.jar;C:\Users\okaka victoria\.m2\repository\org\apache\tomcat\embed\tomcat-embed-websocket\10.1.41\tomcat-embed-websocket-10.1.41.jar;C:\Users\okaka victoria\.m2\repository\org\springframework\spring-web\6.2.7\spring-web-6.2.7.jar;C:\Users\okaka victoria\.m2\repository\io\micrometer\micrometer-observation\1.14.7\micrometer-observation-1.14.7.jar;C:\Users\okaka victoria\.m2\repository\io\micrometer\micrometer-commons\1.14.7\micrometer-commons-1.14.7.jar;C:\Users\okaka victoria\.m2\repository\org\springframework\spring-webmvc\6.2.7\spring-webmvc-6.2.7.jar;C:\Users\okaka victoria\.m2\repository\org\springframework\spring-aop\6.2.7\spring-aop-6.2.7.jar
Launcher Type: SUN_STANDARD

[Global flags]
     intx CICompilerCount                          = 2                                         {product} {ergonomic}
     uint ConcGCThreads                            = 1                                         {product} {ergonomic}
     uint G1ConcRefinementThreads                  = 2                                         {product} {ergonomic}
   size_t G1HeapRegionSize                         = 1048576                                   {product} {ergonomic}
   size_t InitialHeapSize                          = 58720256                                  {product} {ergonomic}
     bool ManagementServer                         = true                                      {product} {command line}
   size_t MarkStackSize                            = 4194304                                   {product} {ergonomic}
   size_t MarkStackSizeMax                         = 536870912                                 {product} {ergonomic}
   size_t MaxHeapSize                              = 918552576                                 {product} {ergonomic}
   size_t MaxNewSize                               = 550502400                                 {product} {ergonomic}
   size_t MinHeapDeltaBytes                        = 1048576                                   {product} {ergonomic}
   size_t MinHeapSize                              = 8388608                                   {product} {ergonomic}
    uintx NonNMethodCodeHeapSize                   = 4096                                   {pd product} {ergonomic}
    uintx NonProfiledCodeHeapSize                  = 0                                      {pd product} {ergonomic}
     bool ProfileInterpreter                       = false                                  {pd product} {command line}
    uintx ProfiledCodeHeapSize                     = 0                                      {pd product} {ergonomic}
   size_t SoftMaxHeapSize                          = 918552576                              {manageable} {ergonomic}
     intx TieredStopAtLevel                        = 1                                         {product} {command line}
     bool UseCompressedOops                        = true                           {product lp64_product} {ergonomic}
     bool UseG1GC                                  = true                                      {product} {ergonomic}
     bool UseLargePagesIndividualAllocation        = false                                  {pd product} {ergonomic}

Logging:
Log output configuration:
 #0: stdout all=warning uptime,level,tags foldmultilines=false
 #1: stderr all=off uptime,level,tags foldmultilines=false

Environment Variables:
PATH=C:\Program Files\Common Files\Oracle\Java\javapath;C:\WINDOWS\system32;C:\WINDOWS;C:\WINDOWS\System32\Wbem;C:\WINDOWS\System32\WindowsPowerShell\v1.0\;C:\WINDOWS\System32\OpenSSH\;C:\Program Files\HP\HP One Agent;C:\Program Files\dotnet\;C:\Program Files\Git\cmd;C:\Program Files\nodejs\;C:\Program Files\MongoDB\Server\8.0\bin;C:\Program Files\MySQL\MySQL Shell 8.0\bin\;C:\Users\okaka victoria\AppData\Local\Programs\Python\Launcher\;C:\Users\okaka victoria\AppData\Local\Microsoft\WindowsApps;C:\Users\okaka victoria\AppData\Roaming\npm;C:\Users\okaka victoria\AppData\Local\Programs\mongosh\
USERNAME=okaka victoria
OS=Windows_NT
PROCESSOR_IDENTIFIER=AMD64 Family 23 Model 24 Stepping 1, AuthenticAMD
TMP=C:\Users\OKAKAV~1\AppData\Local\Temp
TEMP=C:\Users\OKAKAV~1\AppData\Local\Temp




Periodic native trim disabled

---------------  S Y S T E M  ---------------

OS:
 Windows 10 , 64 bit Build 19041 (10.0.19041.5678)
OS uptime: 3 days 22:17 hours

CPU: total 2 (initial active 2) (2 cores per cpu, 1 threads per core) family 23 model 24 stepping 1 microcode 0x0, cx8, cmov, fxsr, mmx, 3dnowpref, sse, sse2, sse3, ssse3, sse4a, sse4.1, sse4.2, popcnt, lzcnt, tsc, tscinvbit, avx, avx2, aes, clmul, bmi1, bmi2, adx, sha, fma, vzeroupper, clflush, clflushopt, rdtscp, f16c
Processor Information for the first 2 processors :
  Max Mhz: 2300, Current Mhz: 2300, Mhz Limit: 2300

Memory: 4k page, system-wide physical 3499M (70M free)
TotalPageFile size 14251M (AvailPageFile size 3M)
current process WorkingSet (physical memory assigned to process): 95M, peak: 95M
current process commit charge ("private bytes"): 150M, peak: 150M

vm_info: OpenJDK 64-Bit Server VM (24.0.1+9-30) for windows-amd64 JRE (24.0.1+9-30), built on 2025-03-05T07:23:45Z with MS VC++ 17.6 (VS2022)

END.
